------------------------------------------------------------------------------------------------------------------------

[2025-03-03 00:52:15 #1 store] 
Database 'Z:\02_Universidad\2º Curso\2º Cuatrimestre\Ingeniería del Software\Iteracion01\Iteracion-1-IS1\src\main\resources\rides.temp' has been recovered (tr. 8-8)

[2025-03-03 00:52:15 #2 store] 
Database 'Z:\02_Universidad\2º Curso\2º Cuatrimestre\Ingeniería del Software\Iteracion01\Iteracion-1-IS1\src\main\resources\rides.temp' is opened by 17556@CASA

[2025-03-03 00:52:15 #3 store] 
Configuration path: ?

[2025-03-03 00:53:20 #4 store] 
Database 'Z:\02_Universidad\2º Curso\2º Cuatrimestre\Ingeniería del Software\Iteracion01\Iteracion-1-IS1\src\main\resources\rides.temp' is closed by 17556@CASA

------------------------------------------------------------------------------------------------------------------------

[2025-03-03 00:53:40 #1 store] 
Database 'Z:\02_Universidad\2º Curso\2º Cuatrimestre\Ingeniería del Software\Iteracion01\Iteracion-1-IS1\src\main\resources\rides.temp' is opened by 4208@CASA

[2025-03-03 00:53:40 #2 store] 
Configuration path: ?

[2025-03-03 00:54:23 #3 store] 
Database 'Z:\02_Universidad\2º Curso\2º Cuatrimestre\Ingeniería del Software\Iteracion01\Iteracion-1-IS1\src\main\resources\rides.temp' is closed by 4208@CASA

------------------------------------------------------------------------------------------------------------------------

[2025-03-03 00:55:53 #1 store] 
Database 'Z:\02_Universidad\2º Curso\2º Cuatrimestre\Ingeniería del Software\Iteracion01\Iteracion-1-IS1\src\main\resources\rides.temp' has been recovered (tr. 10-10)

[2025-03-03 00:55:53 #2 store] 
Database 'Z:\02_Universidad\2º Curso\2º Cuatrimestre\Ingeniería del Software\Iteracion01\Iteracion-1-IS1\src\main\resources\rides.temp' is opened by 15356@CASA

[2025-03-03 00:55:53 #3 store] 
Configuration path: ?

[2025-03-03 00:57:21 #4 store] 
Database 'Z:\02_Universidad\2º Curso\2º Cuatrimestre\Ingeniería del Software\Iteracion01\Iteracion-1-IS1\src\main\resources\rides.temp' is closed by 15356@CASA

