------------------------------------------------------------------------------------------------------------------------

[2025-03-03 12:05:51 #1 store] 
Database 'Z:\02_Universidad\2º Curso\2º Cuatrimestre\Ingeniería del Software\Iteracion01\Iteracion-1-IS1\src\main\resources\rides.temp' has been recovered (tr. 14-19)

[2025-03-03 12:05:51 #2 store] 
Database 'Z:\02_Universidad\2º Curso\2º Cuatrimestre\Ingeniería del Software\Iteracion01\Iteracion-1-IS1\src\main\resources\rides.temp' is opened by 12884@CASA

[2025-03-03 12:05:51 #3 store] 
Configuration path: ?

[2025-03-03 12:06:54 #4 store] 
Database 'Z:\02_Universidad\2º Curso\2º Cuatrimestre\Ingeniería del Software\Iteracion01\Iteracion-1-IS1\src\main\resources\rides.temp' is closed by 12884@CASA

------------------------------------------------------------------------------------------------------------------------

[2025-03-03 18:26:26 #1 store] 
Database 'G:\EHU\Laboratorios\IS1 (2ndo)\Iteracion-1\src\main\resources\rides.temp' is opened by 3992@UnaiPC

[2025-03-03 18:26:26 #2 store] 
Configuration path: ?

[2025-03-03 18:30:55 #3 explorer] 
com.objectdb.o.UserException: Failed to create a new directory 'G:\EHU\Laboratorios\IS1 (2ndo)\Iteracion-1\src\main\resources'
	at com.objectdb.o.MSG.a(MSG.java:64)
	at com.objectdb.o.LFL.a(LFL.java:455)
	at com.objectdb.o.LFL.j(LFL.java:658)
	at com.objectdb.o.FLM.j(FLM.java:195)
	at com.objectdb.o.FTR.valueForPathChanged(FTR.java:649)
	at javax.swing.plaf.basic.BasicTreeUI.completeEditing(BasicTreeUI.java:2098)
	at javax.swing.plaf.basic.BasicTreeUI$Handler.editingStopped(BasicTreeUI.java:3710)
	at javax.swing.AbstractCellEditor.fireEditingStopped(AbstractCellEditor.java:141)
	at javax.swing.DefaultCellEditor$EditorDelegate.stopCellEditing(DefaultCellEditor.java:368)
	at javax.swing.DefaultCellEditor.stopCellEditing(DefaultCellEditor.java:233)
	at javax.swing.tree.DefaultTreeCellEditor.stopCellEditing(DefaultTreeCellEditor.java:305)
	at javax.swing.plaf.basic.BasicTreeUI.stopEditing(BasicTreeUI.java:597)
	at javax.swing.plaf.basic.BasicTreeUI$Handler.mousePressed(BasicTreeUI.java:3536)
	at java.awt.AWTEventMulticaster.mousePressed(AWTEventMulticaster.java:279)
	at java.awt.Component.processMouseEvent(Component.java:6536)
	at javax.swing.JComponent.processMouseEvent(JComponent.java:3324)
	at java.awt.Component.processEvent(Component.java:6304)
	at java.awt.Container.processEvent(Container.java:2239)
	at java.awt.Component.dispatchEventImpl(Component.java:4889)
	at java.awt.Container.dispatchEventImpl(Container.java:2297)
	at java.awt.Component.dispatchEvent(Component.java:4711)
	at java.awt.LightweightDispatcher.retargetMouseEvent(Container.java:4904)
	at java.awt.LightweightDispatcher.processMouseEvent(Container.java:4532)
	at java.awt.LightweightDispatcher.dispatchEvent(Container.java:4476)
	at java.awt.Container.dispatchEventImpl(Container.java:2283)
	at java.awt.Window.dispatchEventImpl(Window.java:2746)
	at java.awt.Component.dispatchEvent(Component.java:4711)
	at java.awt.EventQueue.dispatchEventImpl(EventQueue.java:760)
	at java.awt.EventQueue.access$500(EventQueue.java:97)
	at java.awt.EventQueue$3.run(EventQueue.java:709)
	at java.awt.EventQueue$3.run(EventQueue.java:703)
	at java.security.AccessController.doPrivileged(Native Method)
	at java.security.ProtectionDomain$JavaSecurityAccessImpl.doIntersectionPrivilege(ProtectionDomain.java:74)
	at java.security.ProtectionDomain$JavaSecurityAccessImpl.doIntersectionPrivilege(ProtectionDomain.java:84)
	at java.awt.EventQueue$4.run(EventQueue.java:733)
	at java.awt.EventQueue$4.run(EventQueue.java:731)
	at java.security.AccessController.doPrivileged(Native Method)
	at java.security.ProtectionDomain$JavaSecurityAccessImpl.doIntersectionPrivilege(ProtectionDomain.java:74)
	at java.awt.EventQueue.dispatchEvent(EventQueue.java:730)
	at java.awt.EventDispatchThread.pumpOneEventForFilters(EventDispatchThread.java:205)
	at java.awt.EventDispatchThread.pumpEventsForFilter(EventDispatchThread.java:116)
	at java.awt.EventDispatchThread.pumpEventsForFilter(EventDispatchThread.java:109)
	at java.awt.WaitDispatchSupport$2.run(WaitDispatchSupport.java:190)
	at java.awt.WaitDispatchSupport$4.run(WaitDispatchSupport.java:235)
	at java.awt.WaitDispatchSupport$4.run(WaitDispatchSupport.java:233)
	at java.security.AccessController.doPrivileged(Native Method)
	at java.awt.WaitDispatchSupport.enter(WaitDispatchSupport.java:233)
	at java.awt.Dialog.show(Dialog.java:1084)
	at java.awt.Component.show(Component.java:1671)
	at java.awt.Component.setVisible(Component.java:1623)
	at java.awt.Window.setVisible(Window.java:1014)
	at java.awt.Dialog.setVisible(Dialog.java:1005)
	at com.objectdb.o.RTR.f(RTR.java:196)
	at com.objectdb.o.RTR.Za(RTR.java:83)
	at com.objectdb.o.Command.actionPerformed(Command.java:471)
	at javax.swing.AbstractButton.fireActionPerformed(AbstractButton.java:2022)
	at javax.swing.AbstractButton$Handler.actionPerformed(AbstractButton.java:2348)
	at javax.swing.DefaultButtonModel.fireActionPerformed(DefaultButtonModel.java:402)
	at javax.swing.DefaultButtonModel.setPressed(DefaultButtonModel.java:259)
	at javax.swing.AbstractButton.doClick(AbstractButton.java:376)
	at javax.swing.AbstractButton.doClick(AbstractButton.java:356)
	at javax.swing.plaf.basic.BasicMenuItemUI$Actions.actionPerformed(BasicMenuItemUI.java:851)
	at javax.swing.SwingUtilities.notifyAction(SwingUtilities.java:1668)
	at javax.swing.JComponent.processKeyBinding(JComponent.java:2882)
	at javax.swing.JMenuBar.processBindingForKeyStrokeRecursive(JMenuBar.java:699)
	at javax.swing.JMenuBar.processBindingForKeyStrokeRecursive(JMenuBar.java:706)
	at javax.swing.JMenuBar.processBindingForKeyStrokeRecursive(JMenuBar.java:706)
	at javax.swing.JMenuBar.processKeyBinding(JMenuBar.java:677)
	at javax.swing.KeyboardManager.fireBinding(KeyboardManager.java:307)
	at javax.swing.KeyboardManager.fireKeyboardAction(KeyboardManager.java:293)
	at javax.swing.JComponent.processKeyBindingsForAllComponents(JComponent.java:2974)
	at javax.swing.SwingUtilities.processKeyBindings(SwingUtilities.java:1592)
	at javax.swing.UIManager$2.postProcessKeyEvent(UIManager.java:1483)
	at java.awt.DefaultKeyboardFocusManager.dispatchKeyEvent(DefaultKeyboardFocusManager.java:845)
	at java.awt.DefaultKeyboardFocusManager.preDispatchKeyEvent(DefaultKeyboardFocusManager.java:1102)
	at java.awt.DefaultKeyboardFocusManager.typeAheadAssertions(DefaultKeyboardFocusManager.java:973)
	at java.awt.DefaultKeyboardFocusManager.dispatchEvent(DefaultKeyboardFocusManager.java:799)
	at java.awt.Component.dispatchEventImpl(Component.java:4760)
	at java.awt.Container.dispatchEventImpl(Container.java:2297)
	at java.awt.Window.dispatchEventImpl(Window.java:2746)
	at java.awt.Component.dispatchEvent(Component.java:4711)
	at java.awt.EventQueue.dispatchEventImpl(EventQueue.java:760)
	at java.awt.EventQueue.access$500(EventQueue.java:97)
	at java.awt.EventQueue$3.run(EventQueue.java:709)
	at java.awt.EventQueue$3.run(EventQueue.java:703)
	at java.security.AccessController.doPrivileged(Native Method)
	at java.security.ProtectionDomain$JavaSecurityAccessImpl.doIntersectionPrivilege(ProtectionDomain.java:74)
	at java.security.ProtectionDomain$JavaSecurityAccessImpl.doIntersectionPrivilege(ProtectionDomain.java:84)
	at java.awt.EventQueue$4.run(EventQueue.java:733)
	at java.awt.EventQueue$4.run(EventQueue.java:731)
	at java.security.AccessController.doPrivileged(Native Method)
	at java.security.ProtectionDomain$JavaSecurityAccessImpl.doIntersectionPrivilege(ProtectionDomain.java:74)
	at java.awt.EventQueue.dispatchEvent(EventQueue.java:730)
	at java.awt.EventDispatchThread.pumpOneEventForFilters(EventDispatchThread.java:205)
	at java.awt.EventDispatchThread.pumpEventsForFilter(EventDispatchThread.java:116)
	at java.awt.EventDispatchThread.pumpEventsForHierarchy(EventDispatchThread.java:105)
	at java.awt.EventDispatchThread.pumpEvents(EventDispatchThread.java:101)
	at java.awt.EventDispatchThread.pumpEvents(EventDispatchThread.java:93)
	at java.awt.EventDispatchThread.run(EventDispatchThread.java:82)

[2025-03-03 18:31:21 #4 store] 
Database 'G:\EHU\Laboratorios\IS1 (2ndo)\Iteracion-1\src\main\resources\rides.temp' is closed by 3992@UnaiPC

------------------------------------------------------------------------------------------------------------------------

[2025-03-03 18:31:37 #1 store] 
Database 'G:\EHU\Laboratorios\IS1 (2ndo)\Iteracion-1\src\main\resources\rides.temp' is opened by 11620@UnaiPC

[2025-03-03 18:31:37 #2 store] 
Configuration path: ?

[2025-03-03 18:32:31 #3 store] 
Database 'G:\EHU\Laboratorios\IS1 (2ndo)\Iteracion-1\src\main\resources\rides.temp' is closed by 11620@UnaiPC

[2025-03-03 18:56:56 #4 store] 
Database 'G:\EHU\Laboratorios\IS1 (2ndo)\Iteracion-1\src\main\resources\rides.temp' is opened by 11620@UnaiPC

[2025-03-03 18:56:56 #5 store] 
Configuration path: ?

[2025-03-03 19:02:44 #6 store] 
Database 'G:\EHU\Laboratorios\IS1 (2ndo)\Iteracion-1\src\main\resources\rides.temp' is closed by 11620@UnaiPC

