------------------------------------------------------------------------------------------------------------------------

[2025-05-05 17:31:53 #1 store] 
Database 'Z:\02_Universidad\2º Curso\2º Cuatrimestre\Ingeniería del Software\Iteracion-1-IS1\src\main\resources\rides.temp' has been recovered (tr. 27-28)

[2025-05-05 17:31:53 #2 store] 
Database 'Z:\02_Universidad\2º Curso\2º Cuatrimestre\Ingeniería del Software\Iteracion-1-IS1\src\main\resources\rides.temp' is opened by 10816@CASA

[2025-05-05 17:31:53 #3 store] 
Configuration path: ?

[2025-05-05 17:32:34 #4 store] 
Database 'Z:\02_Universidad\2º Curso\2º Cuatrimestre\Ingeniería del Software\Iteracion-1-IS1\src\main\resources\rides.temp' is closed by 10816@CASA

------------------------------------------------------------------------------------------------------------------------

[2025-05-05 17:44:22 #1 store] 
Database 'Z:\02_Universidad\2º Curso\2º Cuatrimestre\Ingeniería del Software\Iteracion-1-IS1\src\main\resources\rides.temp' has been recovered (tr. 1-24)

[2025-05-05 17:44:22 #2 store] 
Database 'Z:\02_Universidad\2º Curso\2º Cuatrimestre\Ingeniería del Software\Iteracion-1-IS1\src\main\resources\rides.temp' is opened by 7904@CASA

[2025-05-05 17:44:22 #3 store] 
Configuration path: ?

[2025-05-05 17:44:37 #4 store] 
Database 'Z:\02_Universidad\2º Curso\2º Cuatrimestre\Ingeniería del Software\Iteracion-1-IS1\src\main\resources\rides.temp' is closed by 7904@CASA

------------------------------------------------------------------------------------------------------------------------

[2025-05-05 17:44:52 #1 store] 
Database 'Z:\02_Universidad\2º Curso\2º Cuatrimestre\Ingeniería del Software\Iteracion-1-IS1\src\main\resources\rides.temp' is opened by 22888@CASA

[2025-05-05 17:44:52 #2 store] 
Configuration path: ?

[2025-05-05 17:44:57 #3 store] 
Database 'Z:\02_Universidad\2º Curso\2º Cuatrimestre\Ingeniería del Software\Iteracion-1-IS1\src\main\resources\rides.temp' is closed by 22888@CASA

