------------------------------------------------------------------------------------------------------------------------

[2025-03-02 15:12:03 #1 store] 
Database 'Z:\02_Universidad\2º Curso\2º Cuatrimestre\Ingeniería del Software\Iteracion01\Iteracion-1-IS1\src\main\resources\rides.temp' is opened by 16120@CASA

[2025-03-02 15:12:04 #2 type.registry] 
New type domain.Driver

[2025-03-02 15:12:04 #3 type] 
Type domain.Driver is not enhanced.

[2025-03-02 15:12:04 #4 type.registry] 
New type domain.Ride

[2025-03-02 15:12:04 #5 type] 
Type domain.Ride is not enhanced.

[2025-03-02 15:12:04 #6 type.registry] 
New type java.util.Vector<java.lang.Object>

[2025-03-02 15:12:04 #7 type.registry] 
New type java.util.Vector<domain.Ride>

------------------------------------------------------------------------------------------------------------------------

[2025-03-02 19:30:51 #1 store] 
Database 'Z:\02_Universidad\2º Curso\2º Cuatrimestre\Ingeniería del Software\Iteracion01\Iteracion-1-IS1\src\main\resources\rides.temp' is opened by 25360@CASA

[2025-03-02 19:30:51 #2 type.registry] 
New type domain.Rider

[2025-03-02 19:30:51 #3 type.registry] 
New type domain.Driver

[2025-03-02 19:30:51 #4 type] 
Type domain.Rider is not enhanced.

[2025-03-02 19:30:51 #5 type.registry] 
New type domain.ReservationRequest

[2025-03-02 19:30:51 #6 type] 
Type domain.Driver is not enhanced.

[2025-03-02 19:30:51 #7 type.registry] 
New type domain.Ride

[2025-03-02 19:30:51 #8 type] 
Type domain.ReservationRequest is not enhanced.

[2025-03-02 19:30:51 #9 type] 
Type domain.Ride is not enhanced.

[2025-03-02 19:30:51 #10 type.registry] 
New type java.util.Vector<java.lang.Object>

[2025-03-02 19:30:51 #11 type.registry] 
New type java.util.Vector<domain.Ride>

------------------------------------------------------------------------------------------------------------------------

[2025-03-02 19:59:56 #1 store] 
Database 'Z:\02_Universidad\2º Curso\2º Cuatrimestre\Ingeniería del Software\Iteracion01\Iteracion-1-IS1\src\main\resources\rides.temp' is opened by 29448@CASA

[2025-03-02 19:59:56 #2 type.registry] 
New type domain.Rider

[2025-03-02 19:59:56 #3 type.registry] 
New type domain.Driver

[2025-03-02 19:59:56 #4 type] 
Type domain.Rider is not enhanced.

[2025-03-02 19:59:56 #5 type.registry] 
New type domain.ReservationRequest

[2025-03-02 19:59:56 #6 type] 
Type domain.Driver is not enhanced.

[2025-03-02 19:59:56 #7 type.registry] 
New type domain.Ride

[2025-03-02 19:59:56 #8 type] 
Type domain.ReservationRequest is not enhanced.

[2025-03-02 19:59:56 #9 type] 
Type domain.Ride is not enhanced.

[2025-03-02 19:59:56 #10 type.registry] 
New type java.util.Vector<java.lang.Object>

[2025-03-02 19:59:56 #11 type.registry] 
New type java.util.Vector<domain.Ride>

------------------------------------------------------------------------------------------------------------------------

[2025-03-02 20:05:29 #1 store] 
Database 'Z:\02_Universidad\2º Curso\2º Cuatrimestre\Ingeniería del Software\Iteracion01\Iteracion-1-IS1\src\main\resources\rides.temp' is opened by 22684@CASA

[2025-03-02 20:05:29 #2 type.registry] 
New type domain.Rider

[2025-03-02 20:05:29 #3 type.registry] 
New type domain.Driver

[2025-03-02 20:05:29 #4 type] 
Type domain.Rider is not enhanced.

[2025-03-02 20:05:29 #5 type.registry] 
New type domain.ReservationRequest

[2025-03-02 20:05:29 #6 type] 
Type domain.Driver is not enhanced.

[2025-03-02 20:05:29 #7 type.registry] 
New type domain.Ride

[2025-03-02 20:05:29 #8 type] 
Type domain.ReservationRequest is not enhanced.

[2025-03-02 20:05:29 #9 type] 
Type domain.Ride is not enhanced.

[2025-03-02 20:05:29 #10 type.registry] 
New type java.util.Vector<java.lang.Object>

[2025-03-02 20:05:29 #11 type.registry] 
New type java.util.Vector<domain.Ride>

------------------------------------------------------------------------------------------------------------------------

[2025-03-02 20:09:00 #1 store] 
Database 'Z:\02_Universidad\2º Curso\2º Cuatrimestre\Ingeniería del Software\Iteracion01\Iteracion-1-IS1\src\main\resources\rides.temp' is opened by 13604@CASA

[2025-03-02 20:09:00 #2 type.registry] 
New type domain.Rider

[2025-03-02 20:09:00 #3 type.registry] 
New type domain.Driver

[2025-03-02 20:09:00 #4 type] 
Type domain.Rider is not enhanced.

[2025-03-02 20:09:00 #5 type.registry] 
New type domain.ReservationRequest

[2025-03-02 20:09:00 #6 type] 
Type domain.Driver is not enhanced.

[2025-03-02 20:09:00 #7 type.registry] 
New type domain.Ride

[2025-03-02 20:09:00 #8 type] 
Type domain.ReservationRequest is not enhanced.

[2025-03-02 20:09:00 #9 type] 
Type domain.Ride is not enhanced.

[2025-03-02 20:09:00 #10 type.registry] 
New type java.util.Vector<java.lang.Object>

[2025-03-02 20:09:00 #11 type.registry] 
New type java.util.Vector<domain.Ride>

------------------------------------------------------------------------------------------------------------------------

[2025-03-02 20:11:32 #1 store] 
Database 'Z:\02_Universidad\2º Curso\2º Cuatrimestre\Ingeniería del Software\Iteracion01\Iteracion-1-IS1\src\main\resources\rides.temp' is opened by 7920@CASA

[2025-03-02 20:11:32 #2 type.registry] 
New type domain.Rider

[2025-03-02 20:11:32 #3 type.registry] 
New type domain.Driver

[2025-03-02 20:11:32 #4 type] 
Type domain.Rider is not enhanced.

[2025-03-02 20:11:32 #5 type.registry] 
New type domain.ReservationRequest

[2025-03-02 20:11:32 #6 type] 
Type domain.Driver is not enhanced.

[2025-03-02 20:11:32 #7 type.registry] 
New type domain.Ride

[2025-03-02 20:11:32 #8 type] 
Type domain.ReservationRequest is not enhanced.

[2025-03-02 20:11:32 #9 type] 
Type domain.Ride is not enhanced.

[2025-03-02 20:11:32 #10 type.registry] 
New type java.util.Vector<java.lang.Object>

[2025-03-02 20:11:32 #11 type.registry] 
New type java.util.Vector<domain.Ride>

------------------------------------------------------------------------------------------------------------------------

[2025-03-02 20:12:44 #1 store] 
Database 'Z:\02_Universidad\2º Curso\2º Cuatrimestre\Ingeniería del Software\Iteracion01\Iteracion-1-IS1\src\main\resources\rides.temp' is opened by 27256@CASA

[2025-03-02 20:12:44 #2 type.registry] 
New type domain.Rider

[2025-03-02 20:12:44 #3 type.registry] 
New type domain.Driver

[2025-03-02 20:12:44 #4 type] 
Type domain.Rider is not enhanced.

[2025-03-02 20:12:44 #5 type.registry] 
New type domain.ReservationRequest

[2025-03-02 20:12:44 #6 type] 
Type domain.Driver is not enhanced.

[2025-03-02 20:12:44 #7 type.registry] 
New type domain.Ride

[2025-03-02 20:12:44 #8 type] 
Type domain.ReservationRequest is not enhanced.

[2025-03-02 20:12:44 #9 type] 
Type domain.Ride is not enhanced.

[2025-03-02 20:12:44 #10 type.registry] 
New type java.util.Vector<java.lang.Object>

[2025-03-02 20:12:44 #11 type.registry] 
New type java.util.Vector<domain.Ride>

------------------------------------------------------------------------------------------------------------------------

[2025-03-02 20:15:36 #1 store] 
Database 'Z:\02_Universidad\2º Curso\2º Cuatrimestre\Ingeniería del Software\Iteracion01\Iteracion-1-IS1\src\main\resources\rides.temp' is opened by 4848@CASA

[2025-03-02 20:15:36 #2 type.registry] 
New type domain.Rider

[2025-03-02 20:15:36 #3 type.registry] 
New type domain.Driver

[2025-03-02 20:15:36 #4 type] 
Type domain.Rider is not enhanced.

[2025-03-02 20:15:36 #5 type.registry] 
New type domain.ReservationRequest

[2025-03-02 20:15:36 #6 type] 
Type domain.Driver is not enhanced.

[2025-03-02 20:15:36 #7 type.registry] 
New type domain.Ride

[2025-03-02 20:15:36 #8 type] 
Type domain.ReservationRequest is not enhanced.

[2025-03-02 20:15:36 #9 type] 
Type domain.Ride is not enhanced.

[2025-03-02 20:15:36 #10 type.registry] 
New type java.util.Vector<java.lang.Object>

[2025-03-02 20:15:36 #11 type.registry] 
New type java.util.Vector<domain.Ride>

------------------------------------------------------------------------------------------------------------------------

[2025-03-02 20:18:54 #1 store] 
Database 'Z:\02_Universidad\2º Curso\2º Cuatrimestre\Ingeniería del Software\Iteracion01\Iteracion-1-IS1\src\main\resources\rides.temp' is opened by 27540@CASA

[2025-03-02 20:18:54 #2 type.registry] 
New type domain.Rider

[2025-03-02 20:18:54 #3 type.registry] 
New type domain.Driver

[2025-03-02 20:18:54 #4 type] 
Type domain.Rider is not enhanced.

[2025-03-02 20:18:54 #5 type.registry] 
New type domain.ReservationRequest

[2025-03-02 20:18:54 #6 type] 
Type domain.Driver is not enhanced.

[2025-03-02 20:18:54 #7 type.registry] 
New type domain.Ride

[2025-03-02 20:18:54 #8 type] 
Type domain.ReservationRequest is not enhanced.

[2025-03-02 20:18:54 #9 type] 
Type domain.Ride is not enhanced.

[2025-03-02 20:18:54 #10 type.registry] 
New type java.util.Vector<java.lang.Object>

[2025-03-02 20:18:54 #11 type.registry] 
New type java.util.Vector<domain.Ride>

------------------------------------------------------------------------------------------------------------------------

[2025-03-02 20:20:02 #1 store] 
Database 'Z:\02_Universidad\2º Curso\2º Cuatrimestre\Ingeniería del Software\Iteracion01\Iteracion-1-IS1\src\main\resources\rides.temp' is opened by 12192@CASA

[2025-03-02 20:20:02 #2 type.registry] 
New type domain.Rider

[2025-03-02 20:20:02 #3 type.registry] 
New type domain.Driver

[2025-03-02 20:20:02 #4 type] 
Type domain.Rider is not enhanced.

[2025-03-02 20:20:02 #5 type.registry] 
New type domain.ReservationRequest

[2025-03-02 20:20:02 #6 type] 
Type domain.Driver is not enhanced.

[2025-03-02 20:20:02 #7 type.registry] 
New type domain.Ride

[2025-03-02 20:20:02 #8 type] 
Type domain.ReservationRequest is not enhanced.

[2025-03-02 20:20:02 #9 type] 
Type domain.Ride is not enhanced.

[2025-03-02 20:20:02 #10 type.registry] 
New type java.util.Vector<java.lang.Object>

[2025-03-02 20:20:02 #11 type.registry] 
New type java.util.Vector<domain.Ride>

------------------------------------------------------------------------------------------------------------------------

[2025-03-02 20:21:43 #1 store] 
Database 'Z:\02_Universidad\2º Curso\2º Cuatrimestre\Ingeniería del Software\Iteracion01\Iteracion-1-IS1\src\main\resources\rides.temp' is opened by 29824@CASA

[2025-03-02 20:21:43 #2 type.registry] 
New type domain.Rider

[2025-03-02 20:21:43 #3 type.registry] 
New type domain.Driver

[2025-03-02 20:21:43 #4 type] 
Type domain.Rider is not enhanced.

[2025-03-02 20:21:43 #5 type.registry] 
New type domain.ReservationRequest

[2025-03-02 20:21:43 #6 type] 
Type domain.Driver is not enhanced.

[2025-03-02 20:21:43 #7 type.registry] 
New type domain.Ride

[2025-03-02 20:21:43 #8 type] 
Type domain.ReservationRequest is not enhanced.

[2025-03-02 20:21:43 #9 type] 
Type domain.Ride is not enhanced.

[2025-03-02 20:21:43 #10 type.registry] 
New type java.util.Vector<java.lang.Object>

[2025-03-02 20:21:43 #11 type.registry] 
New type java.util.Vector<domain.Ride>

------------------------------------------------------------------------------------------------------------------------

[2025-03-02 20:25:39 #1 store] 
Database 'Z:\02_Universidad\2º Curso\2º Cuatrimestre\Ingeniería del Software\Iteracion01\Iteracion-1-IS1\src\main\resources\rides.temp' is opened by 196@CASA

[2025-03-02 20:25:39 #2 type.registry] 
New type domain.Rider

[2025-03-02 20:25:39 #3 type.registry] 
New type domain.Driver

[2025-03-02 20:25:39 #4 type] 
Type domain.Rider is not enhanced.

[2025-03-02 20:25:39 #5 type.registry] 
New type domain.ReservationRequest

[2025-03-02 20:25:39 #6 type] 
Type domain.Driver is not enhanced.

[2025-03-02 20:25:39 #7 type.registry] 
New type domain.Ride

[2025-03-02 20:25:39 #8 type] 
Type domain.ReservationRequest is not enhanced.

[2025-03-02 20:25:39 #9 type] 
Type domain.Ride is not enhanced.

[2025-03-02 20:25:39 #10 type.registry] 
New type java.util.Vector<java.lang.Object>

[2025-03-02 20:25:39 #11 type.registry] 
New type java.util.Vector<domain.Ride>

------------------------------------------------------------------------------------------------------------------------

[2025-03-02 20:28:22 #1 store] 
Database 'Z:\02_Universidad\2º Curso\2º Cuatrimestre\Ingeniería del Software\Iteracion01\Iteracion-1-IS1\src\main\resources\rides.temp' is opened by 13972@CASA

[2025-03-02 20:28:22 #2 type.registry] 
New type domain.Rider

[2025-03-02 20:28:22 #3 type.registry] 
New type domain.Driver

[2025-03-02 20:28:22 #4 type] 
Type domain.Rider is not enhanced.

[2025-03-02 20:28:22 #5 type.registry] 
New type domain.ReservationRequest

[2025-03-02 20:28:22 #6 type] 
Type domain.Driver is not enhanced.

[2025-03-02 20:28:22 #7 type.registry] 
New type domain.Ride

[2025-03-02 20:28:22 #8 type] 
Type domain.ReservationRequest is not enhanced.

[2025-03-02 20:28:22 #9 type] 
Type domain.Ride is not enhanced.

[2025-03-02 20:28:22 #10 type.registry] 
New type java.util.Vector<java.lang.Object>

[2025-03-02 20:28:22 #11 type.registry] 
New type java.util.Vector<domain.Ride>

------------------------------------------------------------------------------------------------------------------------

[2025-03-02 20:29:16 #1 store] 
Database 'Z:\02_Universidad\2º Curso\2º Cuatrimestre\Ingeniería del Software\Iteracion01\Iteracion-1-IS1\src\main\resources\rides.temp' is opened by 26708@CASA

[2025-03-02 20:29:16 #2 type.registry] 
New type domain.Rider

[2025-03-02 20:29:16 #3 type.registry] 
New type domain.Driver

[2025-03-02 20:29:16 #4 type] 
Type domain.Rider is not enhanced.

[2025-03-02 20:29:16 #5 type.registry] 
New type domain.ReservationRequest

[2025-03-02 20:29:16 #6 type] 
Type domain.Driver is not enhanced.

[2025-03-02 20:29:16 #7 type.registry] 
New type domain.Ride

[2025-03-02 20:29:16 #8 type] 
Type domain.ReservationRequest is not enhanced.

[2025-03-02 20:29:16 #9 type] 
Type domain.Ride is not enhanced.

[2025-03-02 20:29:16 #10 type.registry] 
New type java.util.Vector<java.lang.Object>

[2025-03-02 20:29:16 #11 type.registry] 
New type java.util.Vector<domain.Ride>

------------------------------------------------------------------------------------------------------------------------

[2025-03-02 20:31:30 #1 store] 
Database 'Z:\02_Universidad\2º Curso\2º Cuatrimestre\Ingeniería del Software\Iteracion01\Iteracion-1-IS1\src\main\resources\rides.temp' is opened by 4160@CASA

[2025-03-02 20:31:30 #2 type.registry] 
New type domain.Rider

[2025-03-02 20:31:30 #3 type.registry] 
New type domain.Driver

[2025-03-02 20:31:30 #4 type] 
Type domain.Rider is not enhanced.

[2025-03-02 20:31:30 #5 type.registry] 
New type domain.ReservationRequest

[2025-03-02 20:31:30 #6 type] 
Type domain.Driver is not enhanced.

[2025-03-02 20:31:30 #7 type.registry] 
New type domain.Ride

[2025-03-02 20:31:30 #8 type] 
Type domain.ReservationRequest is not enhanced.

[2025-03-02 20:31:30 #9 type] 
Type domain.Ride is not enhanced.

[2025-03-02 20:31:30 #10 type.registry] 
New type java.util.Vector<java.lang.Object>

[2025-03-02 20:31:30 #11 type.registry] 
New type java.util.Vector<domain.Ride>

------------------------------------------------------------------------------------------------------------------------

[2025-03-02 20:37:00 #1 store] 
Database 'Z:\02_Universidad\2º Curso\2º Cuatrimestre\Ingeniería del Software\Iteracion01\Iteracion-1-IS1\src\main\resources\rides.temp' is opened by 21420@CASA

[2025-03-02 20:37:00 #2 type.registry] 
New type domain.Rider

[2025-03-02 20:37:00 #3 type.registry] 
New type domain.Driver

[2025-03-02 20:37:00 #4 type] 
Type domain.Rider is not enhanced.

[2025-03-02 20:37:00 #5 type.registry] 
New type domain.ReservationRequest

[2025-03-02 20:37:00 #6 type] 
Type domain.Driver is not enhanced.

[2025-03-02 20:37:00 #7 type.registry] 
New type domain.Ride

[2025-03-02 20:37:00 #8 type] 
Type domain.ReservationRequest is not enhanced.

[2025-03-02 20:37:00 #9 type] 
Type domain.Ride is not enhanced.

[2025-03-02 20:37:00 #10 type.registry] 
New type java.util.Vector<java.lang.Object>

[2025-03-02 20:37:00 #11 type.registry] 
New type java.util.Vector<domain.Ride>

------------------------------------------------------------------------------------------------------------------------

[2025-03-02 20:39:25 #1 store] 
Database 'Z:\02_Universidad\2º Curso\2º Cuatrimestre\Ingeniería del Software\Iteracion01\Iteracion-1-IS1\src\main\resources\rides.temp' is opened by 28412@CASA

[2025-03-02 20:39:25 #2 type.registry] 
New type domain.Rider

[2025-03-02 20:39:25 #3 type.registry] 
New type domain.Driver

[2025-03-02 20:39:25 #4 type] 
Type domain.Rider is not enhanced.

[2025-03-02 20:39:25 #5 type.registry] 
New type domain.ReservationRequest

[2025-03-02 20:39:25 #6 type] 
Type domain.Driver is not enhanced.

[2025-03-02 20:39:25 #7 type.registry] 
New type domain.Ride

[2025-03-02 20:39:25 #8 type] 
Type domain.ReservationRequest is not enhanced.

[2025-03-02 20:39:25 #9 type] 
Type domain.Ride is not enhanced.

[2025-03-02 20:39:25 #10 type.registry] 
New type java.util.Vector<java.lang.Object>

[2025-03-02 20:39:25 #11 type.registry] 
New type java.util.Vector<domain.Ride>

