------------------------------------------------------------------------------------------------------------------------

[2025-03-24 18:42:40 #1 store] 
Database 'Z:\02_Universidad\2º Curso\2º Cuatrimestre\Ingeniería del Software\Iteracion-1-IS1\src\main\resources\rides.temp' has been recovered (tr. 1-11)

[2025-03-24 18:42:40 #2 store] 
Database 'Z:\02_Universidad\2º Curso\2º Cuatrimestre\Ingeniería del Software\Iteracion-1-IS1\src\main\resources\rides.temp' is opened by 3776@CASA

[2025-03-24 18:42:40 #3 type] 
Type domain.Rider is not enhanced.

[2025-03-24 18:42:40 #4 type] 
Type domain.Driver is not enhanced.

[2025-03-24 18:42:40 #5 type] 
Type domain.ReservationRequest is not enhanced.

[2025-03-24 18:42:40 #6 type] 
Type domain.Ride is not enhanced.

------------------------------------------------------------------------------------------------------------------------

[2025-03-24 18:54:07 #1 store] 
Database 'Z:\02_Universidad\2º Curso\2º Cuatrimestre\Ingeniería del Software\Iteracion-1-IS1\src\main\resources\rides.temp' is opened by 15204@CASA

[2025-03-24 18:54:07 #2 type] 
Type domain.Rider is not enhanced.

[2025-03-24 18:54:07 #3 type] 
Type domain.Driver is not enhanced.

[2025-03-24 18:54:07 #4 type] 
Type domain.ReservationRequest is not enhanced.

[2025-03-24 18:54:07 #5 type] 
Type domain.Ride is not enhanced.

------------------------------------------------------------------------------------------------------------------------

[2025-03-24 18:55:01 #1 store] 
Database 'Z:\02_Universidad\2º Curso\2º Cuatrimestre\Ingeniería del Software\Iteracion-1-IS1\src\main\resources\rides.temp' is opened by 21380@CASA

[2025-03-24 18:55:01 #2 type] 
Type domain.Rider is not enhanced.

[2025-03-24 18:55:01 #3 type] 
Type domain.Driver is not enhanced.

[2025-03-24 18:55:01 #4 type] 
Type domain.ReservationRequest is not enhanced.

[2025-03-24 18:55:01 #5 type] 
Type domain.Ride is not enhanced.

------------------------------------------------------------------------------------------------------------------------

[2025-03-24 19:23:28 #1 store] 
Database 'Z:\02_Universidad\2º Curso\2º Cuatrimestre\Ingeniería del Software\Iteracion-1-IS1\src\main\resources\rides.temp' is opened by 6096@CASA

[2025-03-24 19:23:28 #2 type] 
Type domain.Rider is not enhanced.

[2025-03-24 19:23:28 #3 type] 
Type domain.Driver is not enhanced.

[2025-03-24 19:23:28 #4 type] 
Type domain.ReservationRequest is not enhanced.

[2025-03-24 19:23:28 #5 type] 
Type domain.Ride is not enhanced.

------------------------------------------------------------------------------------------------------------------------

[2025-03-24 19:23:58 #1 store] 
Database 'Z:\02_Universidad\2º Curso\2º Cuatrimestre\Ingeniería del Software\Iteracion-1-IS1\src\main\resources\rides.temp' is opened by 4304@CASA

[2025-03-24 19:23:58 #2 type.registry] 
New type domain.Rider

[2025-03-24 19:23:58 #3 type.registry] 
New type domain.Driver

[2025-03-24 19:23:58 #4 type] 
Type domain.Rider is not enhanced.

[2025-03-24 19:23:58 #5 type.registry] 
New type domain.ReservationRequest

[2025-03-24 19:23:58 #6 type] 
Type domain.Driver is not enhanced.

[2025-03-24 19:23:58 #7 type.registry] 
New type domain.Ride

[2025-03-24 19:23:58 #8 type] 
Type domain.ReservationRequest is not enhanced.

[2025-03-24 19:23:58 #9 type] 
Type domain.Ride is not enhanced.

[2025-03-24 19:23:58 #10 type.registry] 
New type java.util.ArrayList<java.lang.Object>

[2025-03-24 19:23:58 #11 type.registry] 
New type java.util.ArrayList<domain.ReservationRequest>

[2025-03-24 19:23:58 #12 type.registry] 
New type java.util.ArrayList<domain.Ride>

------------------------------------------------------------------------------------------------------------------------

[2025-03-24 19:26:46 #1 store] 
Database 'Z:\02_Universidad\2º Curso\2º Cuatrimestre\Ingeniería del Software\Iteracion-1-IS1\src\main\resources\rides.temp' is opened by 4640@CASA

[2025-03-24 19:26:46 #2 type.registry] 
New type domain.Rider

[2025-03-24 19:26:46 #3 type.registry] 
New type domain.Driver

[2025-03-24 19:26:46 #4 type] 
Type domain.Rider is not enhanced.

[2025-03-24 19:26:46 #5 type.registry] 
New type domain.ReservationRequest

[2025-03-24 19:26:46 #6 type] 
Type domain.Driver is not enhanced.

[2025-03-24 19:26:46 #7 type.registry] 
New type domain.Ride

[2025-03-24 19:26:46 #8 type] 
Type domain.ReservationRequest is not enhanced.

[2025-03-24 19:26:46 #9 type] 
Type domain.Ride is not enhanced.

[2025-03-24 19:26:46 #10 type.registry] 
New type java.util.ArrayList<java.lang.Object>

[2025-03-24 19:26:46 #11 type.registry] 
New type java.util.ArrayList<domain.ReservationRequest>

[2025-03-24 19:26:46 #12 type.registry] 
New type java.util.ArrayList<domain.Ride>

------------------------------------------------------------------------------------------------------------------------

[2025-03-24 19:28:35 #1 store] 
Database 'Z:\02_Universidad\2º Curso\2º Cuatrimestre\Ingeniería del Software\Iteracion-1-IS1\src\main\resources\rides.temp' is opened by 9068@CASA

[2025-03-24 19:28:35 #2 type.registry] 
New type domain.Rider

[2025-03-24 19:28:35 #3 type.registry] 
New type domain.Driver

[2025-03-24 19:28:35 #4 type] 
Type domain.Rider is not enhanced.

[2025-03-24 19:28:35 #5 type.registry] 
New type domain.ReservationRequest

[2025-03-24 19:28:35 #6 type] 
Type domain.Driver is not enhanced.

[2025-03-24 19:28:35 #7 type.registry] 
New type domain.Ride

[2025-03-24 19:28:35 #8 type] 
Type domain.ReservationRequest is not enhanced.

[2025-03-24 19:28:35 #9 type] 
Type domain.Ride is not enhanced.

[2025-03-24 19:28:35 #10 type.registry] 
New type java.util.ArrayList<java.lang.Object>

[2025-03-24 19:28:35 #11 type.registry] 
New type java.util.ArrayList<domain.ReservationRequest>

[2025-03-24 19:28:35 #12 type.registry] 
New type java.util.ArrayList<domain.Ride>

------------------------------------------------------------------------------------------------------------------------

[2025-03-24 19:35:48 #1 store] 
Database 'Z:\02_Universidad\2º Curso\2º Cuatrimestre\Ingeniería del Software\Iteracion-1-IS1\src\main\resources\rides.temp' is opened by 7144@CASA

[2025-03-24 19:35:48 #2 type.registry] 
New type domain.Rider

[2025-03-24 19:35:48 #3 type.registry] 
New type domain.Driver

[2025-03-24 19:35:48 #4 type] 
Type domain.Rider is not enhanced.

[2025-03-24 19:35:48 #5 type.registry] 
New type domain.ReservationRequest

[2025-03-24 19:35:48 #6 type] 
Type domain.Driver is not enhanced.

[2025-03-24 19:35:48 #7 type.registry] 
New type domain.Ride

[2025-03-24 19:35:48 #8 type] 
Type domain.ReservationRequest is not enhanced.

[2025-03-24 19:35:48 #9 type] 
Type domain.Ride is not enhanced.

[2025-03-24 19:35:48 #10 type.registry] 
New type java.util.ArrayList<java.lang.Object>

[2025-03-24 19:35:48 #11 type.registry] 
New type java.util.ArrayList<domain.ReservationRequest>

[2025-03-24 19:35:48 #12 type.registry] 
New type java.util.ArrayList<domain.Ride>

------------------------------------------------------------------------------------------------------------------------

[2025-03-24 19:37:21 #1 store] 
Database 'Z:\02_Universidad\2º Curso\2º Cuatrimestre\Ingeniería del Software\Iteracion-1-IS1\src\main\resources\rides.temp' is opened by 10712@CASA

[2025-03-24 19:37:21 #2 type.registry] 
New type domain.Rider

[2025-03-24 19:37:21 #3 type.registry] 
New type domain.Driver

[2025-03-24 19:37:21 #4 type] 
Type domain.Rider is not enhanced.

[2025-03-24 19:37:21 #5 type.registry] 
New type domain.ReservationRequest

[2025-03-24 19:37:21 #6 type] 
Type domain.Driver is not enhanced.

[2025-03-24 19:37:21 #7 type.registry] 
New type domain.Ride

[2025-03-24 19:37:21 #8 type] 
Type domain.ReservationRequest is not enhanced.

[2025-03-24 19:37:21 #9 type] 
Type domain.Ride is not enhanced.

[2025-03-24 19:37:21 #10 type.registry] 
New type java.util.ArrayList<java.lang.Object>

[2025-03-24 19:37:21 #11 type.registry] 
New type java.util.ArrayList<domain.ReservationRequest>

[2025-03-24 19:37:21 #12 type.registry] 
New type java.util.ArrayList<domain.Ride>

------------------------------------------------------------------------------------------------------------------------

[2025-03-24 19:37:26 #1 store] 
Database 'Z:\02_Universidad\2º Curso\2º Cuatrimestre\Ingeniería del Software\Iteracion-1-IS1\src\main\resources\rides.temp' is opened by 22680@CASA

[2025-03-24 19:37:26 #2 type.registry] 
New type domain.Rider

[2025-03-24 19:37:26 #3 type.registry] 
New type domain.Driver

[2025-03-24 19:37:26 #4 type] 
Type domain.Rider is not enhanced.

[2025-03-24 19:37:26 #5 type.registry] 
New type domain.ReservationRequest

[2025-03-24 19:37:26 #6 type] 
Type domain.Driver is not enhanced.

[2025-03-24 19:37:26 #7 type.registry] 
New type domain.Ride

[2025-03-24 19:37:26 #8 type] 
Type domain.ReservationRequest is not enhanced.

[2025-03-24 19:37:26 #9 type] 
Type domain.Ride is not enhanced.

[2025-03-24 19:37:26 #10 type.registry] 
New type java.util.ArrayList<java.lang.Object>

[2025-03-24 19:37:26 #11 type.registry] 
New type java.util.ArrayList<domain.ReservationRequest>

[2025-03-24 19:37:26 #12 type.registry] 
New type java.util.ArrayList<domain.Ride>

------------------------------------------------------------------------------------------------------------------------

[2025-03-24 19:44:42 #1 store] 
Database 'Z:\02_Universidad\2º Curso\2º Cuatrimestre\Ingeniería del Software\Iteracion-1-IS1\src\main\resources\rides.temp' is opened by 17980@CASA

[2025-03-24 19:44:42 #2 type.registry] 
New type domain.Rider

[2025-03-24 19:44:42 #3 type.registry] 
New type domain.Driver

[2025-03-24 19:44:42 #4 type] 
Type domain.Rider is not enhanced.

[2025-03-24 19:44:42 #5 type.registry] 
New type domain.ReservationRequest

[2025-03-24 19:44:42 #6 type] 
Type domain.Driver is not enhanced.

[2025-03-24 19:44:42 #7 type.registry] 
New type domain.Ride

[2025-03-24 19:44:42 #8 type] 
Type domain.ReservationRequest is not enhanced.

[2025-03-24 19:44:42 #9 type] 
Type domain.Ride is not enhanced.

[2025-03-24 19:44:42 #10 type.registry] 
New type java.util.ArrayList<java.lang.Object>

[2025-03-24 19:44:42 #11 type.registry] 
New type java.util.ArrayList<domain.ReservationRequest>

[2025-03-24 19:44:42 #12 type.registry] 
New type java.util.ArrayList<domain.Ride>

------------------------------------------------------------------------------------------------------------------------

[2025-03-24 19:47:28 #1 store] 
Database 'Z:\02_Universidad\2º Curso\2º Cuatrimestre\Ingeniería del Software\Iteracion-1-IS1\src\main\resources\rides.temp' is opened by 10788@CASA

[2025-03-24 19:47:28 #2 type.registry] 
New type domain.Rider

[2025-03-24 19:47:28 #3 type.registry] 
New type domain.Driver

[2025-03-24 19:47:28 #4 type] 
Type domain.Rider is not enhanced.

[2025-03-24 19:47:28 #5 type.registry] 
New type domain.ReservationRequest

[2025-03-24 19:47:28 #6 type] 
Type domain.Driver is not enhanced.

[2025-03-24 19:47:28 #7 type.registry] 
New type domain.Ride

[2025-03-24 19:47:28 #8 type] 
Type domain.ReservationRequest is not enhanced.

[2025-03-24 19:47:28 #9 type] 
Type domain.Ride is not enhanced.

[2025-03-24 19:47:28 #10 type.registry] 
New type java.util.ArrayList<java.lang.Object>

[2025-03-24 19:47:28 #11 type.registry] 
New type java.util.ArrayList<domain.ReservationRequest>

[2025-03-24 19:47:28 #12 type.registry] 
New type java.util.ArrayList<domain.Ride>

------------------------------------------------------------------------------------------------------------------------

[2025-03-24 19:49:06 #1 store] 
Database 'Z:\02_Universidad\2º Curso\2º Cuatrimestre\Ingeniería del Software\Iteracion-1-IS1\src\main\resources\rides.temp' is opened by 14312@CASA

[2025-03-24 19:49:06 #2 type.registry] 
New type domain.Rider

[2025-03-24 19:49:06 #3 type.registry] 
New type domain.Driver

[2025-03-24 19:49:06 #4 type] 
Type domain.Rider is not enhanced.

[2025-03-24 19:49:06 #5 type.registry] 
New type domain.ReservationRequest

[2025-03-24 19:49:06 #6 type] 
Type domain.Driver is not enhanced.

[2025-03-24 19:49:06 #7 type.registry] 
New type domain.Ride

[2025-03-24 19:49:06 #8 type] 
Type domain.ReservationRequest is not enhanced.

[2025-03-24 19:49:06 #9 type] 
Type domain.Ride is not enhanced.

[2025-03-24 19:49:06 #10 type.registry] 
New type java.util.ArrayList<java.lang.Object>

[2025-03-24 19:49:06 #11 type.registry] 
New type java.util.ArrayList<domain.ReservationRequest>

[2025-03-24 19:49:06 #12 type.registry] 
New type java.util.ArrayList<domain.Ride>

------------------------------------------------------------------------------------------------------------------------

[2025-03-24 19:49:47 #1 store] 
Database 'Z:\02_Universidad\2º Curso\2º Cuatrimestre\Ingeniería del Software\Iteracion-1-IS1\src\main\resources\rides.temp' is opened by 8204@CASA

[2025-03-24 19:49:47 #2 type.registry] 
New type domain.Rider

[2025-03-24 19:49:47 #3 type.registry] 
New type domain.Driver

[2025-03-24 19:49:47 #4 type] 
Type domain.Rider is not enhanced.

[2025-03-24 19:49:47 #5 type.registry] 
New type domain.ReservationRequest

[2025-03-24 19:49:47 #6 type] 
Type domain.Driver is not enhanced.

[2025-03-24 19:49:47 #7 type.registry] 
New type domain.Ride

[2025-03-24 19:49:47 #8 type] 
Type domain.ReservationRequest is not enhanced.

[2025-03-24 19:49:47 #9 type] 
Type domain.Ride is not enhanced.

[2025-03-24 19:49:47 #10 type.registry] 
New type java.util.ArrayList<java.lang.Object>

[2025-03-24 19:49:47 #11 type.registry] 
New type java.util.ArrayList<domain.ReservationRequest>

[2025-03-24 19:49:47 #12 type.registry] 
New type java.util.ArrayList<domain.Ride>

------------------------------------------------------------------------------------------------------------------------

[2025-03-24 19:54:59 #1 store] 
Database 'Z:\02_Universidad\2º Curso\2º Cuatrimestre\Ingeniería del Software\Iteracion-1-IS1\src\main\resources\rides.temp' is opened by 10464@CASA

[2025-03-24 19:54:59 #2 type.registry] 
New type domain.Rider

[2025-03-24 19:54:59 #3 type.registry] 
New type domain.Driver

[2025-03-24 19:54:59 #4 type] 
Type domain.Rider is not enhanced.

[2025-03-24 19:54:59 #5 type.registry] 
New type domain.ReservationRequest

[2025-03-24 19:54:59 #6 type] 
Type domain.Driver is not enhanced.

[2025-03-24 19:54:59 #7 type.registry] 
New type domain.Ride

[2025-03-24 19:54:59 #8 type] 
Type domain.ReservationRequest is not enhanced.

[2025-03-24 19:54:59 #9 type] 
Type domain.Ride is not enhanced.

[2025-03-24 19:54:59 #10 type.registry] 
New type java.util.ArrayList<java.lang.Object>

[2025-03-24 19:54:59 #11 type.registry] 
New type java.util.ArrayList<domain.ReservationRequest>

[2025-03-24 19:54:59 #12 type.registry] 
New type java.util.ArrayList<domain.Ride>

------------------------------------------------------------------------------------------------------------------------

[2025-03-24 19:59:26 #1 store] 
Database 'Z:\02_Universidad\2º Curso\2º Cuatrimestre\Ingeniería del Software\Iteracion-1-IS1\src\main\resources\rides.temp' is opened by 13952@CASA

[2025-03-24 19:59:26 #2 type.registry] 
New type domain.Rider

[2025-03-24 19:59:26 #3 type.registry] 
New type domain.Driver

[2025-03-24 19:59:26 #4 type] 
Type domain.Rider is not enhanced.

[2025-03-24 19:59:26 #5 type.registry] 
New type domain.ReservationRequest

[2025-03-24 19:59:26 #6 type] 
Type domain.Driver is not enhanced.

[2025-03-24 19:59:26 #7 type.registry] 
New type domain.Ride

[2025-03-24 19:59:26 #8 type] 
Type domain.ReservationRequest is not enhanced.

[2025-03-24 19:59:26 #9 type] 
Type domain.Ride is not enhanced.

[2025-03-24 19:59:26 #10 type.registry] 
New type java.util.ArrayList<java.lang.Object>

[2025-03-24 19:59:26 #11 type.registry] 
New type java.util.ArrayList<domain.ReservationRequest>

[2025-03-24 19:59:26 #12 type.registry] 
New type java.util.ArrayList<domain.Ride>

------------------------------------------------------------------------------------------------------------------------

[2025-03-24 20:02:23 #1 store] 
Database 'Z:\02_Universidad\2º Curso\2º Cuatrimestre\Ingeniería del Software\Iteracion-1-IS1\src\main\resources\rides.temp' is opened by 17960@CASA

[2025-03-24 20:02:23 #2 type.registry] 
New type domain.Rider

[2025-03-24 20:02:23 #3 type.registry] 
New type domain.Driver

[2025-03-24 20:02:23 #4 type] 
Type domain.Rider is not enhanced.

[2025-03-24 20:02:23 #5 type.registry] 
New type domain.ReservationRequest

[2025-03-24 20:02:23 #6 type] 
Type domain.Driver is not enhanced.

[2025-03-24 20:02:23 #7 type.registry] 
New type domain.Ride

[2025-03-24 20:02:23 #8 type] 
Type domain.ReservationRequest is not enhanced.

[2025-03-24 20:02:23 #9 type] 
Type domain.Ride is not enhanced.

[2025-03-24 20:02:23 #10 type.registry] 
New type java.util.ArrayList<java.lang.Object>

[2025-03-24 20:02:23 #11 type.registry] 
New type java.util.ArrayList<domain.ReservationRequest>

[2025-03-24 20:02:23 #12 type.registry] 
New type java.util.ArrayList<domain.Ride>

------------------------------------------------------------------------------------------------------------------------

[2025-03-24 20:08:31 #1 store] 
Database 'Z:\02_Universidad\2º Curso\2º Cuatrimestre\Ingeniería del Software\Iteracion-1-IS1\src\main\resources\rides.temp' is opened by 4364@CASA

[2025-03-24 20:08:31 #2 type.registry] 
New type domain.Rider

[2025-03-24 20:08:31 #3 type.registry] 
New type domain.Driver

[2025-03-24 20:08:31 #4 type] 
Type domain.Rider is not enhanced.

[2025-03-24 20:08:31 #5 type.registry] 
New type domain.ReservationRequest

[2025-03-24 20:08:31 #6 type] 
Type domain.Driver is not enhanced.

[2025-03-24 20:08:31 #7 type.registry] 
New type domain.Ride

[2025-03-24 20:08:31 #8 type] 
Type domain.ReservationRequest is not enhanced.

[2025-03-24 20:08:31 #9 type] 
Type domain.Ride is not enhanced.

[2025-03-24 20:08:31 #10 type.registry] 
New type java.util.ArrayList<java.lang.Object>

[2025-03-24 20:08:31 #11 type.registry] 
New type java.util.ArrayList<domain.ReservationRequest>

[2025-03-24 20:08:31 #12 type.registry] 
New type java.util.ArrayList<domain.Ride>

------------------------------------------------------------------------------------------------------------------------

[2025-03-24 20:16:53 #1 store] 
Database 'Z:\02_Universidad\2º Curso\2º Cuatrimestre\Ingeniería del Software\Iteracion-1-IS1\src\main\resources\rides.temp' is opened by 14380@CASA

[2025-03-24 20:16:53 #2 type.registry] 
New type domain.Rider

[2025-03-24 20:16:53 #3 type.registry] 
New type domain.Driver

[2025-03-24 20:16:53 #4 type] 
Type domain.Rider is not enhanced.

[2025-03-24 20:16:53 #5 type.registry] 
New type domain.ReservationRequest

[2025-03-24 20:16:53 #6 type] 
Type domain.Driver is not enhanced.

[2025-03-24 20:16:53 #7 type.registry] 
New type domain.Ride

[2025-03-24 20:16:53 #8 type] 
Type domain.ReservationRequest is not enhanced.

[2025-03-24 20:16:53 #9 type] 
Type domain.Ride is not enhanced.

[2025-03-24 20:16:53 #10 type.registry] 
New type java.util.ArrayList<java.lang.Object>

[2025-03-24 20:16:53 #11 type.registry] 
New type java.util.ArrayList<domain.ReservationRequest>

[2025-03-24 20:16:53 #12 type.registry] 
New type java.util.ArrayList<domain.Ride>

------------------------------------------------------------------------------------------------------------------------

[2025-03-24 20:17:48 #1 store] 
Database 'Z:\02_Universidad\2º Curso\2º Cuatrimestre\Ingeniería del Software\Iteracion-1-IS1\src\main\resources\rides.temp' is opened by 20844@CASA

[2025-03-24 20:17:48 #2 type.registry] 
New type domain.Rider

[2025-03-24 20:17:48 #3 type.registry] 
New type domain.Driver

[2025-03-24 20:17:48 #4 type] 
Type domain.Rider is not enhanced.

[2025-03-24 20:17:48 #5 type.registry] 
New type domain.ReservationRequest

[2025-03-24 20:17:48 #6 type] 
Type domain.Driver is not enhanced.

[2025-03-24 20:17:48 #7 type.registry] 
New type domain.Ride

[2025-03-24 20:17:48 #8 type] 
Type domain.ReservationRequest is not enhanced.

[2025-03-24 20:17:48 #9 type] 
Type domain.Ride is not enhanced.

[2025-03-24 20:17:48 #10 type.registry] 
New type java.util.ArrayList<java.lang.Object>

[2025-03-24 20:17:48 #11 type.registry] 
New type java.util.ArrayList<domain.ReservationRequest>

[2025-03-24 20:17:48 #12 type.registry] 
New type java.util.ArrayList<domain.Ride>

------------------------------------------------------------------------------------------------------------------------

[2025-03-24 20:18:15 #1 store] 
Database 'Z:\02_Universidad\2º Curso\2º Cuatrimestre\Ingeniería del Software\Iteracion-1-IS1\src\main\resources\rides.temp' is opened by 4128@CASA

[2025-03-24 20:18:15 #2 type.registry] 
New type domain.Rider

[2025-03-24 20:18:15 #3 type.registry] 
New type domain.Driver

[2025-03-24 20:18:15 #4 type] 
Type domain.Rider is not enhanced.

[2025-03-24 20:18:15 #5 type.registry] 
New type domain.ReservationRequest

[2025-03-24 20:18:15 #6 type] 
Type domain.Driver is not enhanced.

[2025-03-24 20:18:15 #7 type.registry] 
New type domain.Ride

[2025-03-24 20:18:15 #8 type] 
Type domain.ReservationRequest is not enhanced.

[2025-03-24 20:18:15 #9 type] 
Type domain.Ride is not enhanced.

[2025-03-24 20:18:15 #10 type.registry] 
New type java.util.ArrayList<java.lang.Object>

[2025-03-24 20:18:15 #11 type.registry] 
New type java.util.ArrayList<domain.ReservationRequest>

[2025-03-24 20:18:15 #12 type.registry] 
New type java.util.ArrayList<domain.Ride>

------------------------------------------------------------------------------------------------------------------------

[2025-03-24 20:22:06 #1 store] 
Database 'Z:\02_Universidad\2º Curso\2º Cuatrimestre\Ingeniería del Software\Iteracion-1-IS1\src\main\resources\rides.temp' is opened by 6272@CASA

[2025-03-24 20:22:07 #2 type.registry] 
New type domain.Rider

[2025-03-24 20:22:07 #3 type.registry] 
New type domain.Driver

[2025-03-24 20:22:07 #4 type] 
Type domain.Rider is not enhanced.

[2025-03-24 20:22:07 #5 type.registry] 
New type domain.ReservationRequest

[2025-03-24 20:22:07 #6 type] 
Type domain.Driver is not enhanced.

[2025-03-24 20:22:07 #7 type.registry] 
New type domain.Ride

[2025-03-24 20:22:07 #8 type] 
Type domain.ReservationRequest is not enhanced.

[2025-03-24 20:22:07 #9 type] 
Type domain.Ride is not enhanced.

[2025-03-24 20:22:07 #10 type.registry] 
New type java.util.ArrayList<java.lang.Object>

[2025-03-24 20:22:07 #11 type.registry] 
New type java.util.ArrayList<domain.ReservationRequest>

[2025-03-24 20:22:07 #12 type.registry] 
New type java.util.ArrayList<domain.Ride>

------------------------------------------------------------------------------------------------------------------------

[2025-03-24 20:51:56 #1 store] 
Database 'Z:\02_Universidad\2º Curso\2º Cuatrimestre\Ingeniería del Software\Iteracion-1-IS1\src\main\resources\rides.temp' is opened by 4688@CASA

[2025-03-24 20:51:56 #2 type.registry] 
New type domain.Rider

[2025-03-24 20:51:56 #3 type.registry] 
New type domain.Driver

[2025-03-24 20:51:56 #4 type] 
Type domain.Rider is not enhanced.

[2025-03-24 20:51:56 #5 type.registry] 
New type domain.ReservationRequest

[2025-03-24 20:51:56 #6 type] 
Type domain.Driver is not enhanced.

[2025-03-24 20:51:56 #7 type.registry] 
New type domain.Ride

[2025-03-24 20:51:56 #8 type] 
Type domain.ReservationRequest is not enhanced.

[2025-03-24 20:51:56 #9 type] 
Type domain.Ride is not enhanced.

[2025-03-24 20:51:56 #10 type.registry] 
New type java.util.ArrayList<java.lang.Object>

[2025-03-24 20:51:56 #11 type.registry] 
New type java.util.ArrayList<domain.ReservationRequest>

[2025-03-24 20:51:56 #12 type.registry] 
New type java.util.ArrayList<domain.Ride>

------------------------------------------------------------------------------------------------------------------------

[2025-03-24 20:53:14 #1 store] 
Database 'Z:\02_Universidad\2º Curso\2º Cuatrimestre\Ingeniería del Software\Iteracion-1-IS1\src\main\resources\rides.temp' is opened by 6684@CASA

[2025-03-24 20:53:14 #2 type.registry] 
New type domain.Rider

[2025-03-24 20:53:14 #3 type.registry] 
New type domain.Driver

[2025-03-24 20:53:14 #4 type] 
Type domain.Rider is not enhanced.

[2025-03-24 20:53:14 #5 type.registry] 
New type domain.ReservationRequest

[2025-03-24 20:53:14 #6 type] 
Type domain.Driver is not enhanced.

[2025-03-24 20:53:14 #7 type.registry] 
New type domain.Ride

[2025-03-24 20:53:14 #8 type] 
Type domain.ReservationRequest is not enhanced.

[2025-03-24 20:53:14 #9 type] 
Type domain.Ride is not enhanced.

[2025-03-24 20:53:14 #10 type.registry] 
New type java.util.ArrayList<java.lang.Object>

[2025-03-24 20:53:14 #11 type.registry] 
New type java.util.ArrayList<domain.ReservationRequest>

[2025-03-24 20:53:14 #12 type.registry] 
New type java.util.ArrayList<domain.Ride>

------------------------------------------------------------------------------------------------------------------------

[2025-03-24 20:53:18 #1 store] 
Database 'Z:\02_Universidad\2º Curso\2º Cuatrimestre\Ingeniería del Software\Iteracion-1-IS1\src\main\resources\rides.temp' is opened by 14104@CASA

[2025-03-24 20:53:18 #2 type.registry] 
New type domain.Rider

[2025-03-24 20:53:18 #3 type.registry] 
New type domain.Driver

[2025-03-24 20:53:18 #4 type] 
Type domain.Rider is not enhanced.

[2025-03-24 20:53:18 #5 type.registry] 
New type domain.ReservationRequest

[2025-03-24 20:53:18 #6 type] 
Type domain.Driver is not enhanced.

[2025-03-24 20:53:18 #7 type.registry] 
New type domain.Ride

[2025-03-24 20:53:18 #8 type] 
Type domain.ReservationRequest is not enhanced.

[2025-03-24 20:53:18 #9 type] 
Type domain.Ride is not enhanced.

[2025-03-24 20:53:18 #10 type.registry] 
New type java.util.ArrayList<java.lang.Object>

[2025-03-24 20:53:18 #11 type.registry] 
New type java.util.ArrayList<domain.ReservationRequest>

[2025-03-24 20:53:18 #12 type.registry] 
New type java.util.ArrayList<domain.Ride>

------------------------------------------------------------------------------------------------------------------------

[2025-03-24 20:55:19 #1 store] 
Database 'Z:\02_Universidad\2º Curso\2º Cuatrimestre\Ingeniería del Software\Iteracion-1-IS1\src\main\resources\rides.temp' is opened by 13444@CASA

[2025-03-24 20:55:19 #2 type.registry] 
New type domain.Rider

[2025-03-24 20:55:19 #3 type.registry] 
New type domain.Driver

[2025-03-24 20:55:19 #4 type] 
Type domain.Rider is not enhanced.

[2025-03-24 20:55:19 #5 type.registry] 
New type domain.ReservationRequest

[2025-03-24 20:55:19 #6 type] 
Type domain.Driver is not enhanced.

[2025-03-24 20:55:19 #7 type.registry] 
New type domain.Ride

[2025-03-24 20:55:19 #8 type] 
Type domain.ReservationRequest is not enhanced.

[2025-03-24 20:55:19 #9 type] 
Type domain.Ride is not enhanced.

[2025-03-24 20:55:19 #10 type.registry] 
New type java.util.ArrayList<java.lang.Object>

[2025-03-24 20:55:19 #11 type.registry] 
New type java.util.ArrayList<domain.ReservationRequest>

[2025-03-24 20:55:19 #12 type.registry] 
New type java.util.ArrayList<domain.Ride>

------------------------------------------------------------------------------------------------------------------------

[2025-03-24 20:56:25 #1 store] 
Database 'Z:\02_Universidad\2º Curso\2º Cuatrimestre\Ingeniería del Software\Iteracion-1-IS1\src\main\resources\rides.temp' is opened by 8424@CASA

[2025-03-24 20:56:25 #2 type.registry] 
New type domain.Rider

[2025-03-24 20:56:25 #3 type.registry] 
New type domain.Driver

[2025-03-24 20:56:25 #4 type] 
Type domain.Rider is not enhanced.

[2025-03-24 20:56:25 #5 type.registry] 
New type domain.ReservationRequest

[2025-03-24 20:56:25 #6 type] 
Type domain.Driver is not enhanced.

[2025-03-24 20:56:25 #7 type.registry] 
New type domain.Ride

[2025-03-24 20:56:25 #8 type] 
Type domain.ReservationRequest is not enhanced.

[2025-03-24 20:56:25 #9 type] 
Type domain.Ride is not enhanced.

[2025-03-24 20:56:25 #10 type.registry] 
New type java.util.ArrayList<java.lang.Object>

[2025-03-24 20:56:25 #11 type.registry] 
New type java.util.ArrayList<domain.ReservationRequest>

[2025-03-24 20:56:25 #12 type.registry] 
New type java.util.ArrayList<domain.Ride>

