------------------------------------------------------------------------------------------------------------------------

[2025-03-03 00:31:30 #1 store] 
Database 'Z:\02_Universidad\2º Curso\2º Cuatrimestre\Ingeniería del Software\Iteracion01\Iteracion-1-IS1\src\main\resources\rides.temp' is opened by 30524@CASA

[2025-03-03 00:31:30 #2 type] 
Type domain.Rider is not enhanced.

[2025-03-03 00:31:30 #3 type] 
Type domain.Driver is not enhanced.

[2025-03-03 00:31:30 #4 type] 
Type domain.ReservationRequest is not enhanced.

[2025-03-03 00:31:30 #5 type] 
Type domain.Ride is not enhanced.

------------------------------------------------------------------------------------------------------------------------

[2025-03-03 00:34:51 #1 store] 
Database 'Z:\02_Universidad\2º Curso\2º Cuatrimestre\Ingeniería del Software\Iteracion01\Iteracion-1-IS1\src\main\resources\rides.temp' is opened by 29380@CASA

[2025-03-03 00:34:51 #2 type] 
Type domain.Rider is not enhanced.

[2025-03-03 00:34:51 #3 type] 
Type domain.Driver is not enhanced.

[2025-03-03 00:34:51 #4 type] 
Type domain.ReservationRequest is not enhanced.

[2025-03-03 00:34:51 #5 type] 
Type domain.Ride is not enhanced.

------------------------------------------------------------------------------------------------------------------------

[2025-03-03 00:38:24 #1 store] 
Database 'Z:\02_Universidad\2º Curso\2º Cuatrimestre\Ingeniería del Software\Iteracion01\Iteracion-1-IS1\src\main\resources\rides.temp' is opened by 14928@CASA

[2025-03-03 00:38:24 #2 type] 
Type domain.Rider is not enhanced.

[2025-03-03 00:38:24 #3 type] 
Type domain.Driver is not enhanced.

[2025-03-03 00:38:24 #4 type] 
Type domain.ReservationRequest is not enhanced.

[2025-03-03 00:38:24 #5 type] 
Type domain.Ride is not enhanced.

------------------------------------------------------------------------------------------------------------------------

[2025-03-03 00:42:27 #1 store] 
Database 'Z:\02_Universidad\2º Curso\2º Cuatrimestre\Ingeniería del Software\Iteracion01\Iteracion-1-IS1\src\main\resources\rides.temp' is opened by 27060@CASA

[2025-03-03 00:42:27 #2 type] 
Type domain.Rider is not enhanced.

[2025-03-03 00:42:27 #3 type] 
Type domain.Driver is not enhanced.

[2025-03-03 00:42:27 #4 type] 
Type domain.ReservationRequest is not enhanced.

[2025-03-03 00:42:27 #5 type] 
Type domain.Ride is not enhanced.

------------------------------------------------------------------------------------------------------------------------

[2025-03-03 00:43:52 #1 store] 
Database 'Z:\02_Universidad\2º Curso\2º Cuatrimestre\Ingeniería del Software\Iteracion01\Iteracion-1-IS1\src\main\resources\rides.temp' is opened by 27004@CASA

[2025-03-03 00:43:52 #2 type] 
Type domain.Rider is not enhanced.

[2025-03-03 00:43:52 #3 type] 
Type domain.Driver is not enhanced.

[2025-03-03 00:43:52 #4 type] 
Type domain.ReservationRequest is not enhanced.

[2025-03-03 00:43:52 #5 type] 
Type domain.Ride is not enhanced.

------------------------------------------------------------------------------------------------------------------------

[2025-03-03 00:45:39 #1 store] 
Database 'Z:\02_Universidad\2º Curso\2º Cuatrimestre\Ingeniería del Software\Iteracion01\Iteracion-1-IS1\src\main\resources\rides.temp' is opened by 196@CASA

[2025-03-03 00:45:39 #2 type.registry] 
New type domain.Rider

[2025-03-03 00:45:39 #3 type.registry] 
New type domain.Driver

[2025-03-03 00:45:39 #4 type] 
Type domain.Rider is not enhanced.

[2025-03-03 00:45:39 #5 type.registry] 
New type domain.ReservationRequest

[2025-03-03 00:45:39 #6 type] 
Type domain.Driver is not enhanced.

[2025-03-03 00:45:39 #7 type.registry] 
New type domain.Ride

[2025-03-03 00:45:39 #8 type] 
Type domain.ReservationRequest is not enhanced.

[2025-03-03 00:45:39 #9 type] 
Type domain.Ride is not enhanced.

[2025-03-03 00:45:39 #10 type.registry] 
New type java.util.ArrayList<java.lang.Object>

[2025-03-03 00:45:39 #11 type.registry] 
New type java.util.ArrayList<domain.ReservationRequest>

[2025-03-03 00:45:39 #12 type.registry] 
New type java.util.ArrayList<domain.Ride>

------------------------------------------------------------------------------------------------------------------------

[2025-03-03 00:46:43 #1 store] 
Database 'Z:\02_Universidad\2º Curso\2º Cuatrimestre\Ingeniería del Software\Iteracion01\Iteracion-1-IS1\src\main\resources\rides.temp' has been recovered (tr. 1-7)

[2025-03-03 00:46:43 #2 store] 
Database 'Z:\02_Universidad\2º Curso\2º Cuatrimestre\Ingeniería del Software\Iteracion01\Iteracion-1-IS1\src\main\resources\rides.temp' is opened by 30688@CASA

[2025-03-03 00:46:44 #3 type] 
Type domain.Rider is not enhanced.

[2025-03-03 00:46:44 #4 type] 
Type domain.Driver is not enhanced.

[2025-03-03 00:46:44 #5 type] 
Type domain.ReservationRequest is not enhanced.

[2025-03-03 00:46:44 #6 type] 
Type domain.Ride is not enhanced.

------------------------------------------------------------------------------------------------------------------------

[2025-03-03 00:53:27 #1 store] 
Database 'Z:\02_Universidad\2º Curso\2º Cuatrimestre\Ingeniería del Software\Iteracion01\Iteracion-1-IS1\src\main\resources\rides.temp' is opened by 11084@CASA

[2025-03-03 00:53:27 #2 type] 
Type domain.Rider is not enhanced.

[2025-03-03 00:53:27 #3 type] 
Type domain.Driver is not enhanced.

[2025-03-03 00:53:27 #4 type] 
Type domain.ReservationRequest is not enhanced.

[2025-03-03 00:53:27 #5 type] 
Type domain.Ride is not enhanced.

------------------------------------------------------------------------------------------------------------------------

[2025-03-03 00:55:41 #1 store] 
Database 'Z:\02_Universidad\2º Curso\2º Cuatrimestre\Ingeniería del Software\Iteracion01\Iteracion-1-IS1\src\main\resources\rides.temp' is opened by 28472@CASA

[2025-03-03 00:55:41 #2 type] 
Type domain.Rider is not enhanced.

[2025-03-03 00:55:41 #3 type] 
Type domain.Driver is not enhanced.

[2025-03-03 00:55:41 #4 type] 
Type domain.ReservationRequest is not enhanced.

[2025-03-03 00:55:41 #5 type] 
Type domain.Ride is not enhanced.

------------------------------------------------------------------------------------------------------------------------

[2025-03-03 11:54:19 #1 store] 
Database 'Z:\02_Universidad\2º Curso\2º Cuatrimestre\Ingeniería del Software\Iteracion01\Iteracion-1-IS1\src\main\resources\rides.temp' is opened by 3572@CASA

[2025-03-03 11:54:19 #2 type] 
Type domain.Rider is not enhanced.

[2025-03-03 11:54:19 #3 type] 
Type domain.Driver is not enhanced.

[2025-03-03 11:54:19 #4 type] 
Type domain.ReservationRequest is not enhanced.

[2025-03-03 11:54:19 #5 type] 
Type domain.Ride is not enhanced.

------------------------------------------------------------------------------------------------------------------------

[2025-03-03 11:56:53 #1 store] 
Database 'Z:\02_Universidad\2º Curso\2º Cuatrimestre\Ingeniería del Software\Iteracion01\Iteracion-1-IS1\src\main\resources\rides.temp' has been recovered (tr. 12-12)

[2025-03-03 11:56:53 #2 store] 
Database 'Z:\02_Universidad\2º Curso\2º Cuatrimestre\Ingeniería del Software\Iteracion01\Iteracion-1-IS1\src\main\resources\rides.temp' is opened by 3212@CASA

[2025-03-03 11:56:53 #3 type] 
Type domain.Rider is not enhanced.

[2025-03-03 11:56:53 #4 type] 
Type domain.Driver is not enhanced.

[2025-03-03 11:56:53 #5 type] 
Type domain.ReservationRequest is not enhanced.

[2025-03-03 11:56:53 #6 type] 
Type domain.Ride is not enhanced.

------------------------------------------------------------------------------------------------------------------------

[2025-03-03 12:03:43 #1 store] 
Database 'Z:\02_Universidad\2º Curso\2º Cuatrimestre\Ingeniería del Software\Iteracion01\Iteracion-1-IS1\src\main\resources\rides.temp' has been recovered (tr. 13-13)

[2025-03-03 12:03:43 #2 store] 
Database 'Z:\02_Universidad\2º Curso\2º Cuatrimestre\Ingeniería del Software\Iteracion01\Iteracion-1-IS1\src\main\resources\rides.temp' is opened by 5008@CASA

[2025-03-03 12:03:43 #3 type] 
Type domain.Rider is not enhanced.

[2025-03-03 12:03:43 #4 type] 
Type domain.Driver is not enhanced.

[2025-03-03 12:03:43 #5 type] 
Type domain.ReservationRequest is not enhanced.

[2025-03-03 12:03:43 #6 type] 
Type domain.Ride is not enhanced.

------------------------------------------------------------------------------------------------------------------------

[2025-03-03 12:05:16 #1 store] 
Database 'Z:\02_Universidad\2º Curso\2º Cuatrimestre\Ingeniería del Software\Iteracion01\Iteracion-1-IS1\src\main\resources\rides.temp' is opened by 21660@CASA

[2025-03-03 12:05:16 #2 type] 
Type domain.Rider is not enhanced.

[2025-03-03 12:05:17 #3 type] 
Type domain.Driver is not enhanced.

[2025-03-03 12:05:17 #4 type] 
Type domain.ReservationRequest is not enhanced.

[2025-03-03 12:05:17 #5 type] 
Type domain.Ride is not enhanced.

------------------------------------------------------------------------------------------------------------------------

[2025-03-03 12:08:00 #1 store] 
Database 'Z:\02_Universidad\2º Curso\2º Cuatrimestre\Ingeniería del Software\Iteracion01\Iteracion-1-IS1\src\main\resources\rides.temp' is opened by 5192@CASA

[2025-03-03 12:08:00 #2 type] 
Type domain.Rider is not enhanced.

[2025-03-03 12:08:00 #3 type] 
Type domain.Driver is not enhanced.

[2025-03-03 12:08:00 #4 type] 
Type domain.ReservationRequest is not enhanced.

[2025-03-03 12:08:00 #5 type] 
Type domain.Ride is not enhanced.

------------------------------------------------------------------------------------------------------------------------

[2025-03-03 12:55:57 #1 store] 
Database 'Z:\02_Universidad\2º Curso\2º Cuatrimestre\Ingeniería del Software\Iteracion01\Iteracion-1-IS1\src\main\resources\rides.temp' is opened by 10600@CASA

[2025-03-03 12:55:57 #2 type] 
Type domain.Rider is not enhanced.

[2025-03-03 12:55:57 #3 type] 
Type domain.Driver is not enhanced.

[2025-03-03 12:55:57 #4 type] 
Type domain.ReservationRequest is not enhanced.

[2025-03-03 12:55:57 #5 type] 
Type domain.Ride is not enhanced.

------------------------------------------------------------------------------------------------------------------------

[2025-03-03 13:12:05 #1 store] 
Database 'Z:\02_Universidad\2º Curso\2º Cuatrimestre\Ingeniería del Software\Iteracion01\Iteracion-1-IS1\src\main\resources\rides.temp' is opened by 5336@CASA

[2025-03-03 13:12:05 #2 type] 
Type domain.Rider is not enhanced.

[2025-03-03 13:12:05 #3 type] 
Type domain.Driver is not enhanced.

[2025-03-03 13:12:05 #4 type] 
Type domain.ReservationRequest is not enhanced.

[2025-03-03 13:12:05 #5 type] 
Type domain.Ride is not enhanced.

------------------------------------------------------------------------------------------------------------------------

[2025-03-03 14:04:57 #1 store] 
Database 'Z:\02_Universidad\2º Curso\2º Cuatrimestre\Ingeniería del Software\Iteracion01\Iteracion-1-IS1\src\main\resources\rides.temp' has been recovered (tr. 20-20)

[2025-03-03 14:04:57 #2 store] 
Database 'Z:\02_Universidad\2º Curso\2º Cuatrimestre\Ingeniería del Software\Iteracion01\Iteracion-1-IS1\src\main\resources\rides.temp' is opened by 3032@CASA

[2025-03-03 14:04:57 #3 type] 
Type domain.Rider is not enhanced.

[2025-03-03 14:04:57 #4 type] 
Type domain.Driver is not enhanced.

[2025-03-03 14:04:57 #5 type] 
Type domain.ReservationRequest is not enhanced.

[2025-03-03 14:04:57 #6 type] 
Type domain.Ride is not enhanced.

------------------------------------------------------------------------------------------------------------------------

[2025-03-03 14:07:18 #1 store] 
Database 'Z:\02_Universidad\2º Curso\2º Cuatrimestre\Ingeniería del Software\Iteracion01\Iteracion-1-IS1\src\main\resources\rides.temp' is opened by 6260@CASA

[2025-03-03 14:07:18 #2 type] 
Type domain.Rider is not enhanced.

[2025-03-03 14:07:18 #3 type] 
Type domain.Driver is not enhanced.

[2025-03-03 14:07:18 #4 type] 
Type domain.ReservationRequest is not enhanced.

[2025-03-03 14:07:18 #5 type] 
Type domain.Ride is not enhanced.

------------------------------------------------------------------------------------------------------------------------

[2025-03-03 14:08:00 #1 store] 
Database 'Z:\02_Universidad\2º Curso\2º Cuatrimestre\Ingeniería del Software\Iteracion01\Iteracion-1-IS1\src\main\resources\rides.temp' has been recovered (tr. 21-21)

[2025-03-03 14:08:00 #2 store] 
Database 'Z:\02_Universidad\2º Curso\2º Cuatrimestre\Ingeniería del Software\Iteracion01\Iteracion-1-IS1\src\main\resources\rides.temp' is opened by 9492@CASA

[2025-03-03 14:08:00 #3 type] 
Type domain.Rider is not enhanced.

[2025-03-03 14:08:00 #4 type] 
Type domain.Driver is not enhanced.

[2025-03-03 14:08:00 #5 type] 
Type domain.ReservationRequest is not enhanced.

[2025-03-03 14:08:00 #6 type] 
Type domain.Ride is not enhanced.

------------------------------------------------------------------------------------------------------------------------

[2025-03-03 14:08:21 #1 store] 
Database 'Z:\02_Universidad\2º Curso\2º Cuatrimestre\Ingeniería del Software\Iteracion01\Iteracion-1-IS1\src\main\resources\rides.temp' has been recovered (tr. 22-22)

[2025-03-03 14:08:21 #2 store] 
Database 'Z:\02_Universidad\2º Curso\2º Cuatrimestre\Ingeniería del Software\Iteracion01\Iteracion-1-IS1\src\main\resources\rides.temp' is opened by 15308@CASA

[2025-03-03 14:08:21 #3 type] 
Type domain.Rider is not enhanced.

[2025-03-03 14:08:21 #4 type] 
Type domain.Driver is not enhanced.

[2025-03-03 14:08:21 #5 type] 
Type domain.ReservationRequest is not enhanced.

[2025-03-03 14:08:21 #6 type] 
Type domain.Ride is not enhanced.

------------------------------------------------------------------------------------------------------------------------

[2025-03-03 14:09:18 #1 store] 
Database 'Z:\02_Universidad\2º Curso\2º Cuatrimestre\Ingeniería del Software\Iteracion01\Iteracion-1-IS1\src\main\resources\rides.temp' is opened by 7080@CASA

[2025-03-03 14:09:18 #2 type] 
Type domain.Rider is not enhanced.

[2025-03-03 14:09:18 #3 type] 
Type domain.Driver is not enhanced.

[2025-03-03 14:09:18 #4 type] 
Type domain.ReservationRequest is not enhanced.

[2025-03-03 14:09:18 #5 type] 
Type domain.Ride is not enhanced.

------------------------------------------------------------------------------------------------------------------------

[2025-03-03 14:09:53 #1 store] 
Database 'Z:\02_Universidad\2º Curso\2º Cuatrimestre\Ingeniería del Software\Iteracion01\Iteracion-1-IS1\src\main\resources\rides.temp' is opened by 9160@CASA

[2025-03-03 14:09:53 #2 type] 
Type domain.Rider is not enhanced.

[2025-03-03 14:09:53 #3 type] 
Type domain.Driver is not enhanced.

[2025-03-03 14:09:53 #4 type] 
Type domain.ReservationRequest is not enhanced.

[2025-03-03 14:09:53 #5 type] 
Type domain.Ride is not enhanced.

