------------------------------------------------------------------------------------------------------------------------

[2025-03-04 13:16:22 #1 store] 
Database 'G:\EHU\Laboratorios\IS1 (2ndo)\Iteracion-1\src\main\resources\rides.temp' has been recovered (tr. 29-29)

[2025-03-04 13:16:22 #2 store] 
Database 'G:\EHU\Laboratorios\IS1 (2ndo)\Iteracion-1\src\main\resources\rides.temp' is opened by 14984@UnaiPC

[2025-03-04 13:16:22 #3 type] 
Type domain.Rider is not enhanced.

[2025-03-04 13:16:22 #4 type] 
Type domain.Driver is not enhanced.

[2025-03-04 13:16:22 #5 type] 
Type domain.ReservationRequest is not enhanced.

[2025-03-04 13:16:22 #6 type] 
Type domain.Ride is not enhanced.

------------------------------------------------------------------------------------------------------------------------

[2025-03-04 14:42:53 #1 store] 
Database 'G:\EHU\Laboratorios\IS1 (2ndo)\Iteracion-1\src\main\resources\rides.temp' is opened by 10660@UnaiPC

[2025-03-04 14:42:53 #2 type] 
Type domain.Rider is not enhanced.

[2025-03-04 14:42:53 #3 type] 
Type domain.Driver is not enhanced.

[2025-03-04 14:42:53 #4 type] 
Type domain.ReservationRequest is not enhanced.

[2025-03-04 14:42:53 #5 type] 
Type domain.Ride is not enhanced.

------------------------------------------------------------------------------------------------------------------------

[2025-03-04 15:05:43 #1 store] 
Database 'G:\EHU\Laboratorios\IS1 (2ndo)\Iteracion-1\src\main\resources\rides.temp' is opened by 4072@UnaiPC

[2025-03-04 15:05:43 #2 type] 
Type domain.Rider is not enhanced.

[2025-03-04 15:05:43 #3 type] 
Type domain.Driver is not enhanced.

[2025-03-04 15:05:43 #4 type] 
Type domain.ReservationRequest is not enhanced.

[2025-03-04 15:05:43 #5 type] 
Type domain.Ride is not enhanced.

------------------------------------------------------------------------------------------------------------------------

[2025-03-04 15:06:02 #1 store] 
Database 'G:\EHU\Laboratorios\IS1 (2ndo)\Iteracion-1\src\main\resources\rides.temp' is opened by 18312@UnaiPC

[2025-03-04 15:06:02 #2 type] 
Type domain.Rider is not enhanced.

[2025-03-04 15:06:02 #3 type] 
Type domain.Driver is not enhanced.

[2025-03-04 15:06:02 #4 type] 
Type domain.ReservationRequest is not enhanced.

[2025-03-04 15:06:02 #5 type] 
Type domain.Ride is not enhanced.

------------------------------------------------------------------------------------------------------------------------

[2025-03-04 15:08:15 #1 store] 
Database 'G:\EHU\Laboratorios\IS1 (2ndo)\Iteracion-1\src\main\resources\rides.temp' is opened by 8396@UnaiPC

[2025-03-04 15:08:15 #2 type] 
Type domain.Rider is not enhanced.

[2025-03-04 15:08:15 #3 type] 
Type domain.Driver is not enhanced.

[2025-03-04 15:08:15 #4 type] 
Type domain.ReservationRequest is not enhanced.

[2025-03-04 15:08:15 #5 type] 
Type domain.Ride is not enhanced.

------------------------------------------------------------------------------------------------------------------------

[2025-03-04 15:09:46 #1 store] 
Database 'G:\EHU\Laboratorios\IS1 (2ndo)\Iteracion-1\src\main\resources\rides.temp' is opened by 7696@UnaiPC

[2025-03-04 15:09:46 #2 type] 
Type domain.Rider is not enhanced.

[2025-03-04 15:09:46 #3 type] 
Type domain.Driver is not enhanced.

[2025-03-04 15:09:46 #4 type] 
Type domain.ReservationRequest is not enhanced.

[2025-03-04 15:09:46 #5 type] 
Type domain.Ride is not enhanced.

------------------------------------------------------------------------------------------------------------------------

[2025-03-04 15:11:33 #1 store] 
Database 'G:\EHU\Laboratorios\IS1 (2ndo)\Iteracion-1\src\main\resources\rides.temp' is opened by 14608@UnaiPC

[2025-03-04 15:11:34 #2 type] 
Type domain.Rider is not enhanced.

[2025-03-04 15:11:34 #3 type] 
Type domain.Driver is not enhanced.

[2025-03-04 15:11:34 #4 type] 
Type domain.ReservationRequest is not enhanced.

[2025-03-04 15:11:34 #5 type] 
Type domain.Ride is not enhanced.

------------------------------------------------------------------------------------------------------------------------

[2025-03-04 15:12:37 #1 store] 
Database 'G:\EHU\Laboratorios\IS1 (2ndo)\Iteracion-1\src\main\resources\rides.temp' is opened by 14712@UnaiPC

[2025-03-04 15:12:37 #2 type] 
Type domain.Rider is not enhanced.

[2025-03-04 15:12:37 #3 type] 
Type domain.Driver is not enhanced.

[2025-03-04 15:12:37 #4 type] 
Type domain.ReservationRequest is not enhanced.

[2025-03-04 15:12:37 #5 type] 
Type domain.Ride is not enhanced.

------------------------------------------------------------------------------------------------------------------------

[2025-03-04 15:12:51 #1 store] 
Database 'G:\EHU\Laboratorios\IS1 (2ndo)\Iteracion-1\src\main\resources\rides.temp' is opened by 18004@UnaiPC

[2025-03-04 15:12:51 #2 type] 
Type domain.Rider is not enhanced.

[2025-03-04 15:12:51 #3 type] 
Type domain.Driver is not enhanced.

[2025-03-04 15:12:51 #4 type] 
Type domain.ReservationRequest is not enhanced.

[2025-03-04 15:12:51 #5 type] 
Type domain.Ride is not enhanced.

------------------------------------------------------------------------------------------------------------------------

[2025-03-04 15:14:02 #1 store] 
Database 'G:\EHU\Laboratorios\IS1 (2ndo)\Iteracion-1\src\main\resources\rides.temp' is opened by 3868@UnaiPC

[2025-03-04 15:14:02 #2 type] 
Type domain.Rider is not enhanced.

[2025-03-04 15:14:02 #3 type] 
Type domain.Driver is not enhanced.

[2025-03-04 15:14:02 #4 type] 
Type domain.ReservationRequest is not enhanced.

[2025-03-04 15:14:02 #5 type] 
Type domain.Ride is not enhanced.

------------------------------------------------------------------------------------------------------------------------

[2025-03-04 15:14:29 #1 store] 
Database 'G:\EHU\Laboratorios\IS1 (2ndo)\Iteracion-1\src\main\resources\rides.temp' is opened by 11016@UnaiPC

[2025-03-04 15:14:29 #2 type] 
Type domain.Rider is not enhanced.

[2025-03-04 15:14:29 #3 type] 
Type domain.Driver is not enhanced.

[2025-03-04 15:14:29 #4 type] 
Type domain.ReservationRequest is not enhanced.

[2025-03-04 15:14:29 #5 type] 
Type domain.Ride is not enhanced.

------------------------------------------------------------------------------------------------------------------------

[2025-03-04 15:14:40 #1 store] 
Database 'G:\EHU\Laboratorios\IS1 (2ndo)\Iteracion-1\src\main\resources\rides.temp' is opened by 3192@UnaiPC

[2025-03-04 15:14:40 #2 type] 
Type domain.Rider is not enhanced.

[2025-03-04 15:14:40 #3 type] 
Type domain.Driver is not enhanced.

[2025-03-04 15:14:40 #4 type] 
Type domain.ReservationRequest is not enhanced.

[2025-03-04 15:14:40 #5 type] 
Type domain.Ride is not enhanced.

------------------------------------------------------------------------------------------------------------------------

[2025-03-04 15:15:02 #1 store] 
Database 'G:\EHU\Laboratorios\IS1 (2ndo)\Iteracion-1\src\main\resources\rides.temp' is opened by 16416@UnaiPC

[2025-03-04 15:15:02 #2 type] 
Type domain.Rider is not enhanced.

[2025-03-04 15:15:02 #3 type] 
Type domain.Driver is not enhanced.

[2025-03-04 15:15:02 #4 type] 
Type domain.ReservationRequest is not enhanced.

[2025-03-04 15:15:02 #5 type] 
Type domain.Ride is not enhanced.

------------------------------------------------------------------------------------------------------------------------

[2025-03-04 15:16:33 #1 store] 
Database 'G:\EHU\Laboratorios\IS1 (2ndo)\Iteracion-1\src\main\resources\rides.temp' is opened by 10668@UnaiPC

[2025-03-04 15:16:33 #2 type] 
Type domain.Rider is not enhanced.

[2025-03-04 15:16:33 #3 type] 
Type domain.Driver is not enhanced.

[2025-03-04 15:16:33 #4 type] 
Type domain.ReservationRequest is not enhanced.

[2025-03-04 15:16:33 #5 type] 
Type domain.Ride is not enhanced.

------------------------------------------------------------------------------------------------------------------------

[2025-03-04 15:20:03 #1 store] 
Database 'G:\EHU\Laboratorios\IS1 (2ndo)\Iteracion-1\src\main\resources\rides.temp' is opened by 2672@UnaiPC

[2025-03-04 15:20:03 #2 type] 
Type domain.Rider is not enhanced.

[2025-03-04 15:20:03 #3 type] 
Type domain.Driver is not enhanced.

[2025-03-04 15:20:03 #4 type] 
Type domain.ReservationRequest is not enhanced.

[2025-03-04 15:20:03 #5 type] 
Type domain.Ride is not enhanced.

------------------------------------------------------------------------------------------------------------------------

[2025-03-04 15:20:34 #1 store] 
Database 'G:\EHU\Laboratorios\IS1 (2ndo)\Iteracion-1\src\main\resources\rides.temp' is opened by 17648@UnaiPC

[2025-03-04 15:20:34 #2 type] 
Type domain.Rider is not enhanced.

[2025-03-04 15:20:34 #3 type] 
Type domain.Driver is not enhanced.

[2025-03-04 15:20:34 #4 type] 
Type domain.ReservationRequest is not enhanced.

[2025-03-04 15:20:34 #5 type] 
Type domain.Ride is not enhanced.

------------------------------------------------------------------------------------------------------------------------

[2025-03-04 15:21:12 #1 store] 
Database 'G:\EHU\Laboratorios\IS1 (2ndo)\Iteracion-1\src\main\resources\rides.temp' is opened by 5204@UnaiPC

[2025-03-04 15:21:12 #2 type] 
Type domain.Rider is not enhanced.

[2025-03-04 15:21:12 #3 type] 
Type domain.Driver is not enhanced.

[2025-03-04 15:21:12 #4 type] 
Type domain.ReservationRequest is not enhanced.

[2025-03-04 15:21:12 #5 type] 
Type domain.Ride is not enhanced.

------------------------------------------------------------------------------------------------------------------------

[2025-03-04 15:21:30 #1 store] 
Database 'G:\EHU\Laboratorios\IS1 (2ndo)\Iteracion-1\src\main\resources\rides.temp' is opened by 10396@UnaiPC

[2025-03-04 15:21:30 #2 type] 
Type domain.Rider is not enhanced.

[2025-03-04 15:21:30 #3 type] 
Type domain.Driver is not enhanced.

[2025-03-04 15:21:30 #4 type] 
Type domain.ReservationRequest is not enhanced.

[2025-03-04 15:21:30 #5 type] 
Type domain.Ride is not enhanced.

------------------------------------------------------------------------------------------------------------------------

[2025-03-04 15:21:46 #1 store] 
Database 'G:\EHU\Laboratorios\IS1 (2ndo)\Iteracion-1\src\main\resources\rides.temp' is opened by 11648@UnaiPC

[2025-03-04 15:21:46 #2 type] 
Type domain.Rider is not enhanced.

[2025-03-04 15:21:46 #3 type] 
Type domain.Driver is not enhanced.

[2025-03-04 15:21:46 #4 type] 
Type domain.ReservationRequest is not enhanced.

[2025-03-04 15:21:46 #5 type] 
Type domain.Ride is not enhanced.

