------------------------------------------------------------------------------------------------------------------------

[2025-03-23 13:52:52 #1 store] 
Database 'Z:\02_Universidad\2º Curso\2º Cuatrimestre\Ingeniería del Software\Iteracion-1-IS1\src\main\resources\rides.temp' has been recovered (tr. 1-10)

[2025-03-23 13:52:52 #2 store] 
Database 'Z:\02_Universidad\2º Curso\2º Cuatrimestre\Ingeniería del Software\Iteracion-1-IS1\src\main\resources\rides.temp' is opened by 12880@CASA

[2025-03-23 13:52:52 #3 type] 
Type domain.Rider is not enhanced.

[2025-03-23 13:52:52 #4 type] 
Type domain.Driver is not enhanced.

[2025-03-23 13:52:52 #5 type] 
Type domain.ReservationRequest is not enhanced.

[2025-03-23 13:52:52 #6 type] 
Type domain.Ride is not enhanced.

------------------------------------------------------------------------------------------------------------------------

[2025-03-23 13:53:35 #1 store] 
Database 'Z:\02_Universidad\2º Curso\2º Cuatrimestre\Ingeniería del Software\Iteracion-1-IS1\src\main\resources\rides.temp' is opened by 21316@CASA

[2025-03-23 13:53:35 #2 type.registry] 
New type domain.Rider

[2025-03-23 13:53:35 #3 type.registry] 
New type domain.Driver

[2025-03-23 13:53:35 #4 type] 
Type domain.Rider is not enhanced.

[2025-03-23 13:53:35 #5 type.registry] 
New type domain.ReservationRequest

[2025-03-23 13:53:35 #6 type] 
Type domain.Driver is not enhanced.

[2025-03-23 13:53:35 #7 type.registry] 
New type domain.Ride

[2025-03-23 13:53:35 #8 type] 
Type domain.ReservationRequest is not enhanced.

[2025-03-23 13:53:35 #9 type] 
Type domain.Ride is not enhanced.

[2025-03-23 13:53:35 #10 type.registry] 
New type java.util.ArrayList<java.lang.Object>

[2025-03-23 13:53:35 #11 type.registry] 
New type java.util.ArrayList<domain.ReservationRequest>

[2025-03-23 13:53:35 #12 type.registry] 
New type java.util.ArrayList<domain.Ride>

------------------------------------------------------------------------------------------------------------------------

[2025-03-23 13:53:49 #1 store] 
Database 'Z:\02_Universidad\2º Curso\2º Cuatrimestre\Ingeniería del Software\Iteracion-1-IS1\src\main\resources\rides.temp' is opened by 15500@CASA

[2025-03-23 13:53:49 #2 type.registry] 
New type domain.Rider

[2025-03-23 13:53:49 #3 type.registry] 
New type domain.Driver

[2025-03-23 13:53:49 #4 type] 
Type domain.Rider is not enhanced.

[2025-03-23 13:53:49 #5 type.registry] 
New type domain.ReservationRequest

[2025-03-23 13:53:49 #6 type] 
Type domain.Driver is not enhanced.

[2025-03-23 13:53:49 #7 type.registry] 
New type domain.Ride

[2025-03-23 13:53:49 #8 type] 
Type domain.ReservationRequest is not enhanced.

[2025-03-23 13:53:49 #9 type] 
Type domain.Ride is not enhanced.

[2025-03-23 13:53:49 #10 type.registry] 
New type java.util.ArrayList<java.lang.Object>

[2025-03-23 13:53:49 #11 type.registry] 
New type java.util.ArrayList<domain.ReservationRequest>

[2025-03-23 13:53:49 #12 type.registry] 
New type java.util.ArrayList<domain.Ride>

------------------------------------------------------------------------------------------------------------------------

[2025-03-23 13:55:17 #1 store] 
Database 'Z:\02_Universidad\2º Curso\2º Cuatrimestre\Ingeniería del Software\Iteracion-1-IS1\src\main\resources\rides.temp' is opened by 21084@CASA

[2025-03-23 13:55:17 #2 type.registry] 
New type domain.Rider

[2025-03-23 13:55:17 #3 type.registry] 
New type domain.Driver

[2025-03-23 13:55:17 #4 type] 
Type domain.Rider is not enhanced.

[2025-03-23 13:55:17 #5 type.registry] 
New type domain.ReservationRequest

[2025-03-23 13:55:17 #6 type] 
Type domain.Driver is not enhanced.

[2025-03-23 13:55:17 #7 type.registry] 
New type domain.Ride

[2025-03-23 13:55:17 #8 type] 
Type domain.ReservationRequest is not enhanced.

[2025-03-23 13:55:17 #9 type] 
Type domain.Ride is not enhanced.

[2025-03-23 13:55:17 #10 type.registry] 
New type java.util.ArrayList<java.lang.Object>

[2025-03-23 13:55:17 #11 type.registry] 
New type java.util.ArrayList<domain.ReservationRequest>

[2025-03-23 13:55:17 #12 type.registry] 
New type java.util.ArrayList<domain.Ride>

------------------------------------------------------------------------------------------------------------------------

[2025-03-23 13:55:57 #1 store] 
Database 'Z:\02_Universidad\2º Curso\2º Cuatrimestre\Ingeniería del Software\Iteracion-1-IS1\src\main\resources\rides.temp' is opened by 9964@CASA

[2025-03-23 13:55:57 #2 type.registry] 
New type domain.Rider

[2025-03-23 13:55:57 #3 type.registry] 
New type domain.Driver

[2025-03-23 13:55:57 #4 type] 
Type domain.Rider is not enhanced.

[2025-03-23 13:55:57 #5 type.registry] 
New type domain.ReservationRequest

[2025-03-23 13:55:57 #6 type] 
Type domain.Driver is not enhanced.

[2025-03-23 13:55:57 #7 type.registry] 
New type domain.Ride

[2025-03-23 13:55:57 #8 type] 
Type domain.ReservationRequest is not enhanced.

[2025-03-23 13:55:57 #9 type] 
Type domain.Ride is not enhanced.

[2025-03-23 13:55:57 #10 type.registry] 
New type java.util.ArrayList<java.lang.Object>

[2025-03-23 13:55:57 #11 type.registry] 
New type java.util.ArrayList<domain.ReservationRequest>

[2025-03-23 13:55:57 #12 type.registry] 
New type java.util.ArrayList<domain.Ride>

------------------------------------------------------------------------------------------------------------------------

[2025-03-23 13:58:04 #1 store] 
Database 'Z:\02_Universidad\2º Curso\2º Cuatrimestre\Ingeniería del Software\Iteracion-1-IS1\src\main\resources\rides.temp' is opened by 16760@CASA

[2025-03-23 13:58:05 #2 type.registry] 
New type domain.Rider

[2025-03-23 13:58:05 #3 type.registry] 
New type domain.Driver

[2025-03-23 13:58:05 #4 type] 
Type domain.Rider is not enhanced.

[2025-03-23 13:58:05 #5 type.registry] 
New type domain.ReservationRequest

[2025-03-23 13:58:05 #6 type] 
Type domain.Driver is not enhanced.

[2025-03-23 13:58:05 #7 type.registry] 
New type domain.Ride

[2025-03-23 13:58:05 #8 type] 
Type domain.ReservationRequest is not enhanced.

[2025-03-23 13:58:05 #9 type] 
Type domain.Ride is not enhanced.

[2025-03-23 13:58:05 #10 type.registry] 
New type java.util.ArrayList<java.lang.Object>

[2025-03-23 13:58:05 #11 type.registry] 
New type java.util.ArrayList<domain.ReservationRequest>

[2025-03-23 13:58:05 #12 type.registry] 
New type java.util.ArrayList<domain.Ride>

------------------------------------------------------------------------------------------------------------------------

[2025-03-23 14:10:27 #1 store] 
Database 'Z:\02_Universidad\2º Curso\2º Cuatrimestre\Ingeniería del Software\Iteracion-1-IS1\src\main\resources\rides.temp' is opened by 9460@CASA

[2025-03-23 14:10:27 #2 type.registry] 
New type domain.Rider

[2025-03-23 14:10:27 #3 type.registry] 
New type domain.Driver

[2025-03-23 14:10:27 #4 type] 
Type domain.Rider is not enhanced.

[2025-03-23 14:10:27 #5 type.registry] 
New type domain.ReservationRequest

[2025-03-23 14:10:27 #6 type] 
Type domain.Driver is not enhanced.

[2025-03-23 14:10:27 #7 type.registry] 
New type domain.Ride

[2025-03-23 14:10:27 #8 type] 
Type domain.ReservationRequest is not enhanced.

[2025-03-23 14:10:27 #9 type] 
Type domain.Ride is not enhanced.

[2025-03-23 14:10:27 #10 type.registry] 
New type java.util.ArrayList<java.lang.Object>

[2025-03-23 14:10:27 #11 type.registry] 
New type java.util.ArrayList<domain.ReservationRequest>

[2025-03-23 14:10:27 #12 type.registry] 
New type java.util.ArrayList<domain.Ride>

------------------------------------------------------------------------------------------------------------------------

[2025-03-23 14:11:58 #1 store] 
Database 'Z:\02_Universidad\2º Curso\2º Cuatrimestre\Ingeniería del Software\Iteracion-1-IS1\src\main\resources\rides.temp' is opened by 21020@CASA

[2025-03-23 14:11:58 #2 type.registry] 
New type domain.Rider

[2025-03-23 14:11:58 #3 type.registry] 
New type domain.Driver

[2025-03-23 14:11:58 #4 type] 
Type domain.Rider is not enhanced.

[2025-03-23 14:11:58 #5 type.registry] 
New type domain.ReservationRequest

[2025-03-23 14:11:58 #6 type] 
Type domain.Driver is not enhanced.

[2025-03-23 14:11:58 #7 type.registry] 
New type domain.Ride

[2025-03-23 14:11:58 #8 type] 
Type domain.ReservationRequest is not enhanced.

[2025-03-23 14:11:58 #9 type] 
Type domain.Ride is not enhanced.

[2025-03-23 14:11:58 #10 type.registry] 
New type java.util.ArrayList<java.lang.Object>

[2025-03-23 14:11:58 #11 type.registry] 
New type java.util.ArrayList<domain.ReservationRequest>

[2025-03-23 14:11:58 #12 type.registry] 
New type java.util.ArrayList<domain.Ride>

------------------------------------------------------------------------------------------------------------------------

[2025-03-23 14:24:03 #1 store] 
Database 'Z:\02_Universidad\2º Curso\2º Cuatrimestre\Ingeniería del Software\Iteracion-1-IS1\src\main\resources\rides.temp' has been recovered (tr. 1-10)

[2025-03-23 14:24:03 #2 store] 
Database 'Z:\02_Universidad\2º Curso\2º Cuatrimestre\Ingeniería del Software\Iteracion-1-IS1\src\main\resources\rides.temp' is opened by 21492@CASA

[2025-03-23 14:24:03 #3 type] 
Type domain.Rider is not enhanced.

[2025-03-23 14:24:03 #4 type] 
Type domain.Driver is not enhanced.

[2025-03-23 14:24:03 #5 type] 
Type domain.ReservationRequest is not enhanced.

[2025-03-23 14:24:03 #6 type] 
Type domain.Ride is not enhanced.

------------------------------------------------------------------------------------------------------------------------

[2025-03-23 14:27:12 #1 store] 
Database 'Z:\02_Universidad\2º Curso\2º Cuatrimestre\Ingeniería del Software\Iteracion-1-IS1\src\main\resources\rides.temp' is opened by 8608@CASA

[2025-03-23 14:27:12 #2 type.registry] 
New type domain.Rider

[2025-03-23 14:27:12 #3 type.registry] 
New type domain.Driver

[2025-03-23 14:27:12 #4 type] 
Type domain.Rider is not enhanced.

[2025-03-23 14:27:12 #5 type.registry] 
New type domain.ReservationRequest

[2025-03-23 14:27:12 #6 type] 
Type domain.Driver is not enhanced.

[2025-03-23 14:27:12 #7 type.registry] 
New type domain.Ride

[2025-03-23 14:27:12 #8 type] 
Type domain.ReservationRequest is not enhanced.

[2025-03-23 14:27:12 #9 type] 
Type domain.Ride is not enhanced.

[2025-03-23 14:27:12 #10 type.registry] 
New type java.util.ArrayList<java.lang.Object>

[2025-03-23 14:27:12 #11 type.registry] 
New type java.util.ArrayList<domain.ReservationRequest>

[2025-03-23 14:27:12 #12 type.registry] 
New type java.util.ArrayList<domain.Ride>

------------------------------------------------------------------------------------------------------------------------

[2025-03-23 14:29:47 #1 store] 
Database 'Z:\02_Universidad\2º Curso\2º Cuatrimestre\Ingeniería del Software\Iteracion-1-IS1\src\main\resources\rides.temp' is opened by 2704@CASA

[2025-03-23 14:29:47 #2 type.registry] 
New type domain.Rider

[2025-03-23 14:29:47 #3 type.registry] 
New type domain.Driver

[2025-03-23 14:29:47 #4 type] 
Type domain.Rider is not enhanced.

[2025-03-23 14:29:47 #5 type.registry] 
New type domain.ReservationRequest

[2025-03-23 14:29:47 #6 type] 
Type domain.Driver is not enhanced.

[2025-03-23 14:29:47 #7 type.registry] 
New type domain.Ride

[2025-03-23 14:29:47 #8 type] 
Type domain.ReservationRequest is not enhanced.

[2025-03-23 14:29:47 #9 type] 
Type domain.Ride is not enhanced.

[2025-03-23 14:29:47 #10 type.registry] 
New type java.util.ArrayList<java.lang.Object>

[2025-03-23 14:29:47 #11 type.registry] 
New type java.util.ArrayList<domain.ReservationRequest>

[2025-03-23 14:29:47 #12 type.registry] 
New type java.util.ArrayList<domain.Ride>

------------------------------------------------------------------------------------------------------------------------

[2025-03-23 14:32:14 #1 store] 
Database 'Z:\02_Universidad\2º Curso\2º Cuatrimestre\Ingeniería del Software\Iteracion-1-IS1\src\main\resources\rides.temp' is opened by 15848@CASA

[2025-03-23 14:32:14 #2 type.registry] 
New type domain.Rider

[2025-03-23 14:32:14 #3 type.registry] 
New type domain.Driver

[2025-03-23 14:32:14 #4 type] 
Type domain.Rider is not enhanced.

[2025-03-23 14:32:14 #5 type.registry] 
New type domain.ReservationRequest

[2025-03-23 14:32:14 #6 type] 
Type domain.Driver is not enhanced.

[2025-03-23 14:32:14 #7 type.registry] 
New type domain.Ride

[2025-03-23 14:32:14 #8 type] 
Type domain.ReservationRequest is not enhanced.

[2025-03-23 14:32:14 #9 type] 
Type domain.Ride is not enhanced.

[2025-03-23 14:32:14 #10 type.registry] 
New type java.util.ArrayList<java.lang.Object>

[2025-03-23 14:32:14 #11 type.registry] 
New type java.util.ArrayList<domain.ReservationRequest>

[2025-03-23 14:32:14 #12 type.registry] 
New type java.util.ArrayList<domain.Ride>

------------------------------------------------------------------------------------------------------------------------

[2025-03-23 14:34:30 #1 store] 
Database 'Z:\02_Universidad\2º Curso\2º Cuatrimestre\Ingeniería del Software\Iteracion-1-IS1\src\main\resources\rides.temp' is opened by 18000@CASA

[2025-03-23 14:34:30 #2 type.registry] 
New type domain.Rider

[2025-03-23 14:34:30 #3 type.registry] 
New type domain.Driver

[2025-03-23 14:34:30 #4 type] 
Type domain.Rider is not enhanced.

[2025-03-23 14:34:30 #5 type.registry] 
New type domain.ReservationRequest

[2025-03-23 14:34:30 #6 type] 
Type domain.Driver is not enhanced.

[2025-03-23 14:34:30 #7 type.registry] 
New type domain.Ride

[2025-03-23 14:34:30 #8 type] 
Type domain.ReservationRequest is not enhanced.

[2025-03-23 14:34:30 #9 type] 
Type domain.Ride is not enhanced.

[2025-03-23 14:34:30 #10 type.registry] 
New type java.util.ArrayList<java.lang.Object>

[2025-03-23 14:34:30 #11 type.registry] 
New type java.util.ArrayList<domain.ReservationRequest>

[2025-03-23 14:34:30 #12 type.registry] 
New type java.util.ArrayList<domain.Ride>

------------------------------------------------------------------------------------------------------------------------

[2025-03-23 14:35:36 #1 store] 
Database 'Z:\02_Universidad\2º Curso\2º Cuatrimestre\Ingeniería del Software\Iteracion-1-IS1\src\main\resources\rides.temp' is opened by 17628@CASA

[2025-03-23 14:35:36 #2 type.registry] 
New type domain.Rider

[2025-03-23 14:35:36 #3 type.registry] 
New type domain.Driver

[2025-03-23 14:35:36 #4 type] 
Type domain.Rider is not enhanced.

[2025-03-23 14:35:36 #5 type.registry] 
New type domain.ReservationRequest

[2025-03-23 14:35:36 #6 type] 
Type domain.Driver is not enhanced.

[2025-03-23 14:35:36 #7 type.registry] 
New type domain.Ride

[2025-03-23 14:35:36 #8 type] 
Type domain.ReservationRequest is not enhanced.

[2025-03-23 14:35:36 #9 type] 
Type domain.Ride is not enhanced.

[2025-03-23 14:35:36 #10 type.registry] 
New type java.util.ArrayList<java.lang.Object>

[2025-03-23 14:35:36 #11 type.registry] 
New type java.util.ArrayList<domain.ReservationRequest>

[2025-03-23 14:35:36 #12 type.registry] 
New type java.util.ArrayList<domain.Ride>

------------------------------------------------------------------------------------------------------------------------

[2025-03-23 14:36:47 #1 store] 
Database 'Z:\02_Universidad\2º Curso\2º Cuatrimestre\Ingeniería del Software\Iteracion-1-IS1\src\main\resources\rides.temp' is opened by 9236@CASA

[2025-03-23 14:36:47 #2 type.registry] 
New type domain.Rider

[2025-03-23 14:36:47 #3 type.registry] 
New type domain.Driver

[2025-03-23 14:36:47 #4 type] 
Type domain.Rider is not enhanced.

[2025-03-23 14:36:47 #5 type.registry] 
New type domain.ReservationRequest

[2025-03-23 14:36:47 #6 type] 
Type domain.Driver is not enhanced.

[2025-03-23 14:36:47 #7 type.registry] 
New type domain.Ride

[2025-03-23 14:36:47 #8 type] 
Type domain.ReservationRequest is not enhanced.

[2025-03-23 14:36:47 #9 type] 
Type domain.Ride is not enhanced.

[2025-03-23 14:36:47 #10 type.registry] 
New type java.util.ArrayList<java.lang.Object>

[2025-03-23 14:36:47 #11 type.registry] 
New type java.util.ArrayList<domain.ReservationRequest>

[2025-03-23 14:36:47 #12 type.registry] 
New type java.util.ArrayList<domain.Ride>

------------------------------------------------------------------------------------------------------------------------

[2025-03-23 14:37:39 #1 store] 
Database 'Z:\02_Universidad\2º Curso\2º Cuatrimestre\Ingeniería del Software\Iteracion-1-IS1\src\main\resources\rides.temp' is opened by 17636@CASA

[2025-03-23 14:37:39 #2 type.registry] 
New type domain.Rider

[2025-03-23 14:37:39 #3 type.registry] 
New type domain.Driver

[2025-03-23 14:37:39 #4 type] 
Type domain.Rider is not enhanced.

[2025-03-23 14:37:39 #5 type.registry] 
New type domain.ReservationRequest

[2025-03-23 14:37:39 #6 type] 
Type domain.Driver is not enhanced.

[2025-03-23 14:37:39 #7 type.registry] 
New type domain.Ride

[2025-03-23 14:37:39 #8 type] 
Type domain.ReservationRequest is not enhanced.

[2025-03-23 14:37:39 #9 type] 
Type domain.Ride is not enhanced.

[2025-03-23 14:37:39 #10 type.registry] 
New type java.util.ArrayList<java.lang.Object>

[2025-03-23 14:37:39 #11 type.registry] 
New type java.util.ArrayList<domain.ReservationRequest>

[2025-03-23 14:37:39 #12 type.registry] 
New type java.util.ArrayList<domain.Ride>

------------------------------------------------------------------------------------------------------------------------

[2025-03-23 14:38:03 #1 store] 
Database 'Z:\02_Universidad\2º Curso\2º Cuatrimestre\Ingeniería del Software\Iteracion-1-IS1\src\main\resources\rides.temp' is opened by 492@CASA

[2025-03-23 14:38:03 #2 type.registry] 
New type domain.Rider

[2025-03-23 14:38:03 #3 type.registry] 
New type domain.Driver

[2025-03-23 14:38:03 #4 type] 
Type domain.Rider is not enhanced.

[2025-03-23 14:38:03 #5 type.registry] 
New type domain.ReservationRequest

[2025-03-23 14:38:03 #6 type] 
Type domain.Driver is not enhanced.

[2025-03-23 14:38:03 #7 type.registry] 
New type domain.Ride

[2025-03-23 14:38:03 #8 type] 
Type domain.ReservationRequest is not enhanced.

[2025-03-23 14:38:03 #9 type] 
Type domain.Ride is not enhanced.

[2025-03-23 14:38:03 #10 type.registry] 
New type java.util.ArrayList<java.lang.Object>

[2025-03-23 14:38:03 #11 type.registry] 
New type java.util.ArrayList<domain.ReservationRequest>

[2025-03-23 14:38:03 #12 type.registry] 
New type java.util.ArrayList<domain.Ride>

------------------------------------------------------------------------------------------------------------------------

[2025-03-23 14:38:34 #1 store] 
Database 'Z:\02_Universidad\2º Curso\2º Cuatrimestre\Ingeniería del Software\Iteracion-1-IS1\src\main\resources\rides.temp' has been recovered (tr. 1-10)

[2025-03-23 14:38:34 #2 store] 
Database 'Z:\02_Universidad\2º Curso\2º Cuatrimestre\Ingeniería del Software\Iteracion-1-IS1\src\main\resources\rides.temp' is opened by 9800@CASA

[2025-03-23 14:38:34 #3 type] 
Type domain.Rider is not enhanced.

[2025-03-23 14:38:34 #4 type] 
Type domain.Driver is not enhanced.

[2025-03-23 14:38:34 #5 type] 
Type domain.ReservationRequest is not enhanced.

[2025-03-23 14:38:34 #6 type] 
Type domain.Ride is not enhanced.

------------------------------------------------------------------------------------------------------------------------

[2025-03-23 14:41:47 #1 store] 
Database 'Z:\02_Universidad\2º Curso\2º Cuatrimestre\Ingeniería del Software\Iteracion-1-IS1\src\main\resources\rides.temp' is opened by 7056@CASA

[2025-03-23 14:41:47 #2 type] 
Type domain.Rider is not enhanced.

[2025-03-23 14:41:47 #3 type] 
Type domain.Driver is not enhanced.

[2025-03-23 14:41:47 #4 type] 
Type domain.ReservationRequest is not enhanced.

[2025-03-23 14:41:47 #5 type] 
Type domain.Ride is not enhanced.

------------------------------------------------------------------------------------------------------------------------

[2025-03-23 14:43:46 #1 store] 
Database 'Z:\02_Universidad\2º Curso\2º Cuatrimestre\Ingeniería del Software\Iteracion-1-IS1\src\main\resources\rides.temp' is opened by 3836@CASA

[2025-03-23 14:43:47 #2 type] 
Type domain.Rider is not enhanced.

[2025-03-23 14:43:47 #3 type] 
Type domain.Driver is not enhanced.

[2025-03-23 14:43:47 #4 type] 
Type domain.ReservationRequest is not enhanced.

[2025-03-23 14:43:47 #5 type] 
Type domain.Ride is not enhanced.

------------------------------------------------------------------------------------------------------------------------

[2025-03-23 14:44:27 #1 store] 
Database 'Z:\02_Universidad\2º Curso\2º Cuatrimestre\Ingeniería del Software\Iteracion-1-IS1\src\main\resources\rides.temp' is opened by 3100@CASA

[2025-03-23 14:44:27 #2 type] 
Type domain.Rider is not enhanced.

[2025-03-23 14:44:27 #3 type] 
Type domain.Driver is not enhanced.

[2025-03-23 14:44:27 #4 type] 
Type domain.ReservationRequest is not enhanced.

[2025-03-23 14:44:27 #5 type] 
Type domain.Ride is not enhanced.

------------------------------------------------------------------------------------------------------------------------

[2025-03-23 14:52:41 #1 store] 
Database 'Z:\02_Universidad\2º Curso\2º Cuatrimestre\Ingeniería del Software\Iteracion-1-IS1\src\main\resources\rides.temp' is opened by 14968@CASA

[2025-03-23 14:52:41 #2 type] 
Type domain.Rider is not enhanced.

[2025-03-23 14:52:41 #3 type] 
Type domain.Driver is not enhanced.

[2025-03-23 14:52:41 #4 type] 
Type domain.ReservationRequest is not enhanced.

[2025-03-23 14:52:41 #5 type] 
Type domain.Ride is not enhanced.

------------------------------------------------------------------------------------------------------------------------

[2025-03-23 14:54:19 #1 store] 
Database 'Z:\02_Universidad\2º Curso\2º Cuatrimestre\Ingeniería del Software\Iteracion-1-IS1\src\main\resources\rides.temp' is opened by 22620@CASA

[2025-03-23 14:54:19 #2 type] 
Type domain.Rider is not enhanced.

[2025-03-23 14:54:19 #3 type] 
Type domain.Driver is not enhanced.

[2025-03-23 14:54:19 #4 type] 
Type domain.ReservationRequest is not enhanced.

[2025-03-23 14:54:19 #5 type] 
Type domain.Ride is not enhanced.

------------------------------------------------------------------------------------------------------------------------

[2025-03-23 15:35:49 #1 store] 
Database 'Z:\02_Universidad\2º Curso\2º Cuatrimestre\Ingeniería del Software\Iteracion-1-IS1\src\main\resources\rides.temp' has been recovered (tr. 11-11)

[2025-03-23 15:35:49 #2 store] 
Database 'Z:\02_Universidad\2º Curso\2º Cuatrimestre\Ingeniería del Software\Iteracion-1-IS1\src\main\resources\rides.temp' is opened by 23800@CASA

[2025-03-23 15:35:49 #3 type] 
Type domain.Rider is not enhanced.

[2025-03-23 15:35:49 #4 type] 
Type domain.Driver is not enhanced.

[2025-03-23 15:35:49 #5 type] 
Type domain.ReservationRequest is not enhanced.

[2025-03-23 15:35:49 #6 type] 
Type domain.Ride is not enhanced.

------------------------------------------------------------------------------------------------------------------------

[2025-03-23 15:42:58 #1 store] 
Database 'Z:\02_Universidad\2º Curso\2º Cuatrimestre\Ingeniería del Software\Iteracion-1-IS1\src\main\resources\rides.temp' is opened by 14280@CASA

[2025-03-23 15:42:58 #2 type.registry] 
New type domain.Rider

[2025-03-23 15:42:58 #3 type.registry] 
New type domain.Driver

[2025-03-23 15:42:58 #4 type] 
Type domain.Rider is not enhanced.

[2025-03-23 15:42:58 #5 type.registry] 
New type domain.ReservationRequest

[2025-03-23 15:42:58 #6 type] 
Type domain.Driver is not enhanced.

[2025-03-23 15:42:58 #7 type.registry] 
New type domain.Ride

[2025-03-23 15:42:58 #8 type] 
Type domain.ReservationRequest is not enhanced.

[2025-03-23 15:42:58 #9 type] 
Type domain.Ride is not enhanced.

[2025-03-23 15:42:58 #10 type.registry] 
New type java.util.ArrayList<java.lang.Object>

[2025-03-23 15:42:58 #11 type.registry] 
New type java.util.ArrayList<domain.ReservationRequest>

[2025-03-23 15:42:58 #12 type.registry] 
New type java.util.ArrayList<domain.Ride>

------------------------------------------------------------------------------------------------------------------------

[2025-03-23 15:48:38 #1 store] 
Database 'Z:\02_Universidad\2º Curso\2º Cuatrimestre\Ingeniería del Software\Iteracion-1-IS1\src\main\resources\rides.temp' is opened by 15616@CASA

[2025-03-23 15:48:39 #2 type.registry] 
New type domain.Rider

[2025-03-23 15:48:39 #3 type.registry] 
New type domain.Driver

[2025-03-23 15:48:39 #4 type] 
Type domain.Rider is not enhanced.

[2025-03-23 15:48:39 #5 type.registry] 
New type domain.ReservationRequest

[2025-03-23 15:48:39 #6 type] 
Type domain.Driver is not enhanced.

[2025-03-23 15:48:39 #7 type.registry] 
New type domain.Ride

[2025-03-23 15:48:39 #8 type] 
Type domain.ReservationRequest is not enhanced.

[2025-03-23 15:48:39 #9 type] 
Type domain.Ride is not enhanced.

[2025-03-23 15:48:39 #10 type.registry] 
New type java.util.ArrayList<java.lang.Object>

[2025-03-23 15:48:39 #11 type.registry] 
New type java.util.ArrayList<domain.ReservationRequest>

[2025-03-23 15:48:39 #12 type.registry] 
New type java.util.ArrayList<domain.Ride>

------------------------------------------------------------------------------------------------------------------------

[2025-03-23 15:50:30 #1 store] 
Database 'Z:\02_Universidad\2º Curso\2º Cuatrimestre\Ingeniería del Software\Iteracion-1-IS1\src\main\resources\rides.temp' is opened by 13652@CASA

[2025-03-23 15:50:30 #2 type.registry] 
New type domain.Rider

[2025-03-23 15:50:30 #3 type.registry] 
New type domain.Driver

[2025-03-23 15:50:30 #4 type] 
Type domain.Rider is not enhanced.

[2025-03-23 15:50:30 #5 type.registry] 
New type domain.ReservationRequest

[2025-03-23 15:50:30 #6 type] 
Type domain.Driver is not enhanced.

[2025-03-23 15:50:30 #7 type.registry] 
New type domain.Ride

[2025-03-23 15:50:30 #8 type] 
Type domain.ReservationRequest is not enhanced.

[2025-03-23 15:50:30 #9 type] 
Type domain.Ride is not enhanced.

[2025-03-23 15:50:30 #10 type.registry] 
New type java.util.ArrayList<java.lang.Object>

[2025-03-23 15:50:30 #11 type.registry] 
New type java.util.ArrayList<domain.ReservationRequest>

[2025-03-23 15:50:30 #12 type.registry] 
New type java.util.ArrayList<domain.Ride>

------------------------------------------------------------------------------------------------------------------------

[2025-03-23 15:50:35 #1 store] 
Database 'Z:\02_Universidad\2º Curso\2º Cuatrimestre\Ingeniería del Software\Iteracion-1-IS1\src\main\resources\rides.temp' is opened by 11624@CASA

[2025-03-23 15:50:35 #2 type.registry] 
New type domain.Rider

[2025-03-23 15:50:35 #3 type.registry] 
New type domain.Driver

[2025-03-23 15:50:35 #4 type] 
Type domain.Rider is not enhanced.

[2025-03-23 15:50:35 #5 type.registry] 
New type domain.ReservationRequest

[2025-03-23 15:50:35 #6 type] 
Type domain.Driver is not enhanced.

[2025-03-23 15:50:35 #7 type.registry] 
New type domain.Ride

[2025-03-23 15:50:35 #8 type] 
Type domain.ReservationRequest is not enhanced.

[2025-03-23 15:50:35 #9 type] 
Type domain.Ride is not enhanced.

[2025-03-23 15:50:35 #10 type.registry] 
New type java.util.ArrayList<java.lang.Object>

[2025-03-23 15:50:35 #11 type.registry] 
New type java.util.ArrayList<domain.ReservationRequest>

[2025-03-23 15:50:35 #12 type.registry] 
New type java.util.ArrayList<domain.Ride>

------------------------------------------------------------------------------------------------------------------------

[2025-03-23 15:51:38 #1 store] 
Database 'Z:\02_Universidad\2º Curso\2º Cuatrimestre\Ingeniería del Software\Iteracion-1-IS1\src\main\resources\rides.temp' is opened by 8516@CASA

[2025-03-23 15:51:38 #2 type.registry] 
New type domain.Rider

[2025-03-23 15:51:38 #3 type.registry] 
New type domain.Driver

[2025-03-23 15:51:38 #4 type] 
Type domain.Rider is not enhanced.

[2025-03-23 15:51:38 #5 type.registry] 
New type domain.ReservationRequest

[2025-03-23 15:51:38 #6 type] 
Type domain.Driver is not enhanced.

[2025-03-23 15:51:38 #7 type.registry] 
New type domain.Ride

[2025-03-23 15:51:38 #8 type] 
Type domain.ReservationRequest is not enhanced.

[2025-03-23 15:51:38 #9 type] 
Type domain.Ride is not enhanced.

[2025-03-23 15:51:38 #10 type.registry] 
New type java.util.ArrayList<java.lang.Object>

[2025-03-23 15:51:38 #11 type.registry] 
New type java.util.ArrayList<domain.ReservationRequest>

[2025-03-23 15:51:38 #12 type.registry] 
New type java.util.ArrayList<domain.Ride>

------------------------------------------------------------------------------------------------------------------------

[2025-03-23 16:19:35 #1 store] 
Database 'Z:\02_Universidad\2º Curso\2º Cuatrimestre\Ingeniería del Software\Iteracion-1-IS1\src\main\resources\rides.temp' is opened by 22328@CASA

[2025-03-23 16:19:35 #2 type.registry] 
New type domain.Rider

[2025-03-23 16:19:35 #3 type.registry] 
New type domain.Driver

[2025-03-23 16:19:35 #4 type] 
Type domain.Rider is not enhanced.

[2025-03-23 16:19:35 #5 type.registry] 
New type domain.ReservationRequest

[2025-03-23 16:19:35 #6 type] 
Type domain.Driver is not enhanced.

[2025-03-23 16:19:35 #7 type.registry] 
New type domain.Ride

[2025-03-23 16:19:35 #8 type] 
Type domain.ReservationRequest is not enhanced.

[2025-03-23 16:19:35 #9 type] 
Type domain.Ride is not enhanced.

[2025-03-23 16:19:35 #10 type.registry] 
New type java.util.ArrayList<java.lang.Object>

[2025-03-23 16:19:35 #11 type.registry] 
New type java.util.ArrayList<domain.ReservationRequest>

[2025-03-23 16:19:35 #12 type.registry] 
New type java.util.ArrayList<domain.Ride>

------------------------------------------------------------------------------------------------------------------------

[2025-03-23 16:23:21 #1 store] 
Database 'Z:\02_Universidad\2º Curso\2º Cuatrimestre\Ingeniería del Software\Iteracion-1-IS1\src\main\resources\rides.temp' is opened by 17120@CASA

[2025-03-23 16:23:21 #2 type.registry] 
New type domain.Rider

[2025-03-23 16:23:21 #3 type.registry] 
New type domain.Driver

[2025-03-23 16:23:21 #4 type] 
Type domain.Rider is not enhanced.

[2025-03-23 16:23:21 #5 type.registry] 
New type domain.ReservationRequest

[2025-03-23 16:23:21 #6 type] 
Type domain.Driver is not enhanced.

[2025-03-23 16:23:21 #7 type.registry] 
New type domain.Ride

[2025-03-23 16:23:21 #8 type] 
Type domain.ReservationRequest is not enhanced.

[2025-03-23 16:23:21 #9 type] 
Type domain.Ride is not enhanced.

[2025-03-23 16:23:21 #10 type.registry] 
New type java.util.ArrayList<java.lang.Object>

[2025-03-23 16:23:21 #11 type.registry] 
New type java.util.ArrayList<domain.ReservationRequest>

[2025-03-23 16:23:21 #12 type.registry] 
New type java.util.ArrayList<domain.Ride>

------------------------------------------------------------------------------------------------------------------------

[2025-03-23 16:23:28 #1 store] 
Database 'Z:\02_Universidad\2º Curso\2º Cuatrimestre\Ingeniería del Software\Iteracion-1-IS1\src\main\resources\rides.temp' has been recovered (tr. 1-11)

[2025-03-23 16:23:28 #2 store] 
Database 'Z:\02_Universidad\2º Curso\2º Cuatrimestre\Ingeniería del Software\Iteracion-1-IS1\src\main\resources\rides.temp' is opened by 3432@CASA

[2025-03-23 16:23:28 #3 type] 
Type domain.Rider is not enhanced.

[2025-03-23 16:23:28 #4 type] 
Type domain.Driver is not enhanced.

[2025-03-23 16:23:28 #5 type] 
Type domain.ReservationRequest is not enhanced.

[2025-03-23 16:23:28 #6 type] 
Type domain.Ride is not enhanced.

