------------------------------------------------------------------------------------------------------------------------

[2025-04-02 18:59:13 #1 store] 
Database 'G:\EHU\Laboratorios\IS1 (2ndo)\Iteracion-1\compiled (entregable)\src\main\resources\rides.temp' is opened by 16604@UnaiPC

[2025-04-02 18:59:13 #2 type.registry] 
New type domain.Rider

[2025-04-02 18:59:13 #3 type.registry] 
New type domain.Driver

[2025-04-02 18:59:13 #4 type] 
Type domain.Rider is not enhanced.

[2025-04-02 18:59:13 #5 type.registry] 
New type domain.ReviewRating

[2025-04-02 18:59:13 #6 type.registry] 
New type domain.Review

[2025-04-02 18:59:13 #7 type.registry] 
New type domain.ReservationRequest

[2025-04-02 18:59:13 #8 type] 
Type domain.Driver is not enhanced.

[2025-04-02 18:59:13 #9 type.registry] 
New type domain.Ride

[2025-04-02 18:59:13 #10 type] 
Type domain.ReviewRating is not enhanced.

[2025-04-02 18:59:13 #11 type] 
Type domain.Review is not enhanced.

[2025-04-02 18:59:13 #12 type] 
Type domain.ReservationRequest is not enhanced.

[2025-04-02 18:59:13 #13 type] 
Type domain.Ride is not enhanced.

[2025-04-02 18:59:13 #14 type.registry] 
New type java.util.ArrayList<java.lang.Object>

[2025-04-02 18:59:13 #15 type.registry] 
New type java.util.ArrayList<domain.ReservationRequest>

[2025-04-02 18:59:13 #16 type.registry] 
New type java.util.ArrayList<domain.Review>

[2025-04-02 18:59:13 #17 type.registry] 
New type java.util.ArrayList<domain.ReviewRating>

[2025-04-02 18:59:13 #18 type.registry] 
New type java.util.ArrayList<domain.Ride>

------------------------------------------------------------------------------------------------------------------------

[2025-04-02 18:59:29 #1 store] 
Database 'G:\EHU\Laboratorios\IS1 (2ndo)\Iteracion-1\compiled (entregable)\src\main\resources\rides.temp' is opened by 16588@UnaiPC

[2025-04-02 18:59:29 #2 type.registry] 
New type domain.Rider

[2025-04-02 18:59:29 #3 type.registry] 
New type domain.Driver

[2025-04-02 18:59:29 #4 type] 
Type domain.Rider is not enhanced.

[2025-04-02 18:59:29 #5 type.registry] 
New type domain.ReviewRating

[2025-04-02 18:59:29 #6 type.registry] 
New type domain.Review

[2025-04-02 18:59:29 #7 type.registry] 
New type domain.ReservationRequest

[2025-04-02 18:59:29 #8 type] 
Type domain.Driver is not enhanced.

[2025-04-02 18:59:29 #9 type.registry] 
New type domain.Ride

[2025-04-02 18:59:29 #10 type] 
Type domain.ReviewRating is not enhanced.

[2025-04-02 18:59:29 #11 type] 
Type domain.Review is not enhanced.

[2025-04-02 18:59:29 #12 type] 
Type domain.ReservationRequest is not enhanced.

[2025-04-02 18:59:29 #13 type] 
Type domain.Ride is not enhanced.

[2025-04-02 18:59:29 #14 type.registry] 
New type java.util.ArrayList<java.lang.Object>

[2025-04-02 18:59:29 #15 type.registry] 
New type java.util.ArrayList<domain.ReservationRequest>

[2025-04-02 18:59:29 #16 type.registry] 
New type java.util.ArrayList<domain.Review>

[2025-04-02 18:59:29 #17 type.registry] 
New type java.util.ArrayList<domain.ReviewRating>

[2025-04-02 18:59:29 #18 type.registry] 
New type java.util.ArrayList<domain.Ride>

------------------------------------------------------------------------------------------------------------------------

[2025-04-02 19:09:13 #1 store] 
Database 'G:\EHU\Laboratorios\IS1 (2ndo)\Iteracion-1\compiled (entregable)\src\main\resources\rides.temp' is opened by 17268@UnaiPC

[2025-04-02 19:09:13 #2 type.registry] 
New type domain.Rider

[2025-04-02 19:09:13 #3 type.registry] 
New type domain.Driver

[2025-04-02 19:09:13 #4 type] 
Type domain.Rider is not enhanced.

[2025-04-02 19:09:13 #5 type.registry] 
New type domain.ReviewRating

[2025-04-02 19:09:13 #6 type.registry] 
New type domain.Review

[2025-04-02 19:09:13 #7 type.registry] 
New type domain.ReservationRequest

[2025-04-02 19:09:13 #8 type] 
Type domain.Driver is not enhanced.

[2025-04-02 19:09:13 #9 type.registry] 
New type domain.Ride

[2025-04-02 19:09:13 #10 type] 
Type domain.ReviewRating is not enhanced.

[2025-04-02 19:09:13 #11 type] 
Type domain.Review is not enhanced.

[2025-04-02 19:09:13 #12 type] 
Type domain.ReservationRequest is not enhanced.

[2025-04-02 19:09:13 #13 type] 
Type domain.Ride is not enhanced.

[2025-04-02 19:09:13 #14 type.registry] 
New type java.util.ArrayList<java.lang.Object>

[2025-04-02 19:09:13 #15 type.registry] 
New type java.util.ArrayList<domain.ReservationRequest>

[2025-04-02 19:09:13 #16 type.registry] 
New type java.util.ArrayList<domain.Review>

[2025-04-02 19:09:13 #17 type.registry] 
New type java.util.ArrayList<domain.ReviewRating>

[2025-04-02 19:09:13 #18 type.registry] 
New type java.util.ArrayList<domain.Ride>

------------------------------------------------------------------------------------------------------------------------

[2025-04-02 20:44:31 #1 store] 
Database 'G:\EHU\Laboratorios\IS1 (2ndo)\Iteracion-1\compiled (entregable)\src\main\resources\rides.temp' is opened by 6848@UnaiPC

[2025-04-02 20:44:31 #2 type.registry] 
New type domain.Rider

[2025-04-02 20:44:31 #3 type.registry] 
New type domain.Driver

[2025-04-02 20:44:31 #4 type] 
Type domain.Rider is not enhanced.

[2025-04-02 20:44:31 #5 type.registry] 
New type domain.ReviewRating

[2025-04-02 20:44:31 #6 type.registry] 
New type domain.Review

[2025-04-02 20:44:31 #7 type.registry] 
New type domain.ReservationRequest

[2025-04-02 20:44:31 #8 type] 
Type domain.Driver is not enhanced.

[2025-04-02 20:44:31 #9 type.registry] 
New type domain.Ride

[2025-04-02 20:44:31 #10 type] 
Type domain.ReviewRating is not enhanced.

[2025-04-02 20:44:31 #11 type] 
Type domain.Review is not enhanced.

[2025-04-02 20:44:31 #12 type] 
Type domain.ReservationRequest is not enhanced.

[2025-04-02 20:44:31 #13 type] 
Type domain.Ride is not enhanced.

[2025-04-02 20:44:31 #14 type.registry] 
New type java.util.ArrayList<java.lang.Object>

[2025-04-02 20:44:31 #15 type.registry] 
New type java.util.ArrayList<domain.ReservationRequest>

[2025-04-02 20:44:31 #16 type.registry] 
New type java.util.ArrayList<domain.Review>

[2025-04-02 20:44:31 #17 type.registry] 
New type java.util.ArrayList<domain.ReviewRating>

[2025-04-02 20:44:31 #18 type.registry] 
New type java.util.ArrayList<domain.Ride>

