------------------------------------------------------------------------------------------------------------------------

[2025-03-21 19:03:20 #1 store] 
Database 'Z:\02_Universidad\2º Curso\2º Cuatrimestre\Ingeniería del Software\Iteracion-1-IS1\src\main\resources\rides.temp' is opened by 19868@CASA

[2025-03-21 19:03:20 #2 type] 
Type domain.Rider is not enhanced.

[2025-03-21 19:03:20 #3 type] 
Type domain.Driver is not enhanced.

[2025-03-21 19:03:21 #4 type] 
Type domain.ReservationRequest is not enhanced.

[2025-03-21 19:03:21 #5 type] 
Type domain.Ride is not enhanced.

------------------------------------------------------------------------------------------------------------------------

[2025-03-21 19:21:48 #1 store] 
Database 'Z:\02_Universidad\2º Curso\2º Cuatrimestre\Ingeniería del Software\Iteracion-1-IS1\src\main\resources\rides.temp' is opened by 20944@CASA

[2025-03-21 19:21:48 #2 type] 
Type domain.Rider is not enhanced.

[2025-03-21 19:21:48 #3 type] 
Type domain.Driver is not enhanced.

[2025-03-21 19:21:48 #4 type] 
Type domain.ReservationRequest is not enhanced.

[2025-03-21 19:21:48 #5 type] 
Type domain.Ride is not enhanced.

------------------------------------------------------------------------------------------------------------------------

[2025-03-21 20:47:20 #1 store] 
Database 'Z:\02_Universidad\2º Curso\2º Cuatrimestre\Ingeniería del Software\Iteracion-1-IS1\src\main\resources\rides.temp' is opened by 21264@CASA

[2025-03-21 20:47:20 #2 type] 
Type domain.Rider is not enhanced.

[2025-03-21 20:47:20 #3 type] 
Type domain.Driver is not enhanced.

[2025-03-21 20:47:20 #4 type] 
Type domain.ReservationRequest is not enhanced.

[2025-03-21 20:47:20 #5 type] 
Type domain.Ride is not enhanced.

------------------------------------------------------------------------------------------------------------------------

[2025-03-21 20:49:46 #1 store] 
Database 'Z:\02_Universidad\2º Curso\2º Cuatrimestre\Ingeniería del Software\Iteracion-1-IS1\src\main\resources\rides.temp' is opened by 5232@CASA

[2025-03-21 20:49:46 #2 type] 
Type domain.Rider is not enhanced.

[2025-03-21 20:49:47 #3 type] 
Type domain.Driver is not enhanced.

[2025-03-21 20:49:47 #4 type] 
Type domain.ReservationRequest is not enhanced.

[2025-03-21 20:49:47 #5 type] 
Type domain.Ride is not enhanced.

------------------------------------------------------------------------------------------------------------------------

[2025-03-21 20:52:01 #1 store] 
Database 'Z:\02_Universidad\2º Curso\2º Cuatrimestre\Ingeniería del Software\Iteracion-1-IS1\src\main\resources\rides.temp' is opened by 5512@CASA

[2025-03-21 20:52:01 #2 type] 
Type domain.Rider is not enhanced.

[2025-03-21 20:52:01 #3 type] 
Type domain.Driver is not enhanced.

[2025-03-21 20:52:01 #4 type] 
Type domain.ReservationRequest is not enhanced.

[2025-03-21 20:52:01 #5 type] 
Type domain.Ride is not enhanced.

------------------------------------------------------------------------------------------------------------------------

[2025-03-21 20:59:13 #1 store] 
Database 'Z:\02_Universidad\2º Curso\2º Cuatrimestre\Ingeniería del Software\Iteracion-1-IS1\src\main\resources\rides.temp' is opened by 9012@CASA

[2025-03-21 20:59:13 #2 type] 
Type domain.Rider is not enhanced.

[2025-03-21 20:59:13 #3 type] 
Type domain.Driver is not enhanced.

[2025-03-21 20:59:13 #4 type] 
Type domain.ReservationRequest is not enhanced.

[2025-03-21 20:59:13 #5 type] 
Type domain.Ride is not enhanced.

------------------------------------------------------------------------------------------------------------------------

[2025-03-21 21:08:05 #1 store] 
Database 'Z:\02_Universidad\2º Curso\2º Cuatrimestre\Ingeniería del Software\Iteracion-1-IS1\src\main\resources\rides.temp' is opened by 5872@CASA

[2025-03-21 21:08:05 #2 type] 
Type domain.Rider is not enhanced.

[2025-03-21 21:08:05 #3 type] 
Type domain.Driver is not enhanced.

[2025-03-21 21:08:05 #4 type] 
Type domain.ReservationRequest is not enhanced.

[2025-03-21 21:08:05 #5 type] 
Type domain.Ride is not enhanced.

------------------------------------------------------------------------------------------------------------------------

[2025-03-21 21:11:07 #1 store] 
Database 'Z:\02_Universidad\2º Curso\2º Cuatrimestre\Ingeniería del Software\Iteracion-1-IS1\src\main\resources\rides.temp' is opened by 20568@CASA

[2025-03-21 21:11:07 #2 type] 
Type domain.Rider is not enhanced.

[2025-03-21 21:11:07 #3 type] 
Type domain.Driver is not enhanced.

[2025-03-21 21:11:07 #4 type] 
Type domain.ReservationRequest is not enhanced.

[2025-03-21 21:11:07 #5 type] 
Type domain.Ride is not enhanced.

------------------------------------------------------------------------------------------------------------------------

[2025-03-21 21:13:49 #1 store] 
Database 'Z:\02_Universidad\2º Curso\2º Cuatrimestre\Ingeniería del Software\Iteracion-1-IS1\src\main\resources\rides.temp' is opened by 18524@CASA

[2025-03-21 21:13:49 #2 type] 
Type domain.Rider is not enhanced.

[2025-03-21 21:13:49 #3 type] 
Type domain.Driver is not enhanced.

[2025-03-21 21:13:49 #4 type] 
Type domain.ReservationRequest is not enhanced.

[2025-03-21 21:13:49 #5 type] 
Type domain.Ride is not enhanced.

------------------------------------------------------------------------------------------------------------------------

[2025-03-21 21:17:06 #1 store] 
Database 'Z:\02_Universidad\2º Curso\2º Cuatrimestre\Ingeniería del Software\Iteracion-1-IS1\src\main\resources\rides.temp' is opened by 25560@CASA

[2025-03-21 21:17:06 #2 type] 
Type domain.Rider is not enhanced.

[2025-03-21 21:17:06 #3 type] 
Type domain.Driver is not enhanced.

[2025-03-21 21:17:06 #4 type] 
Type domain.ReservationRequest is not enhanced.

[2025-03-21 21:17:06 #5 type] 
Type domain.Ride is not enhanced.

------------------------------------------------------------------------------------------------------------------------

[2025-03-21 21:24:33 #1 store] 
Database 'Z:\02_Universidad\2º Curso\2º Cuatrimestre\Ingeniería del Software\Iteracion-1-IS1\src\main\resources\rides.temp' is opened by 8976@CASA

[2025-03-21 21:24:33 #2 type] 
Type domain.Rider is not enhanced.

[2025-03-21 21:24:33 #3 type] 
Type domain.Driver is not enhanced.

[2025-03-21 21:24:33 #4 type] 
Type domain.ReservationRequest is not enhanced.

[2025-03-21 21:24:33 #5 type] 
Type domain.Ride is not enhanced.

------------------------------------------------------------------------------------------------------------------------

[2025-03-21 21:25:44 #1 store] 
Database 'Z:\02_Universidad\2º Curso\2º Cuatrimestre\Ingeniería del Software\Iteracion-1-IS1\src\main\resources\rides.temp' is opened by 18256@CASA

[2025-03-21 21:25:44 #2 type] 
Type domain.Rider is not enhanced.

[2025-03-21 21:25:44 #3 type] 
Type domain.Driver is not enhanced.

[2025-03-21 21:25:44 #4 type] 
Type domain.ReservationRequest is not enhanced.

[2025-03-21 21:25:44 #5 type] 
Type domain.Ride is not enhanced.

------------------------------------------------------------------------------------------------------------------------

[2025-03-21 21:27:00 #1 store] 
Database 'Z:\02_Universidad\2º Curso\2º Cuatrimestre\Ingeniería del Software\Iteracion-1-IS1\src\main\resources\rides.temp' is opened by 9900@CASA

[2025-03-21 21:27:00 #2 type] 
Type domain.Rider is not enhanced.

[2025-03-21 21:27:00 #3 type] 
Type domain.Driver is not enhanced.

[2025-03-21 21:27:00 #4 type] 
Type domain.ReservationRequest is not enhanced.

[2025-03-21 21:27:00 #5 type] 
Type domain.Ride is not enhanced.

------------------------------------------------------------------------------------------------------------------------

[2025-03-21 21:28:07 #1 store] 
Database 'Z:\02_Universidad\2º Curso\2º Cuatrimestre\Ingeniería del Software\Iteracion-1-IS1\src\main\resources\rides.temp' is opened by 476@CASA

[2025-03-21 21:28:07 #2 type] 
Type domain.Rider is not enhanced.

[2025-03-21 21:28:07 #3 type] 
Type domain.Driver is not enhanced.

[2025-03-21 21:28:07 #4 type] 
Type domain.ReservationRequest is not enhanced.

[2025-03-21 21:28:07 #5 type] 
Type domain.Ride is not enhanced.

------------------------------------------------------------------------------------------------------------------------

[2025-03-21 21:29:07 #1 store] 
Database 'Z:\02_Universidad\2º Curso\2º Cuatrimestre\Ingeniería del Software\Iteracion-1-IS1\src\main\resources\rides.temp' is opened by 13516@CASA

[2025-03-21 21:29:07 #2 type] 
Type domain.Rider is not enhanced.

[2025-03-21 21:29:07 #3 type] 
Type domain.Driver is not enhanced.

[2025-03-21 21:29:07 #4 type] 
Type domain.ReservationRequest is not enhanced.

[2025-03-21 21:29:07 #5 type] 
Type domain.Ride is not enhanced.

------------------------------------------------------------------------------------------------------------------------

[2025-03-21 21:31:10 #1 store] 
Database 'Z:\02_Universidad\2º Curso\2º Cuatrimestre\Ingeniería del Software\Iteracion-1-IS1\src\main\resources\rides.temp' is opened by 9716@CASA

[2025-03-21 21:31:10 #2 type] 
Type domain.Rider is not enhanced.

[2025-03-21 21:31:10 #3 type] 
Type domain.Driver is not enhanced.

[2025-03-21 21:31:10 #4 type] 
Type domain.ReservationRequest is not enhanced.

[2025-03-21 21:31:10 #5 type] 
Type domain.Ride is not enhanced.

------------------------------------------------------------------------------------------------------------------------

[2025-03-21 21:32:29 #1 store] 
Database 'Z:\02_Universidad\2º Curso\2º Cuatrimestre\Ingeniería del Software\Iteracion-1-IS1\src\main\resources\rides.temp' is opened by 5032@CASA

[2025-03-21 21:32:29 #2 type] 
Type domain.Rider is not enhanced.

[2025-03-21 21:32:29 #3 type] 
Type domain.Driver is not enhanced.

[2025-03-21 21:32:29 #4 type] 
Type domain.ReservationRequest is not enhanced.

[2025-03-21 21:32:29 #5 type] 
Type domain.Ride is not enhanced.

------------------------------------------------------------------------------------------------------------------------

[2025-03-21 21:34:01 #1 store] 
Database 'Z:\02_Universidad\2º Curso\2º Cuatrimestre\Ingeniería del Software\Iteracion-1-IS1\src\main\resources\rides.temp' is opened by 12832@CASA

[2025-03-21 21:34:01 #2 type] 
Type domain.Rider is not enhanced.

[2025-03-21 21:34:01 #3 type] 
Type domain.Driver is not enhanced.

[2025-03-21 21:34:01 #4 type] 
Type domain.ReservationRequest is not enhanced.

[2025-03-21 21:34:01 #5 type] 
Type domain.Ride is not enhanced.

------------------------------------------------------------------------------------------------------------------------

[2025-03-21 21:35:06 #1 store] 
Database 'Z:\02_Universidad\2º Curso\2º Cuatrimestre\Ingeniería del Software\Iteracion-1-IS1\src\main\resources\rides.temp' is opened by 19172@CASA

[2025-03-21 21:35:06 #2 type] 
Type domain.Rider is not enhanced.

[2025-03-21 21:35:06 #3 type] 
Type domain.Driver is not enhanced.

[2025-03-21 21:35:06 #4 type] 
Type domain.ReservationRequest is not enhanced.

[2025-03-21 21:35:06 #5 type] 
Type domain.Ride is not enhanced.

------------------------------------------------------------------------------------------------------------------------

[2025-03-21 21:36:11 #1 store] 
Database 'Z:\02_Universidad\2º Curso\2º Cuatrimestre\Ingeniería del Software\Iteracion-1-IS1\src\main\resources\rides.temp' has been recovered (tr. 11-11)

[2025-03-21 21:36:11 #2 store] 
Database 'Z:\02_Universidad\2º Curso\2º Cuatrimestre\Ingeniería del Software\Iteracion-1-IS1\src\main\resources\rides.temp' is opened by 4136@CASA

[2025-03-21 21:36:11 #3 type] 
Type domain.Rider is not enhanced.

[2025-03-21 21:36:11 #4 type] 
Type domain.Driver is not enhanced.

[2025-03-21 21:36:11 #5 type] 
Type domain.ReservationRequest is not enhanced.

[2025-03-21 21:36:11 #6 type] 
Type domain.Ride is not enhanced.

------------------------------------------------------------------------------------------------------------------------

[2025-03-21 21:37:11 #1 store] 
Database 'Z:\02_Universidad\2º Curso\2º Cuatrimestre\Ingeniería del Software\Iteracion-1-IS1\src\main\resources\rides.temp' has been recovered (tr. 12-12)

[2025-03-21 21:37:11 #2 store] 
Database 'Z:\02_Universidad\2º Curso\2º Cuatrimestre\Ingeniería del Software\Iteracion-1-IS1\src\main\resources\rides.temp' is opened by 22344@CASA

[2025-03-21 21:37:11 #3 type] 
Type domain.Rider is not enhanced.

[2025-03-21 21:37:11 #4 type] 
Type domain.Driver is not enhanced.

[2025-03-21 21:37:11 #5 type] 
Type domain.ReservationRequest is not enhanced.

[2025-03-21 21:37:11 #6 type] 
Type domain.Ride is not enhanced.

------------------------------------------------------------------------------------------------------------------------

[2025-03-21 21:37:30 #1 store] 
Database 'Z:\02_Universidad\2º Curso\2º Cuatrimestre\Ingeniería del Software\Iteracion-1-IS1\src\main\resources\rides.temp' is opened by 2900@CASA

[2025-03-21 21:37:30 #2 type] 
Type domain.Rider is not enhanced.

[2025-03-21 21:37:30 #3 type] 
Type domain.Driver is not enhanced.

[2025-03-21 21:37:30 #4 type] 
Type domain.ReservationRequest is not enhanced.

[2025-03-21 21:37:30 #5 type] 
Type domain.Ride is not enhanced.

------------------------------------------------------------------------------------------------------------------------

[2025-03-21 21:40:49 #1 store] 
Database 'Z:\02_Universidad\2º Curso\2º Cuatrimestre\Ingeniería del Software\Iteracion-1-IS1\src\main\resources\rides.temp' is opened by 6868@CASA

[2025-03-21 21:40:49 #2 type] 
Type domain.Rider is not enhanced.

[2025-03-21 21:40:49 #3 type] 
Type domain.Driver is not enhanced.

[2025-03-21 21:40:49 #4 type] 
Type domain.ReservationRequest is not enhanced.

[2025-03-21 21:40:49 #5 type] 
Type domain.Ride is not enhanced.

------------------------------------------------------------------------------------------------------------------------

[2025-03-21 21:42:16 #1 store] 
Database 'Z:\02_Universidad\2º Curso\2º Cuatrimestre\Ingeniería del Software\Iteracion-1-IS1\src\main\resources\rides.temp' is opened by 23168@CASA

[2025-03-21 21:42:16 #2 type] 
Type domain.Rider is not enhanced.

[2025-03-21 21:42:16 #3 type] 
Type domain.Driver is not enhanced.

[2025-03-21 21:42:16 #4 type] 
Type domain.ReservationRequest is not enhanced.

[2025-03-21 21:42:16 #5 type] 
Type domain.Ride is not enhanced.

------------------------------------------------------------------------------------------------------------------------

[2025-03-21 21:48:44 #1 store] 
Database 'Z:\02_Universidad\2º Curso\2º Cuatrimestre\Ingeniería del Software\Iteracion-1-IS1\src\main\resources\rides.temp' is opened by 22816@CASA

[2025-03-21 21:48:44 #2 type.registry] 
New type domain.Rider

[2025-03-21 21:48:44 #3 type.registry] 
New type domain.Driver

[2025-03-21 21:48:44 #4 type] 
Type domain.Rider is not enhanced.

[2025-03-21 21:48:44 #5 type.registry] 
New type domain.ReservationRequest

[2025-03-21 21:48:44 #6 type] 
Type domain.Driver is not enhanced.

[2025-03-21 21:48:44 #7 type.registry] 
New type domain.Ride

[2025-03-21 21:48:44 #8 type] 
Type domain.ReservationRequest is not enhanced.

[2025-03-21 21:48:44 #9 type] 
Type domain.Ride is not enhanced.

[2025-03-21 21:48:44 #10 type.registry] 
New type java.util.ArrayList<java.lang.Object>

[2025-03-21 21:48:44 #11 type.registry] 
New type java.util.ArrayList<domain.ReservationRequest>

[2025-03-21 21:48:44 #12 type.registry] 
New type java.util.ArrayList<domain.Ride>

------------------------------------------------------------------------------------------------------------------------

[2025-03-21 21:49:44 #1 store] 
Database 'Z:\02_Universidad\2º Curso\2º Cuatrimestre\Ingeniería del Software\Iteracion-1-IS1\src\main\resources\rides.temp' is opened by 23732@CASA

[2025-03-21 21:49:44 #2 type.registry] 
New type domain.Rider

[2025-03-21 21:49:44 #3 type.registry] 
New type domain.Driver

[2025-03-21 21:49:44 #4 type] 
Type domain.Rider is not enhanced.

[2025-03-21 21:49:44 #5 type.registry] 
New type domain.ReservationRequest

[2025-03-21 21:49:44 #6 type] 
Type domain.Driver is not enhanced.

[2025-03-21 21:49:44 #7 type.registry] 
New type domain.Ride

[2025-03-21 21:49:44 #8 type] 
Type domain.ReservationRequest is not enhanced.

[2025-03-21 21:49:44 #9 type] 
Type domain.Ride is not enhanced.

[2025-03-21 21:49:44 #10 type.registry] 
New type java.util.ArrayList<java.lang.Object>

[2025-03-21 21:49:44 #11 type.registry] 
New type java.util.ArrayList<domain.ReservationRequest>

[2025-03-21 21:49:44 #12 type.registry] 
New type java.util.ArrayList<domain.Ride>

------------------------------------------------------------------------------------------------------------------------

[2025-03-21 21:50:07 #1 store] 
Database 'Z:\02_Universidad\2º Curso\2º Cuatrimestre\Ingeniería del Software\Iteracion-1-IS1\src\main\resources\rides.temp' is opened by 12832@CASA

[2025-03-21 21:50:07 #2 type.registry] 
New type domain.Rider

[2025-03-21 21:50:07 #3 type.registry] 
New type domain.Driver

[2025-03-21 21:50:07 #4 type] 
Type domain.Rider is not enhanced.

[2025-03-21 21:50:07 #5 type.registry] 
New type domain.ReservationRequest

[2025-03-21 21:50:07 #6 type] 
Type domain.Driver is not enhanced.

[2025-03-21 21:50:07 #7 type.registry] 
New type domain.Ride

[2025-03-21 21:50:07 #8 type] 
Type domain.ReservationRequest is not enhanced.

[2025-03-21 21:50:07 #9 type] 
Type domain.Ride is not enhanced.

[2025-03-21 21:50:07 #10 type.registry] 
New type java.util.ArrayList<java.lang.Object>

[2025-03-21 21:50:07 #11 type.registry] 
New type java.util.ArrayList<domain.ReservationRequest>

[2025-03-21 21:50:07 #12 type.registry] 
New type java.util.ArrayList<domain.Ride>

