------------------------------------------------------------------------------------------------------------------------

[2025-03-02 15:12:03 #1 store] 
Database 'Z:\02_Universidad\2º Curso\2º Cuatrimestre\Ingeniería del Software\Iteracion01\Iteracion-1-IS1\src\main\resources\rides.temp' is opened by 16120@CASA

[2025-03-02 15:12:04 #2 type.registry] 
New type domain.Driver

[2025-03-02 15:12:04 #3 type] 
Type domain.Driver is not enhanced.

[2025-03-02 15:12:04 #4 type.registry] 
New type domain.Ride

[2025-03-02 15:12:04 #5 type] 
Type domain.Ride is not enhanced.

[2025-03-02 15:12:04 #6 type.registry] 
New type java.util.Vector<java.lang.Object>

[2025-03-02 15:12:04 #7 type.registry] 
New type java.util.Vector<domain.Ride>

------------------------------------------------------------------------------------------------------------------------

[2025-03-02 19:30:51 #1 store] 
Database 'Z:\02_Universidad\2º Curso\2º Cuatrimestre\Ingeniería del Software\Iteracion01\Iteracion-1-IS1\src\main\resources\rides.temp' is opened by 25360@CASA

[2025-03-02 19:30:51 #2 type.registry] 
New type domain.Rider

[2025-03-02 19:30:51 #3 type.registry] 
New type domain.Driver

[2025-03-02 19:30:51 #4 type] 
Type domain.Rider is not enhanced.

[2025-03-02 19:30:51 #5 type.registry] 
New type domain.ReservationRequest

[2025-03-02 19:30:51 #6 type] 
Type domain.Driver is not enhanced.

[2025-03-02 19:30:51 #7 type.registry] 
New type domain.Ride

[2025-03-02 19:30:51 #8 type] 
Type domain.ReservationRequest is not enhanced.

[2025-03-02 19:30:51 #9 type] 
Type domain.Ride is not enhanced.

[2025-03-02 19:30:51 #10 type.registry] 
New type java.util.Vector<java.lang.Object>

[2025-03-02 19:30:51 #11 type.registry] 
New type java.util.Vector<domain.Ride>

------------------------------------------------------------------------------------------------------------------------

[2025-03-02 19:59:56 #1 store] 
Database 'Z:\02_Universidad\2º Curso\2º Cuatrimestre\Ingeniería del Software\Iteracion01\Iteracion-1-IS1\src\main\resources\rides.temp' is opened by 29448@CASA

[2025-03-02 19:59:56 #2 type.registry] 
New type domain.Rider

[2025-03-02 19:59:56 #3 type.registry] 
New type domain.Driver

[2025-03-02 19:59:56 #4 type] 
Type domain.Rider is not enhanced.

[2025-03-02 19:59:56 #5 type.registry] 
New type domain.ReservationRequest

[2025-03-02 19:59:56 #6 type] 
Type domain.Driver is not enhanced.

[2025-03-02 19:59:56 #7 type.registry] 
New type domain.Ride

[2025-03-02 19:59:56 #8 type] 
Type domain.ReservationRequest is not enhanced.

[2025-03-02 19:59:56 #9 type] 
Type domain.Ride is not enhanced.

[2025-03-02 19:59:56 #10 type.registry] 
New type java.util.Vector<java.lang.Object>

[2025-03-02 19:59:56 #11 type.registry] 
New type java.util.Vector<domain.Ride>

------------------------------------------------------------------------------------------------------------------------

[2025-03-02 20:05:29 #1 store] 
Database 'Z:\02_Universidad\2º Curso\2º Cuatrimestre\Ingeniería del Software\Iteracion01\Iteracion-1-IS1\src\main\resources\rides.temp' is opened by 22684@CASA

[2025-03-02 20:05:29 #2 type.registry] 
New type domain.Rider

[2025-03-02 20:05:29 #3 type.registry] 
New type domain.Driver

[2025-03-02 20:05:29 #4 type] 
Type domain.Rider is not enhanced.

[2025-03-02 20:05:29 #5 type.registry] 
New type domain.ReservationRequest

[2025-03-02 20:05:29 #6 type] 
Type domain.Driver is not enhanced.

[2025-03-02 20:05:29 #7 type.registry] 
New type domain.Ride

[2025-03-02 20:05:29 #8 type] 
Type domain.ReservationRequest is not enhanced.

[2025-03-02 20:05:29 #9 type] 
Type domain.Ride is not enhanced.

[2025-03-02 20:05:29 #10 type.registry] 
New type java.util.Vector<java.lang.Object>

[2025-03-02 20:05:29 #11 type.registry] 
New type java.util.Vector<domain.Ride>

------------------------------------------------------------------------------------------------------------------------

[2025-03-02 20:09:00 #1 store] 
Database 'Z:\02_Universidad\2º Curso\2º Cuatrimestre\Ingeniería del Software\Iteracion01\Iteracion-1-IS1\src\main\resources\rides.temp' is opened by 13604@CASA

[2025-03-02 20:09:00 #2 type.registry] 
New type domain.Rider

[2025-03-02 20:09:00 #3 type.registry] 
New type domain.Driver

[2025-03-02 20:09:00 #4 type] 
Type domain.Rider is not enhanced.

[2025-03-02 20:09:00 #5 type.registry] 
New type domain.ReservationRequest

[2025-03-02 20:09:00 #6 type] 
Type domain.Driver is not enhanced.

[2025-03-02 20:09:00 #7 type.registry] 
New type domain.Ride

[2025-03-02 20:09:00 #8 type] 
Type domain.ReservationRequest is not enhanced.

[2025-03-02 20:09:00 #9 type] 
Type domain.Ride is not enhanced.

[2025-03-02 20:09:00 #10 type.registry] 
New type java.util.Vector<java.lang.Object>

[2025-03-02 20:09:00 #11 type.registry] 
New type java.util.Vector<domain.Ride>

------------------------------------------------------------------------------------------------------------------------

[2025-03-02 20:11:32 #1 store] 
Database 'Z:\02_Universidad\2º Curso\2º Cuatrimestre\Ingeniería del Software\Iteracion01\Iteracion-1-IS1\src\main\resources\rides.temp' is opened by 7920@CASA

[2025-03-02 20:11:32 #2 type.registry] 
New type domain.Rider

[2025-03-02 20:11:32 #3 type.registry] 
New type domain.Driver

[2025-03-02 20:11:32 #4 type] 
Type domain.Rider is not enhanced.

[2025-03-02 20:11:32 #5 type.registry] 
New type domain.ReservationRequest

[2025-03-02 20:11:32 #6 type] 
Type domain.Driver is not enhanced.

[2025-03-02 20:11:32 #7 type.registry] 
New type domain.Ride

[2025-03-02 20:11:32 #8 type] 
Type domain.ReservationRequest is not enhanced.

[2025-03-02 20:11:32 #9 type] 
Type domain.Ride is not enhanced.

[2025-03-02 20:11:32 #10 type.registry] 
New type java.util.Vector<java.lang.Object>

[2025-03-02 20:11:32 #11 type.registry] 
New type java.util.Vector<domain.Ride>

------------------------------------------------------------------------------------------------------------------------

[2025-03-02 20:12:44 #1 store] 
Database 'Z:\02_Universidad\2º Curso\2º Cuatrimestre\Ingeniería del Software\Iteracion01\Iteracion-1-IS1\src\main\resources\rides.temp' is opened by 27256@CASA

[2025-03-02 20:12:44 #2 type.registry] 
New type domain.Rider

[2025-03-02 20:12:44 #3 type.registry] 
New type domain.Driver

[2025-03-02 20:12:44 #4 type] 
Type domain.Rider is not enhanced.

[2025-03-02 20:12:44 #5 type.registry] 
New type domain.ReservationRequest

[2025-03-02 20:12:44 #6 type] 
Type domain.Driver is not enhanced.

[2025-03-02 20:12:44 #7 type.registry] 
New type domain.Ride

[2025-03-02 20:12:44 #8 type] 
Type domain.ReservationRequest is not enhanced.

[2025-03-02 20:12:44 #9 type] 
Type domain.Ride is not enhanced.

[2025-03-02 20:12:44 #10 type.registry] 
New type java.util.Vector<java.lang.Object>

[2025-03-02 20:12:44 #11 type.registry] 
New type java.util.Vector<domain.Ride>

------------------------------------------------------------------------------------------------------------------------

[2025-03-02 20:15:36 #1 store] 
Database 'Z:\02_Universidad\2º Curso\2º Cuatrimestre\Ingeniería del Software\Iteracion01\Iteracion-1-IS1\src\main\resources\rides.temp' is opened by 4848@CASA

[2025-03-02 20:15:36 #2 type.registry] 
New type domain.Rider

[2025-03-02 20:15:36 #3 type.registry] 
New type domain.Driver

[2025-03-02 20:15:36 #4 type] 
Type domain.Rider is not enhanced.

[2025-03-02 20:15:36 #5 type.registry] 
New type domain.ReservationRequest

[2025-03-02 20:15:36 #6 type] 
Type domain.Driver is not enhanced.

[2025-03-02 20:15:36 #7 type.registry] 
New type domain.Ride

[2025-03-02 20:15:36 #8 type] 
Type domain.ReservationRequest is not enhanced.

[2025-03-02 20:15:36 #9 type] 
Type domain.Ride is not enhanced.

[2025-03-02 20:15:36 #10 type.registry] 
New type java.util.Vector<java.lang.Object>

[2025-03-02 20:15:36 #11 type.registry] 
New type java.util.Vector<domain.Ride>

------------------------------------------------------------------------------------------------------------------------

[2025-03-02 20:18:54 #1 store] 
Database 'Z:\02_Universidad\2º Curso\2º Cuatrimestre\Ingeniería del Software\Iteracion01\Iteracion-1-IS1\src\main\resources\rides.temp' is opened by 27540@CASA

[2025-03-02 20:18:54 #2 type.registry] 
New type domain.Rider

[2025-03-02 20:18:54 #3 type.registry] 
New type domain.Driver

[2025-03-02 20:18:54 #4 type] 
Type domain.Rider is not enhanced.

[2025-03-02 20:18:54 #5 type.registry] 
New type domain.ReservationRequest

[2025-03-02 20:18:54 #6 type] 
Type domain.Driver is not enhanced.

[2025-03-02 20:18:54 #7 type.registry] 
New type domain.Ride

[2025-03-02 20:18:54 #8 type] 
Type domain.ReservationRequest is not enhanced.

[2025-03-02 20:18:54 #9 type] 
Type domain.Ride is not enhanced.

[2025-03-02 20:18:54 #10 type.registry] 
New type java.util.Vector<java.lang.Object>

[2025-03-02 20:18:54 #11 type.registry] 
New type java.util.Vector<domain.Ride>

------------------------------------------------------------------------------------------------------------------------

[2025-03-02 20:20:02 #1 store] 
Database 'Z:\02_Universidad\2º Curso\2º Cuatrimestre\Ingeniería del Software\Iteracion01\Iteracion-1-IS1\src\main\resources\rides.temp' is opened by 12192@CASA

[2025-03-02 20:20:02 #2 type.registry] 
New type domain.Rider

[2025-03-02 20:20:02 #3 type.registry] 
New type domain.Driver

[2025-03-02 20:20:02 #4 type] 
Type domain.Rider is not enhanced.

[2025-03-02 20:20:02 #5 type.registry] 
New type domain.ReservationRequest

[2025-03-02 20:20:02 #6 type] 
Type domain.Driver is not enhanced.

[2025-03-02 20:20:02 #7 type.registry] 
New type domain.Ride

[2025-03-02 20:20:02 #8 type] 
Type domain.ReservationRequest is not enhanced.

[2025-03-02 20:20:02 #9 type] 
Type domain.Ride is not enhanced.

[2025-03-02 20:20:02 #10 type.registry] 
New type java.util.Vector<java.lang.Object>

[2025-03-02 20:20:02 #11 type.registry] 
New type java.util.Vector<domain.Ride>

------------------------------------------------------------------------------------------------------------------------

[2025-03-02 20:21:43 #1 store] 
Database 'Z:\02_Universidad\2º Curso\2º Cuatrimestre\Ingeniería del Software\Iteracion01\Iteracion-1-IS1\src\main\resources\rides.temp' is opened by 29824@CASA

[2025-03-02 20:21:43 #2 type.registry] 
New type domain.Rider

[2025-03-02 20:21:43 #3 type.registry] 
New type domain.Driver

[2025-03-02 20:21:43 #4 type] 
Type domain.Rider is not enhanced.

[2025-03-02 20:21:43 #5 type.registry] 
New type domain.ReservationRequest

[2025-03-02 20:21:43 #6 type] 
Type domain.Driver is not enhanced.

[2025-03-02 20:21:43 #7 type.registry] 
New type domain.Ride

[2025-03-02 20:21:43 #8 type] 
Type domain.ReservationRequest is not enhanced.

[2025-03-02 20:21:43 #9 type] 
Type domain.Ride is not enhanced.

[2025-03-02 20:21:43 #10 type.registry] 
New type java.util.Vector<java.lang.Object>

[2025-03-02 20:21:43 #11 type.registry] 
New type java.util.Vector<domain.Ride>

------------------------------------------------------------------------------------------------------------------------

[2025-03-02 20:25:39 #1 store] 
Database 'Z:\02_Universidad\2º Curso\2º Cuatrimestre\Ingeniería del Software\Iteracion01\Iteracion-1-IS1\src\main\resources\rides.temp' is opened by 196@CASA

[2025-03-02 20:25:39 #2 type.registry] 
New type domain.Rider

[2025-03-02 20:25:39 #3 type.registry] 
New type domain.Driver

[2025-03-02 20:25:39 #4 type] 
Type domain.Rider is not enhanced.

[2025-03-02 20:25:39 #5 type.registry] 
New type domain.ReservationRequest

[2025-03-02 20:25:39 #6 type] 
Type domain.Driver is not enhanced.

[2025-03-02 20:25:39 #7 type.registry] 
New type domain.Ride

[2025-03-02 20:25:39 #8 type] 
Type domain.ReservationRequest is not enhanced.

[2025-03-02 20:25:39 #9 type] 
Type domain.Ride is not enhanced.

[2025-03-02 20:25:39 #10 type.registry] 
New type java.util.Vector<java.lang.Object>

[2025-03-02 20:25:39 #11 type.registry] 
New type java.util.Vector<domain.Ride>

------------------------------------------------------------------------------------------------------------------------

[2025-03-02 20:28:22 #1 store] 
Database 'Z:\02_Universidad\2º Curso\2º Cuatrimestre\Ingeniería del Software\Iteracion01\Iteracion-1-IS1\src\main\resources\rides.temp' is opened by 13972@CASA

[2025-03-02 20:28:22 #2 type.registry] 
New type domain.Rider

[2025-03-02 20:28:22 #3 type.registry] 
New type domain.Driver

[2025-03-02 20:28:22 #4 type] 
Type domain.Rider is not enhanced.

[2025-03-02 20:28:22 #5 type.registry] 
New type domain.ReservationRequest

[2025-03-02 20:28:22 #6 type] 
Type domain.Driver is not enhanced.

[2025-03-02 20:28:22 #7 type.registry] 
New type domain.Ride

[2025-03-02 20:28:22 #8 type] 
Type domain.ReservationRequest is not enhanced.

[2025-03-02 20:28:22 #9 type] 
Type domain.Ride is not enhanced.

[2025-03-02 20:28:22 #10 type.registry] 
New type java.util.Vector<java.lang.Object>

[2025-03-02 20:28:22 #11 type.registry] 
New type java.util.Vector<domain.Ride>

------------------------------------------------------------------------------------------------------------------------

[2025-03-02 20:29:16 #1 store] 
Database 'Z:\02_Universidad\2º Curso\2º Cuatrimestre\Ingeniería del Software\Iteracion01\Iteracion-1-IS1\src\main\resources\rides.temp' is opened by 26708@CASA

[2025-03-02 20:29:16 #2 type.registry] 
New type domain.Rider

[2025-03-02 20:29:16 #3 type.registry] 
New type domain.Driver

[2025-03-02 20:29:16 #4 type] 
Type domain.Rider is not enhanced.

[2025-03-02 20:29:16 #5 type.registry] 
New type domain.ReservationRequest

[2025-03-02 20:29:16 #6 type] 
Type domain.Driver is not enhanced.

[2025-03-02 20:29:16 #7 type.registry] 
New type domain.Ride

[2025-03-02 20:29:16 #8 type] 
Type domain.ReservationRequest is not enhanced.

[2025-03-02 20:29:16 #9 type] 
Type domain.Ride is not enhanced.

[2025-03-02 20:29:16 #10 type.registry] 
New type java.util.Vector<java.lang.Object>

[2025-03-02 20:29:16 #11 type.registry] 
New type java.util.Vector<domain.Ride>

------------------------------------------------------------------------------------------------------------------------

[2025-03-02 20:31:30 #1 store] 
Database 'Z:\02_Universidad\2º Curso\2º Cuatrimestre\Ingeniería del Software\Iteracion01\Iteracion-1-IS1\src\main\resources\rides.temp' is opened by 4160@CASA

[2025-03-02 20:31:30 #2 type.registry] 
New type domain.Rider

[2025-03-02 20:31:30 #3 type.registry] 
New type domain.Driver

[2025-03-02 20:31:30 #4 type] 
Type domain.Rider is not enhanced.

[2025-03-02 20:31:30 #5 type.registry] 
New type domain.ReservationRequest

[2025-03-02 20:31:30 #6 type] 
Type domain.Driver is not enhanced.

[2025-03-02 20:31:30 #7 type.registry] 
New type domain.Ride

[2025-03-02 20:31:30 #8 type] 
Type domain.ReservationRequest is not enhanced.

[2025-03-02 20:31:30 #9 type] 
Type domain.Ride is not enhanced.

[2025-03-02 20:31:30 #10 type.registry] 
New type java.util.Vector<java.lang.Object>

[2025-03-02 20:31:30 #11 type.registry] 
New type java.util.Vector<domain.Ride>

------------------------------------------------------------------------------------------------------------------------

[2025-03-02 20:37:00 #1 store] 
Database 'Z:\02_Universidad\2º Curso\2º Cuatrimestre\Ingeniería del Software\Iteracion01\Iteracion-1-IS1\src\main\resources\rides.temp' is opened by 21420@CASA

[2025-03-02 20:37:00 #2 type.registry] 
New type domain.Rider

[2025-03-02 20:37:00 #3 type.registry] 
New type domain.Driver

[2025-03-02 20:37:00 #4 type] 
Type domain.Rider is not enhanced.

[2025-03-02 20:37:00 #5 type.registry] 
New type domain.ReservationRequest

[2025-03-02 20:37:00 #6 type] 
Type domain.Driver is not enhanced.

[2025-03-02 20:37:00 #7 type.registry] 
New type domain.Ride

[2025-03-02 20:37:00 #8 type] 
Type domain.ReservationRequest is not enhanced.

[2025-03-02 20:37:00 #9 type] 
Type domain.Ride is not enhanced.

[2025-03-02 20:37:00 #10 type.registry] 
New type java.util.Vector<java.lang.Object>

[2025-03-02 20:37:00 #11 type.registry] 
New type java.util.Vector<domain.Ride>

------------------------------------------------------------------------------------------------------------------------

[2025-03-02 20:39:25 #1 store] 
Database 'Z:\02_Universidad\2º Curso\2º Cuatrimestre\Ingeniería del Software\Iteracion01\Iteracion-1-IS1\src\main\resources\rides.temp' is opened by 28412@CASA

[2025-03-02 20:39:25 #2 type.registry] 
New type domain.Rider

[2025-03-02 20:39:25 #3 type.registry] 
New type domain.Driver

[2025-03-02 20:39:25 #4 type] 
Type domain.Rider is not enhanced.

[2025-03-02 20:39:25 #5 type.registry] 
New type domain.ReservationRequest

[2025-03-02 20:39:25 #6 type] 
Type domain.Driver is not enhanced.

[2025-03-02 20:39:25 #7 type.registry] 
New type domain.Ride

[2025-03-02 20:39:25 #8 type] 
Type domain.ReservationRequest is not enhanced.

[2025-03-02 20:39:25 #9 type] 
Type domain.Ride is not enhanced.

[2025-03-02 20:39:25 #10 type.registry] 
New type java.util.Vector<java.lang.Object>

[2025-03-02 20:39:25 #11 type.registry] 
New type java.util.Vector<domain.Ride>

------------------------------------------------------------------------------------------------------------------------

[2025-03-02 22:18:26 #1 store] 
Database 'Z:\02_Universidad\2º Curso\2º Cuatrimestre\Ingeniería del Software\Iteracion01\Iteracion-1-IS1\src\main\resources\rides.temp' has been recovered (tr. 1-7)

[2025-03-02 22:18:26 #2 store] 
Database 'Z:\02_Universidad\2º Curso\2º Cuatrimestre\Ingeniería del Software\Iteracion01\Iteracion-1-IS1\src\main\resources\rides.temp' is opened by 29252@CASA

[2025-03-02 22:18:26 #3 type] 
Type domain.Rider is not enhanced.

[2025-03-02 22:18:26 #4 type] 
Type domain.Driver is not enhanced.

[2025-03-02 22:18:26 #5 type] 
Type domain.ReservationRequest is not enhanced.

[2025-03-02 22:18:26 #6 type] 
Type domain.Ride is not enhanced.

------------------------------------------------------------------------------------------------------------------------

[2025-03-02 22:21:11 #1 store] 
Database 'Z:\02_Universidad\2º Curso\2º Cuatrimestre\Ingeniería del Software\Iteracion01\Iteracion-1-IS1\src\main\resources\rides.temp' is opened by 3568@CASA

[2025-03-02 22:21:11 #2 type] 
Type domain.Rider is not enhanced.

[2025-03-02 22:21:11 #3 type] 
Type domain.Driver is not enhanced.

[2025-03-02 22:21:11 #4 type] 
Type domain.ReservationRequest is not enhanced.

[2025-03-02 22:21:11 #5 type] 
Type domain.Ride is not enhanced.

------------------------------------------------------------------------------------------------------------------------

[2025-03-02 22:23:48 #1 store] 
Database 'Z:\02_Universidad\2º Curso\2º Cuatrimestre\Ingeniería del Software\Iteracion01\Iteracion-1-IS1\src\main\resources\rides.temp' is opened by 22028@CASA

[2025-03-02 22:23:48 #2 type] 
Type domain.Rider is not enhanced.

[2025-03-02 22:23:48 #3 type] 
Type domain.Driver is not enhanced.

[2025-03-02 22:23:48 #4 type] 
Type domain.ReservationRequest is not enhanced.

[2025-03-02 22:23:48 #5 type] 
Type domain.Ride is not enhanced.

------------------------------------------------------------------------------------------------------------------------

[2025-03-02 22:24:04 #1 store] 
Database 'Z:\02_Universidad\2º Curso\2º Cuatrimestre\Ingeniería del Software\Iteracion01\Iteracion-1-IS1\src\main\resources\rides.temp' is opened by 2180@CASA

[2025-03-02 22:24:05 #2 type] 
Type domain.Rider is not enhanced.

[2025-03-02 22:24:05 #3 type] 
Type domain.Driver is not enhanced.

[2025-03-02 22:24:05 #4 type] 
Type domain.ReservationRequest is not enhanced.

[2025-03-02 22:24:05 #5 type] 
Type domain.Ride is not enhanced.

------------------------------------------------------------------------------------------------------------------------

[2025-03-02 22:26:33 #1 store] 
Database 'Z:\02_Universidad\2º Curso\2º Cuatrimestre\Ingeniería del Software\Iteracion01\Iteracion-1-IS1\src\main\resources\rides.temp' is opened by 16792@CASA

[2025-03-02 22:26:33 #2 type] 
Type domain.Rider is not enhanced.

[2025-03-02 22:26:33 #3 type] 
Type domain.Driver is not enhanced.

[2025-03-02 22:26:33 #4 type] 
Type domain.ReservationRequest is not enhanced.

[2025-03-02 22:26:33 #5 type] 
Type domain.Ride is not enhanced.

------------------------------------------------------------------------------------------------------------------------

[2025-03-02 22:26:35 #1 store] 
Database 'Z:\02_Universidad\2º Curso\2º Cuatrimestre\Ingeniería del Software\Iteracion01\Iteracion-1-IS1\src\main\resources\rides.temp' is opened by 12516@CASA

[2025-03-02 22:26:35 #2 type] 
Type domain.Rider is not enhanced.

[2025-03-02 22:26:35 #3 type] 
Type domain.Driver is not enhanced.

[2025-03-02 22:26:35 #4 type] 
Type domain.ReservationRequest is not enhanced.

[2025-03-02 22:26:35 #5 type] 
Type domain.Ride is not enhanced.

------------------------------------------------------------------------------------------------------------------------

[2025-03-02 22:27:32 #1 store] 
Database 'Z:\02_Universidad\2º Curso\2º Cuatrimestre\Ingeniería del Software\Iteracion01\Iteracion-1-IS1\src\main\resources\rides.temp' is opened by 27256@CASA

[2025-03-02 22:27:33 #2 type] 
Type domain.Rider is not enhanced.

[2025-03-02 22:27:33 #3 type] 
Type domain.Driver is not enhanced.

[2025-03-02 22:27:33 #4 type] 
Type domain.ReservationRequest is not enhanced.

[2025-03-02 22:27:33 #5 type] 
Type domain.Ride is not enhanced.

------------------------------------------------------------------------------------------------------------------------

[2025-03-02 22:27:51 #1 store] 
Database 'Z:\02_Universidad\2º Curso\2º Cuatrimestre\Ingeniería del Software\Iteracion01\Iteracion-1-IS1\src\main\resources\rides.temp' has been recovered (tr. 8-8)

[2025-03-02 22:27:51 #2 store] 
Database 'Z:\02_Universidad\2º Curso\2º Cuatrimestre\Ingeniería del Software\Iteracion01\Iteracion-1-IS1\src\main\resources\rides.temp' is opened by 30608@CASA

[2025-03-02 22:27:51 #3 type] 
Type domain.Rider is not enhanced.

[2025-03-02 22:27:51 #4 type] 
Type domain.Driver is not enhanced.

[2025-03-02 22:27:51 #5 type] 
Type domain.ReservationRequest is not enhanced.

[2025-03-02 22:27:51 #6 type] 
Type domain.Ride is not enhanced.

------------------------------------------------------------------------------------------------------------------------

[2025-03-02 22:27:57 #1 store] 
Database 'Z:\02_Universidad\2º Curso\2º Cuatrimestre\Ingeniería del Software\Iteracion01\Iteracion-1-IS1\src\main\resources\rides.temp' has been recovered (tr. 9-9)

[2025-03-02 22:27:57 #2 store] 
Database 'Z:\02_Universidad\2º Curso\2º Cuatrimestre\Ingeniería del Software\Iteracion01\Iteracion-1-IS1\src\main\resources\rides.temp' is opened by 29616@CASA

[2025-03-02 22:27:57 #3 type] 
Type domain.Rider is not enhanced.

[2025-03-02 22:27:57 #4 type] 
Type domain.Driver is not enhanced.

[2025-03-02 22:27:57 #5 type] 
Type domain.ReservationRequest is not enhanced.

[2025-03-02 22:27:57 #6 type] 
Type domain.Ride is not enhanced.

------------------------------------------------------------------------------------------------------------------------

[2025-03-02 22:30:19 #1 store] 
Database 'Z:\02_Universidad\2º Curso\2º Cuatrimestre\Ingeniería del Software\Iteracion01\Iteracion-1-IS1\src\main\resources\rides.temp' is opened by 7804@CASA

[2025-03-02 22:30:19 #2 type] 
Type domain.Rider is not enhanced.

[2025-03-02 22:30:19 #3 type] 
Type domain.Driver is not enhanced.

[2025-03-02 22:30:19 #4 type] 
Type domain.ReservationRequest is not enhanced.

[2025-03-02 22:30:19 #5 type] 
Type domain.Ride is not enhanced.

------------------------------------------------------------------------------------------------------------------------

[2025-03-02 22:30:30 #1 store] 
Database 'Z:\02_Universidad\2º Curso\2º Cuatrimestre\Ingeniería del Software\Iteracion01\Iteracion-1-IS1\src\main\resources\rides.temp' is opened by 16416@CASA

[2025-03-02 22:30:30 #2 type] 
Type domain.Rider is not enhanced.

[2025-03-02 22:30:30 #3 type] 
Type domain.Driver is not enhanced.

[2025-03-02 22:30:30 #4 type] 
Type domain.ReservationRequest is not enhanced.

[2025-03-02 22:30:30 #5 type] 
Type domain.Ride is not enhanced.

------------------------------------------------------------------------------------------------------------------------

[2025-03-02 22:30:38 #1 store] 
Database 'Z:\02_Universidad\2º Curso\2º Cuatrimestre\Ingeniería del Software\Iteracion01\Iteracion-1-IS1\src\main\resources\rides.temp' is opened by 26716@CASA

[2025-03-02 22:30:38 #2 type] 
Type domain.Rider is not enhanced.

[2025-03-02 22:30:39 #3 type] 
Type domain.Driver is not enhanced.

[2025-03-02 22:30:39 #4 type] 
Type domain.ReservationRequest is not enhanced.

[2025-03-02 22:30:39 #5 type] 
Type domain.Ride is not enhanced.

------------------------------------------------------------------------------------------------------------------------

[2025-03-02 22:31:09 #1 store] 
Database 'Z:\02_Universidad\2º Curso\2º Cuatrimestre\Ingeniería del Software\Iteracion01\Iteracion-1-IS1\src\main\resources\rides.temp' is opened by 5708@CASA

[2025-03-02 22:31:09 #2 type] 
Type domain.Rider is not enhanced.

[2025-03-02 22:31:09 #3 type] 
Type domain.Driver is not enhanced.

[2025-03-02 22:31:09 #4 type] 
Type domain.ReservationRequest is not enhanced.

[2025-03-02 22:31:09 #5 type] 
Type domain.Ride is not enhanced.

------------------------------------------------------------------------------------------------------------------------

[2025-03-02 22:34:24 #1 store] 
Database 'Z:\02_Universidad\2º Curso\2º Cuatrimestre\Ingeniería del Software\Iteracion01\Iteracion-1-IS1\src\main\resources\rides.temp' is opened by 12856@CASA

[2025-03-02 22:34:24 #2 type] 
Type domain.Rider is not enhanced.

[2025-03-02 22:34:24 #3 type] 
Type domain.Driver is not enhanced.

[2025-03-02 22:34:24 #4 type] 
Type domain.ReservationRequest is not enhanced.

[2025-03-02 22:34:24 #5 type] 
Type domain.Ride is not enhanced.

------------------------------------------------------------------------------------------------------------------------

[2025-03-02 22:34:42 #1 store] 
Database 'Z:\02_Universidad\2º Curso\2º Cuatrimestre\Ingeniería del Software\Iteracion01\Iteracion-1-IS1\src\main\resources\rides.temp' is opened by 17448@CASA

[2025-03-02 22:34:43 #2 type] 
Type domain.Rider is not enhanced.

[2025-03-02 22:34:43 #3 type] 
Type domain.Driver is not enhanced.

[2025-03-02 22:34:43 #4 type] 
Type domain.ReservationRequest is not enhanced.

[2025-03-02 22:34:43 #5 type] 
Type domain.Ride is not enhanced.

------------------------------------------------------------------------------------------------------------------------

[2025-03-02 22:35:51 #1 store] 
Database 'Z:\02_Universidad\2º Curso\2º Cuatrimestre\Ingeniería del Software\Iteracion01\Iteracion-1-IS1\src\main\resources\rides.temp' is opened by 4384@CASA

[2025-03-02 22:35:51 #2 type] 
Type domain.Rider is not enhanced.

[2025-03-02 22:35:51 #3 type] 
Type domain.Driver is not enhanced.

[2025-03-02 22:35:51 #4 type] 
Type domain.ReservationRequest is not enhanced.

[2025-03-02 22:35:51 #5 type] 
Type domain.Ride is not enhanced.

------------------------------------------------------------------------------------------------------------------------

[2025-03-02 22:42:25 #1 store] 
Database 'Z:\02_Universidad\2º Curso\2º Cuatrimestre\Ingeniería del Software\Iteracion01\Iteracion-1-IS1\src\main\resources\rides.temp' is opened by 9608@CASA

[2025-03-02 22:42:25 #2 type] 
Type domain.Rider is not enhanced.

[2025-03-02 22:42:25 #3 type] 
Type domain.Driver is not enhanced.

[2025-03-02 22:42:25 #4 type] 
Type domain.ReservationRequest is not enhanced.

[2025-03-02 22:42:25 #5 type] 
Type domain.Ride is not enhanced.

------------------------------------------------------------------------------------------------------------------------

[2025-03-02 22:46:28 #1 store] 
Database 'Z:\02_Universidad\2º Curso\2º Cuatrimestre\Ingeniería del Software\Iteracion01\Iteracion-1-IS1\src\main\resources\rides.temp' is opened by 29896@CASA

[2025-03-02 22:46:28 #2 type] 
Type domain.Rider is not enhanced.

[2025-03-02 22:46:28 #3 type] 
Type domain.Driver is not enhanced.

[2025-03-02 22:46:28 #4 type] 
Type domain.ReservationRequest is not enhanced.

[2025-03-02 22:46:28 #5 type] 
Type domain.Ride is not enhanced.

------------------------------------------------------------------------------------------------------------------------

[2025-03-02 22:48:17 #1 store] 
Database 'Z:\02_Universidad\2º Curso\2º Cuatrimestre\Ingeniería del Software\Iteracion01\Iteracion-1-IS1\src\main\resources\rides.temp' is opened by 27712@CASA

[2025-03-02 22:48:17 #2 type] 
Type domain.Rider is not enhanced.

[2025-03-02 22:48:17 #3 type] 
Type domain.Driver is not enhanced.

[2025-03-02 22:48:17 #4 type] 
Type domain.ReservationRequest is not enhanced.

[2025-03-02 22:48:17 #5 type] 
Type domain.Ride is not enhanced.

------------------------------------------------------------------------------------------------------------------------

[2025-03-02 22:54:16 #1 store] 
Database 'Z:\02_Universidad\2º Curso\2º Cuatrimestre\Ingeniería del Software\Iteracion01\Iteracion-1-IS1\src\main\resources\rides.temp' is opened by 7956@CASA

[2025-03-02 22:54:16 #2 type] 
Type domain.Rider is not enhanced.

[2025-03-02 22:54:16 #3 type] 
Type domain.Driver is not enhanced.

[2025-03-02 22:54:16 #4 type] 
Type domain.ReservationRequest is not enhanced.

[2025-03-02 22:54:16 #5 type] 
Type domain.Ride is not enhanced.

------------------------------------------------------------------------------------------------------------------------

[2025-03-02 22:56:32 #1 store] 
Database 'Z:\02_Universidad\2º Curso\2º Cuatrimestre\Ingeniería del Software\Iteracion01\Iteracion-1-IS1\src\main\resources\rides.temp' is opened by 10468@CASA

[2025-03-02 22:56:32 #2 type] 
Type domain.Rider is not enhanced.

[2025-03-02 22:56:32 #3 type] 
Type domain.Driver is not enhanced.

[2025-03-02 22:56:32 #4 type] 
Type domain.ReservationRequest is not enhanced.

[2025-03-02 22:56:32 #5 type] 
Type domain.Ride is not enhanced.

------------------------------------------------------------------------------------------------------------------------

[2025-03-02 22:57:55 #1 store] 
Database 'Z:\02_Universidad\2º Curso\2º Cuatrimestre\Ingeniería del Software\Iteracion01\Iteracion-1-IS1\src\main\resources\rides.temp' is opened by 30588@CASA

[2025-03-02 22:57:55 #2 type] 
Type domain.Rider is not enhanced.

[2025-03-02 22:57:55 #3 type] 
Type domain.Driver is not enhanced.

[2025-03-02 22:57:55 #4 type] 
Type domain.ReservationRequest is not enhanced.

[2025-03-02 22:57:56 #5 type] 
Type domain.Ride is not enhanced.

------------------------------------------------------------------------------------------------------------------------

[2025-03-02 22:59:08 #1 store] 
Database 'Z:\02_Universidad\2º Curso\2º Cuatrimestre\Ingeniería del Software\Iteracion01\Iteracion-1-IS1\src\main\resources\rides.temp' is opened by 25496@CASA

[2025-03-02 22:59:08 #2 type] 
Type domain.Rider is not enhanced.

[2025-03-02 22:59:08 #3 type] 
Type domain.Driver is not enhanced.

[2025-03-02 22:59:08 #4 type] 
Type domain.ReservationRequest is not enhanced.

[2025-03-02 22:59:08 #5 type] 
Type domain.Ride is not enhanced.

------------------------------------------------------------------------------------------------------------------------

[2025-03-02 23:08:43 #1 store] 
Database 'Z:\02_Universidad\2º Curso\2º Cuatrimestre\Ingeniería del Software\Iteracion01\Iteracion-1-IS1\src\main\resources\rides.temp' is opened by 30200@CASA

[2025-03-02 23:08:43 #2 type] 
Type domain.Rider is not enhanced.

[2025-03-02 23:08:43 #3 type] 
Type domain.Driver is not enhanced.

[2025-03-02 23:08:43 #4 type] 
Type domain.ReservationRequest is not enhanced.

[2025-03-02 23:08:43 #5 type] 
Type domain.Ride is not enhanced.

------------------------------------------------------------------------------------------------------------------------

[2025-03-02 23:08:58 #1 store] 
Database 'Z:\02_Universidad\2º Curso\2º Cuatrimestre\Ingeniería del Software\Iteracion01\Iteracion-1-IS1\src\main\resources\rides.temp' is opened by 24664@CASA

[2025-03-02 23:08:58 #2 type] 
Type domain.Rider is not enhanced.

[2025-03-02 23:08:58 #3 type] 
Type domain.Driver is not enhanced.

[2025-03-02 23:08:58 #4 type] 
Type domain.ReservationRequest is not enhanced.

[2025-03-02 23:08:58 #5 type] 
Type domain.Ride is not enhanced.

------------------------------------------------------------------------------------------------------------------------

[2025-03-02 23:09:08 #1 store] 
Database 'Z:\02_Universidad\2º Curso\2º Cuatrimestre\Ingeniería del Software\Iteracion01\Iteracion-1-IS1\src\main\resources\rides.temp' has been recovered (tr. 10-10)

[2025-03-02 23:09:08 #2 store] 
Database 'Z:\02_Universidad\2º Curso\2º Cuatrimestre\Ingeniería del Software\Iteracion01\Iteracion-1-IS1\src\main\resources\rides.temp' is opened by 25668@CASA

[2025-03-02 23:09:08 #3 type] 
Type domain.Rider is not enhanced.

[2025-03-02 23:09:08 #4 type] 
Type domain.Driver is not enhanced.

[2025-03-02 23:09:08 #5 type] 
Type domain.ReservationRequest is not enhanced.

[2025-03-02 23:09:08 #6 type] 
Type domain.Ride is not enhanced.

------------------------------------------------------------------------------------------------------------------------

[2025-03-02 23:09:17 #1 store] 
Database 'Z:\02_Universidad\2º Curso\2º Cuatrimestre\Ingeniería del Software\Iteracion01\Iteracion-1-IS1\src\main\resources\rides.temp' is opened by 27688@CASA

[2025-03-02 23:09:18 #2 type] 
Type domain.Rider is not enhanced.

[2025-03-02 23:09:18 #3 type] 
Type domain.Driver is not enhanced.

[2025-03-02 23:09:18 #4 type] 
Type domain.ReservationRequest is not enhanced.

[2025-03-02 23:09:18 #5 type] 
Type domain.Ride is not enhanced.

------------------------------------------------------------------------------------------------------------------------

[2025-03-02 23:12:11 #1 store] 
Database 'Z:\02_Universidad\2º Curso\2º Cuatrimestre\Ingeniería del Software\Iteracion01\Iteracion-1-IS1\src\main\resources\rides.temp' has been recovered (tr. 11-11)

[2025-03-02 23:12:11 #2 store] 
Database 'Z:\02_Universidad\2º Curso\2º Cuatrimestre\Ingeniería del Software\Iteracion01\Iteracion-1-IS1\src\main\resources\rides.temp' is opened by 26912@CASA

[2025-03-02 23:12:11 #3 type] 
Type domain.Rider is not enhanced.

[2025-03-02 23:12:11 #4 type] 
Type domain.Driver is not enhanced.

[2025-03-02 23:12:11 #5 type] 
Type domain.ReservationRequest is not enhanced.

[2025-03-02 23:12:11 #6 type] 
Type domain.Ride is not enhanced.

------------------------------------------------------------------------------------------------------------------------

[2025-03-02 23:12:29 #1 store] 
Database 'Z:\02_Universidad\2º Curso\2º Cuatrimestre\Ingeniería del Software\Iteracion01\Iteracion-1-IS1\src\main\resources\rides.temp' is opened by 26880@CASA

[2025-03-02 23:12:29 #2 type] 
Type domain.Rider is not enhanced.

[2025-03-02 23:12:29 #3 type] 
Type domain.Driver is not enhanced.

[2025-03-02 23:12:29 #4 type] 
Type domain.ReservationRequest is not enhanced.

[2025-03-02 23:12:29 #5 type] 
Type domain.Ride is not enhanced.

------------------------------------------------------------------------------------------------------------------------

[2025-03-02 23:12:40 #1 store] 
Database 'Z:\02_Universidad\2º Curso\2º Cuatrimestre\Ingeniería del Software\Iteracion01\Iteracion-1-IS1\src\main\resources\rides.temp' is opened by 30040@CASA

[2025-03-02 23:12:40 #2 type] 
Type domain.Rider is not enhanced.

[2025-03-02 23:12:40 #3 type] 
Type domain.Driver is not enhanced.

[2025-03-02 23:12:40 #4 type] 
Type domain.ReservationRequest is not enhanced.

[2025-03-02 23:12:40 #5 type] 
Type domain.Ride is not enhanced.

------------------------------------------------------------------------------------------------------------------------

[2025-03-02 23:12:54 #1 store] 
Database 'Z:\02_Universidad\2º Curso\2º Cuatrimestre\Ingeniería del Software\Iteracion01\Iteracion-1-IS1\src\main\resources\rides.temp' is opened by 30176@CASA

[2025-03-02 23:12:54 #2 type] 
Type domain.Rider is not enhanced.

[2025-03-02 23:12:54 #3 type] 
Type domain.Driver is not enhanced.

[2025-03-02 23:12:55 #4 type] 
Type domain.ReservationRequest is not enhanced.

[2025-03-02 23:12:55 #5 type] 
Type domain.Ride is not enhanced.

------------------------------------------------------------------------------------------------------------------------

[2025-03-02 23:15:35 #1 store] 
Database 'Z:\02_Universidad\2º Curso\2º Cuatrimestre\Ingeniería del Software\Iteracion01\Iteracion-1-IS1\src\main\resources\rides.temp' has been recovered (tr. 12-12)

[2025-03-02 23:15:36 #2 store] 
Database 'Z:\02_Universidad\2º Curso\2º Cuatrimestre\Ingeniería del Software\Iteracion01\Iteracion-1-IS1\src\main\resources\rides.temp' is opened by 27044@CASA

[2025-03-02 23:15:36 #3 type] 
Type domain.Rider is not enhanced.

[2025-03-02 23:15:36 #4 type] 
Type domain.Driver is not enhanced.

[2025-03-02 23:15:36 #5 type] 
Type domain.ReservationRequest is not enhanced.

[2025-03-02 23:15:36 #6 type] 
Type domain.Ride is not enhanced.

------------------------------------------------------------------------------------------------------------------------

[2025-03-02 23:18:18 #1 store] 
Database 'Z:\02_Universidad\2º Curso\2º Cuatrimestre\Ingeniería del Software\Iteracion01\Iteracion-1-IS1\src\main\resources\rides.temp' is opened by 2876@CASA

[2025-03-02 23:18:18 #2 type] 
Type domain.Rider is not enhanced.

[2025-03-02 23:18:18 #3 type] 
Type domain.Driver is not enhanced.

[2025-03-02 23:18:18 #4 type] 
Type domain.ReservationRequest is not enhanced.

[2025-03-02 23:18:18 #5 type] 
Type domain.Ride is not enhanced.

------------------------------------------------------------------------------------------------------------------------

[2025-03-02 23:21:32 #1 store] 
Database 'Z:\02_Universidad\2º Curso\2º Cuatrimestre\Ingeniería del Software\Iteracion01\Iteracion-1-IS1\src\main\resources\rides.temp' is opened by 30216@CASA

[2025-03-02 23:21:32 #2 type] 
Type domain.Rider is not enhanced.

[2025-03-02 23:21:32 #3 type] 
Type domain.Driver is not enhanced.

[2025-03-02 23:21:32 #4 type] 
Type domain.ReservationRequest is not enhanced.

[2025-03-02 23:21:32 #5 type] 
Type domain.Ride is not enhanced.

------------------------------------------------------------------------------------------------------------------------

[2025-03-02 23:33:12 #1 store] 
Database 'Z:\02_Universidad\2º Curso\2º Cuatrimestre\Ingeniería del Software\Iteracion01\Iteracion-1-IS1\src\main\resources\rides.temp' is opened by 28256@CASA

[2025-03-02 23:33:12 #2 type] 
Type domain.Rider is not enhanced.

[2025-03-02 23:33:12 #3 type] 
Type domain.Driver is not enhanced.

[2025-03-02 23:33:12 #4 type] 
Type domain.ReservationRequest is not enhanced.

[2025-03-02 23:33:12 #5 type] 
Type domain.Ride is not enhanced.

------------------------------------------------------------------------------------------------------------------------

[2025-03-02 23:35:10 #1 store] 
Database 'Z:\02_Universidad\2º Curso\2º Cuatrimestre\Ingeniería del Software\Iteracion01\Iteracion-1-IS1\src\main\resources\rides.temp' is opened by 27152@CASA

[2025-03-02 23:35:10 #2 type] 
Type domain.Rider is not enhanced.

[2025-03-02 23:35:10 #3 type] 
Type domain.Driver is not enhanced.

[2025-03-02 23:35:10 #4 type] 
Type domain.ReservationRequest is not enhanced.

[2025-03-02 23:35:10 #5 type] 
Type domain.Ride is not enhanced.

------------------------------------------------------------------------------------------------------------------------

[2025-03-02 23:40:32 #1 store] 
Database 'Z:\02_Universidad\2º Curso\2º Cuatrimestre\Ingeniería del Software\Iteracion01\Iteracion-1-IS1\src\main\resources\rides.temp' is opened by 8168@CASA

[2025-03-02 23:40:32 #2 type] 
Type domain.Rider is not enhanced.

[2025-03-02 23:40:32 #3 type] 
Type domain.Driver is not enhanced.

[2025-03-02 23:40:32 #4 type] 
Type domain.ReservationRequest is not enhanced.

[2025-03-02 23:40:32 #5 type] 
Type domain.Ride is not enhanced.

